******************************************************
2019-11-13 09:43:41,046 - INFO - logger - Path for logging: data/outputs/20191113084328\micro_grid_design_logfile.log
2019-11-13 09:43:41,046 - INFO - logger - Used oemof version: 0.2.2
2019-11-13 09:43:41,046 - INFO - C_sensitivity_experiments - Parameters of sensitivity analysis
2019-11-13 09:43:41,061 - INFO - C_sensitivity_experiments - Randomized blackout timeseries for all combinations of blackout duration and frequency (1 experiments) will be generated.
2019-11-13 09:43:41,249 - DEBUG - C_sensitivity_experiments - Generating header for results.csv
2019-11-13 09:43:41,280 - INFO - C_sensitivity_experiments - For 1 project sites with 1 scenarios each, 1 sensitivity_experiment_s will be performed for each case.
2019-11-13 09:43:41,296 - INFO - E_blackouts_central_grid - Blackout experiment 1: Blackout duration 2.5 hrs, blackout frequency 4 per month
2019-11-13 09:43:41,296 - INFO - E_blackouts_central_grid - Number of blackouts in simulated timeframe: 48
2019-11-13 09:43:41,311 - DEBUG - E_blackouts_central_grid - Blackouts events occur on following dates: 2019-01-03 19:00:00, 2019-01-04 05:00:00, 2019-01-04 13:00:00, 2019-02-11 19:00:00, 2019-02-14 07:00:00, 2019-02-16 19:00:00, 2019-02-18 04:00:00, 2019-02-25 02:00:00, 2019-03-01 20:00:00, 2019-03-05 16:00:00, 2019-03-26 09:00:00, 2019-03-30 23:00:00, 2019-04-03 22:00:00, 2019-04-04 19:00:00, 2019-04-05 23:00:00, 2019-04-28 07:00:00, 2019-05-08 12:00:00, 2019-05-11 17:00:00, 2019-05-31 23:00:00, 2019-06-02 01:00:00, 2019-06-05 13:00:00, 2019-06-25 20:00:00, 2019-07-01 17:00:00, 2019-07-05 07:00:00, 2019-07-15 22:00:00, 2019-07-18 11:00:00, 2019-07-19 04:00:00, 2019-07-23 03:00:00, 2019-08-18 02:00:00, 2019-08-21 09:00:00, 2019-08-22 12:00:00, 2019-09-12 23:00:00, 2019-09-13 01:00:00, 2019-09-22 17:00:00, 2019-09-23 13:00:00, 2019-10-11 06:00:00, 2019-10-11 07:00:00, 2019-10-16 10:00:00, 2019-10-23 15:00:00, 2019-10-31 03:00:00, 2019-11-02 14:00:00, 2019-11-09 18:00:00, 2019-11-13 13:00:00, 2019-11-22 15:00:00, 2019-12-05 01:00:00, 2019-12-08 01:00:00, 2019-12-10 17:00:00, 2019-12-11 13:00:00
2019-11-13 09:43:41,311 - INFO - E_blackouts_central_grid - Accumulated blackout duration: 120.0
2019-11-13 09:43:41,311 - INFO - E_blackouts_central_grid - Accumulated blackout duration (rounded to timestep): 96.0
2019-11-13 09:43:43,905 - DEBUG - E_blackouts_central_grid - A blackout event overlaps with another!
2019-11-13 09:43:44,171 - DEBUG - E_blackouts_central_grid - A blackout event overlaps with another!
2019-11-13 09:43:44,983 - INFO - E_blackouts_central_grid - Due to 2 overlapping blackouts, the total random blackout duration is not equal with the real grid availability.
2019-11-13 09:43:44,983 - INFO - E_blackouts_central_grid - Grid is not operational for 95 hours, with a reliability of 98.92 percent. 

2019-11-13 09:43:44,983 - INFO - E_blackouts_central_grid - Missing blackout timeseries added through auto-generation.
2019-11-13 09:43:45,030 - DEBUG - core - Creating PluginEnvironment 'pca'
2019-11-13 09:43:45,030 - DEBUG - core - Pushing environment 'pca' on the PluginGlobals stack
2019-11-13 09:43:45,374 - DEBUG - core - Pushing environment 'pca' on the PluginGlobals stack
2019-11-13 09:43:45,421 - DEBUG - core - Popping environment 'pca' from the PluginGlobals stack
2019-11-13 09:43:45,421 - DEBUG - core - Pushing environment 'pca' on the PluginGlobals stack
2019-11-13 09:43:51,626 - DEBUG - A_offgridders_wrapper - Using grid availability timeseries that was randomly generated.
2019-11-13 09:43:51,626 - INFO - A_offgridders_wrapper - Starting simulation, project site test_site.
2019-11-13 09:43:51,626 - DEBUG - G1_oemof_create_model - Complete case dictionary:
2019-11-13 09:43:51,626 - DEBUG - G1_oemof_create_model - {'case_name': 'hoevelaken', 'filename': 'hoevelaken', 'total_demand_ac': 365250.00000000105, 'total_demand_dc': 0.0, 'peak_demand': 59.12822150522512, 'evaluated_days': 365, 'genset_with_minimal_loading': False, 'storage_fixed_capacity': None, 'storage_fixed_power': None, 'genset_fixed_capacity': False, 'pv_fixed_capacity': False, 'pcc_consumption_fixed_capacity': False, 'pcc_feedin_fixed_capacity': False, 'wind_fixed_capacity': False, 'rectifier_ac_dc_fixed_capacity': False, 'inverter_dc_ac_fixed_capacity': False, 'allow_shortage': True, 'max_shortage': 0, 'stability_constraint': 'share_hybrid', 'renewable_share_constraint': False, 'number_of_equal_generators': 1, 'evaluation_perspective': 'AC_system', 'force_charge_from_maingrid': False, 'discharge_only_when_blackout': False, 'enable_inverter_only_at_backout': False}
2019-11-13 09:43:51,626 - DEBUG - G1_oemof_create_model - Create oemof model by adding case-specific busses and components.
2019-11-13 09:43:51,626 - DEBUG - G1_oemof_create_model - Added to oemof model: Electricity bus of energy system, AC
2019-11-13 09:43:51,626 - DEBUG - G2a_oemof_busses_and_componets - Added to oemof model: demand AC
2019-11-13 09:43:51,641 - DEBUG - G1_oemof_create_model - Added to oemof model: Fuel bus
2019-11-13 09:43:51,641 - DEBUG - G2a_oemof_busses_and_componets - Added to oemof model: source fuel
2019-11-13 09:43:51,641 - DEBUG - G2a_oemof_busses_and_componets - Added to oemof model: genset oem no minload
2019-11-13 09:43:51,641 - DEBUG - G2a_oemof_busses_and_componets - Added to oemof model: wind
2019-11-13 09:43:51,641 - DEBUG - G2a_oemof_busses_and_componets - Added to oemof model: maingrid consumption
2019-11-13 09:43:51,641 - DEBUG - G2a_oemof_busses_and_componets - Added to oemof model: maingrid feedin
2019-11-13 09:43:51,641 - DEBUG - G2a_oemof_busses_and_componets - Added to oemof model: pcc consumption oem
2019-11-13 09:43:51,641 - DEBUG - G2a_oemof_busses_and_componets - Added to oemof model: pcc feedin oem
2019-11-13 09:43:51,641 - DEBUG - G1_oemof_create_model - Added to oemof model: Electricity bus of energy system, DC
2019-11-13 09:43:51,641 - DEBUG - G2a_oemof_busses_and_componets - Added to oemof model: demand DC
2019-11-13 09:43:51,641 - DEBUG - G2a_oemof_busses_and_componets - Added to oemof model: pv oem
2019-11-13 09:43:51,641 - DEBUG - G2a_oemof_busses_and_componets - Added to oemof model: rectifier oem
2019-11-13 09:43:51,641 - DEBUG - G2a_oemof_busses_and_componets - Added to oemof model: inverter_dc_ac oem
2019-11-13 09:43:51,641 - DEBUG - G2a_oemof_busses_and_componets - Added to oemof model: excess
2019-11-13 09:43:51,641 - DEBUG - G2a_oemof_busses_and_componets - Added to oemof model: source shortage
2019-11-13 09:43:51,641 - DEBUG - G1_oemof_create_model - Create oemof model based on created components and busses.
2019-11-13 09:44:15,279 - INFO - G1_oemof_create_model - Added constraint: Stability though actual generation of diesel generators and backup through batteries.
2019-11-13 09:44:18,685 - INFO - G1_oemof_create_model - Simulating...
2019-11-13 09:45:04,279 - INFO - models - Optimization successful...
2019-11-13 09:45:04,310 - DEBUG - G1_oemof_create_model - Problem solved
2019-11-13 09:45:11,700 - DEBUG - energy_system - Attributes dumped to: data/outputs/20191113084328/oemof\hoevelaken.oemof
2019-11-13 09:45:11,700 - DEBUG - G1_oemof_create_model - Stored results in data/outputs/20191113084328/oemof/hoevelaken.oemof
2019-11-13 09:45:11,700 - DEBUG - G1_oemof_create_model - Restore the energy system and the results.
2019-11-13 09:45:11,700 - INFO - energy_system - Restoring attributes will overwrite existing attributes.
2019-11-13 09:45:11,732 - DEBUG - energy_system - Attributes restored from: data/outputs/20191113084328/oemof\hoevelaken.oemof
2019-11-13 09:45:11,732 - DEBUG - G3_oemof_evaluate - Evaluate flow: demand
2019-11-13 09:45:11,763 - DEBUG - G3_oemof_evaluate - Evaluate flow: shortage
2019-11-13 09:45:11,779 - DEBUG - G3_oemof_evaluate - Evaluate excess: 
2019-11-13 09:45:11,794 - DEBUG - G3_oemof_evaluate - Evaluate flow: fuel
2019-11-13 09:45:11,810 - DEBUG - G3_oemof_evaluate - Evaluate flow: genset
2019-11-13 09:45:11,810 - DEBUG - G3_oemof_evaluate - Evaluate flow: main grid
2019-11-13 09:45:11,825 - DEBUG - G3_oemof_evaluate - Evaluate flow: wind
2019-11-13 09:45:11,841 - DEBUG - G3_oemof_evaluate - Evaluate flow: pv
2019-11-13 09:45:11,841 - DEBUG - G3_oemof_evaluate - Evaluate flow: storage
2019-11-13 09:45:11,857 - DEBUG - G3_oemof_evaluate - Evaluate flow: rectifier
2019-11-13 09:45:11,872 - DEBUG - G3_oemof_evaluate - Evaluate flow: rectifier
2019-11-13 09:45:11,872 - DEBUG - G3_oemof_evaluate - Evaluate: res share
2019-11-13 09:45:11,872 - DEBUG - G3b_plausability_tests - Plausibility test: Charge/Discharge
2019-11-13 09:45:11,872 - DEBUG - G3b_plausability_tests - Plausibility test: Demand/Supply/Shortage
2019-11-13 09:45:12,247 - DEBUG - G3b_plausability_tests - Plausibility test: Feedin/Consumption
2019-11-13 09:45:12,247 - DEBUG - G3b_plausability_tests - Plausibility test: Grid availability consumption
2019-11-13 09:45:12,247 - DEBUG - G3b_plausability_tests - Plausibility test: Grid availability/Feedin
2019-11-13 09:45:12,247 - DEBUG - G3b_plausability_tests - Plausibility test: Excess/shortage
2019-11-13 09:45:12,247 - DEBUG - G3b_plausability_tests - Plausibility test: Excess/Feedin
2019-11-13 09:45:13,341 - DEBUG - G2b_constraints_custom - Stability criterion is fullfilled.
2019-11-13 09:45:13,341 - DEBUG - G4_output_functions - Saving flows MG.
2019-11-13 09:45:14,169 - DEBUG - _base - update_title_pos
2019-11-13 09:45:14,263 - DEBUG - font_manager - findfont: Matching :family=sans-serif:style=normal:variant=normal:weight=normal:stretch=normal:size=12.0 to DejaVu Sans ('C:\\Users\\marie\\Anaconda3\\envs\\logic\\lib\\site-packages\\matplotlib\\mpl-data\\fonts\\ttf\\DejaVuSans.ttf') with score of 0.050000.
2019-11-13 09:45:14,279 - DEBUG - _base - update_title_pos
2019-11-13 09:45:14,372 - DEBUG - _base - update_title_pos
2019-11-13 09:45:14,435 - DEBUG - _base - update_title_pos
2019-11-13 09:45:14,560 - DEBUG - _base - update_title_pos
2019-11-13 09:45:14,622 - DEBUG - _base - update_title_pos
2019-11-13 09:45:14,669 - DEBUG - _base - update_title_pos
2019-11-13 09:45:14,779 - DEBUG - _base - update_title_pos
2019-11-13 09:45:14,857 - DEBUG - _base - update_title_pos
2019-11-13 09:45:15,060 - DEBUG - _base - update_title_pos
2019-11-13 09:45:15,263 - DEBUG - _base - update_title_pos
2019-11-13 09:45:15,310 - DEBUG - _base - update_title_pos
2019-11-13 09:45:15,341 - DEBUG - _base - update_title_pos
2019-11-13 09:45:15,372 - DEBUG - _base - update_title_pos
2019-11-13 09:45:15,404 - DEBUG - _base - update_title_pos
2019-11-13 09:45:15,419 - DEBUG - _base - update_title_pos
2019-11-13 09:45:15,435 - DEBUG - _base - update_title_pos
2019-11-13 09:45:15,466 - DEBUG - _base - update_title_pos
2019-11-13 09:45:15,513 - DEBUG - _base - update_title_pos
2019-11-13 09:45:15,560 - DEBUG - _base - update_title_pos
2019-11-13 09:45:15,700 - DEBUG - G4_output_functions - Saving flows storage.
2019-11-13 09:45:15,700 - DEBUG - G3a_economic_evaluation - Economic evaluation. Calculating investment costs over analysed timeframe.
2019-11-13 09:45:15,700 - DEBUG - G3a_economic_evaluation - Economic evaluation. Calculating O&M costs over analysed timeframe.
2019-11-13 09:45:15,700 - DEBUG - G3a_economic_evaluation - Economic evaluation. Scaling investment costs and O&M to year.
2019-11-13 09:45:15,700 - DEBUG - G3a_economic_evaluation - Economic evaluation. Calculating present costs.
2019-11-13 09:45:15,700 - DEBUG - G3a_economic_evaluation - Economic evaluation. Calculating fuel consumption and expenditures.
2019-11-13 09:45:15,700 - DEBUG - G3a_economic_evaluation - Economic evaluation. Calculating shortage and expenditures.
2019-11-13 09:45:15,700 - DEBUG - G3a_economic_evaluation - Economic evaluation. Calculating main grid consumption and expenditures.
2019-11-13 09:45:15,700 - DEBUG - G3a_economic_evaluation - Economic evaluation. Calculating feeding and revenues.
2019-11-13 09:45:15,700 - INFO - G0_oemof_simulate - Simulation of case "hoevelaken" resulted in : 
                  0.267 currency/kWh, at a renewable share of 8.04 percent with a reliability of 100.0 percent
2019-11-13 09:45:15,700 - INFO - G0_oemof_simulate -     Initial simulation time (s): 23.26 / Actual evaluation time (s): 84.08
2019-11-13 09:45:15,700 - DEBUG - G0_oemof_simulate -     Exact OEM results of case "hoevelaken" : 
                  0 kWh battery, 0.0 kWp PV, 4.613 kW wind, 52.562 kW genset at a renewable share of 8.04 percent with a reliability of 100.0 percent
2019-11-13 09:45:15,700 - DEBUG - G0_oemof_simulate -     Simulation of case hoevelaken complete.
2019-11-13 09:45:15,700 - DEBUG - G0_oemof_simulate - 

2019-11-13 09:45:15,935 - INFO - A_offgridders_wrapper - Simulation complete.
2019-11-13 09:45:15,935 - INFO - _internal - 127.0.0.1 - - [13/Nov/2019 09:45:15] "POST /offgrid_simulator/simulate HTTP/1.1" 200 -
2019-11-13 09:45:18,029 - INFO - _internal - 127.0.0.1 - - [13/Nov/2019 09:45:18] "GET /offgrid_simulator/get_result/20191113084328 HTTP/1.1" 200 -
2019-11-13 09:45:20,169 - INFO - _internal - 127.0.0.1 - - [13/Nov/2019 09:45:20] "GET /offgrid_simulator/daily_time_series/20191113084328/mid_summer HTTP/1.1" 200 -
2019-11-13 09:45:22,413 - INFO - _internal - 127.0.0.1 - - [13/Nov/2019 09:45:22] "GET /offgrid_simulator/monthly_time_series/20191113084328 HTTP/1.1" 200 -
2019-11-13 09:45:24,631 - INFO - _internal - 127.0.0.1 - - [13/Nov/2019 09:45:24] "GET /offgrid_simulator/demand_series/20191113084328 HTTP/1.1" 200 -
2019-11-13 09:45:37,055 - INFO - _internal - 127.0.0.1 - - [13/Nov/2019 09:45:37] "POST /report/email HTTP/1.1" 404 -
2019-11-13 09:45:39,087 - INFO - _internal - 127.0.0.1 - - [13/Nov/2019 09:45:39] "GET /report/download/20191113084328 HTTP/1.1" 200 -
