******************************************************
2019-11-11 09:20:17,532 - INFO - logger - Path for logging: data/outputs/20191111082003\micro_grid_design_logfile.log
2019-11-11 09:20:17,537 - INFO - logger - Used oemof version: 0.2.2
2019-11-11 09:20:17,537 - INFO - A_offgridders_wrapper - 
 
 MICRO GRID TOOL 3.0
 Version: 19.06.2019 
 Coded by: Martha M. Hoffmann 
 Reiner Lemoine Institute (Berlin) 
 
 
2019-11-11 09:20:17,542 - INFO - C_sensitivity_experiments - Parameters of sensitivity analysis
2019-11-11 09:20:17,542 - INFO - C_sensitivity_experiments - Randomized blackout timeseries for all combinations of blackout duration and frequency (1 experiments) will be generated.
2019-11-11 09:20:17,777 - DEBUG - C_sensitivity_experiments - Generating header for results.csv
2019-11-11 09:20:17,827 - INFO - C_sensitivity_experiments - For 1 project sites with 1 scenarios each, 1 sensitivity_experiment_s will be performed for each case.
2019-11-11 09:20:17,837 - INFO - E_blackouts_central_grid - Blackout experiment 1: Blackout duration 2.5 hrs, blackout frequency 4 per month
2019-11-11 09:20:17,837 - INFO - E_blackouts_central_grid - Number of blackouts in simulated timeframe: 48
2019-11-11 09:20:17,842 - DEBUG - E_blackouts_central_grid - Blackouts events occur on following dates: 2019-01-12 02:00:00, 2019-01-12 21:00:00, 2019-01-30 12:00:00, 2019-02-13 20:00:00, 2019-02-16 12:00:00, 2019-02-17 17:00:00, 2019-02-27 17:00:00, 2019-02-27 18:00:00, 2019-03-03 02:00:00, 2019-03-03 16:00:00, 2019-03-09 11:00:00, 2019-03-23 12:00:00, 2019-03-28 21:00:00, 2019-03-31 14:00:00, 2019-04-02 21:00:00, 2019-04-15 10:00:00, 2019-04-16 23:00:00, 2019-04-24 05:00:00, 2019-04-30 04:00:00, 2019-05-26 09:00:00, 2019-05-26 18:00:00, 2019-06-08 11:00:00, 2019-06-21 02:00:00, 2019-07-05 11:00:00, 2019-07-12 10:00:00, 2019-07-17 12:00:00, 2019-07-21 01:00:00, 2019-07-24 10:00:00, 2019-08-26 03:00:00, 2019-08-26 13:00:00, 2019-09-05 00:00:00, 2019-09-22 01:00:00, 2019-09-24 17:00:00, 2019-10-16 20:00:00, 2019-10-17 01:00:00, 2019-10-23 01:00:00, 2019-10-28 04:00:00, 2019-10-31 03:00:00, 2019-11-03 07:00:00, 2019-11-09 08:00:00, 2019-11-13 05:00:00, 2019-11-16 07:00:00, 2019-11-19 18:00:00, 2019-11-28 01:00:00, 2019-12-06 22:00:00, 2019-12-07 10:00:00, 2019-12-09 10:00:00, 2019-12-18 16:00:00
2019-11-11 09:20:17,847 - INFO - E_blackouts_central_grid - Accumulated blackout duration: 120.0
2019-11-11 09:20:17,847 - INFO - E_blackouts_central_grid - Accumulated blackout duration (rounded to timestep): 96.0
2019-11-11 09:20:18,437 - INFO - _internal - 127.0.0.1 - - [11/Nov/2019 09:20:18] "GET /offgrid_simulator/get_result/20191111082003 HTTP/1.1" 404 -
2019-11-11 09:20:18,912 - DEBUG - E_blackouts_central_grid - A blackout event overlaps with another!
2019-11-11 09:20:21,637 - INFO - _internal - 127.0.0.1 - - [11/Nov/2019 09:20:21] "GET /offgrid_simulator/get_result/20191111082003 HTTP/1.1" 404 -
2019-11-11 09:20:23,007 - INFO - E_blackouts_central_grid - Due to 1 overlapping blackouts, the total random blackout duration is not equal with the real grid availability.
2019-11-11 09:20:23,007 - INFO - E_blackouts_central_grid - Grid is not operational for 95 hours, with a reliability of 98.92 percent. 

2019-11-11 09:20:23,017 - INFO - E_blackouts_central_grid - Missing blackout timeseries added through auto-generation.
2019-11-11 09:20:23,097 - DEBUG - core - Creating PluginEnvironment 'pca'
2019-11-11 09:20:23,097 - DEBUG - core - Pushing environment 'pca' on the PluginGlobals stack
2019-11-11 09:20:23,969 - DEBUG - core - Pushing environment 'pca' on the PluginGlobals stack
2019-11-11 09:20:23,977 - DEBUG - core - Popping environment 'pca' from the PluginGlobals stack
2019-11-11 09:20:23,977 - DEBUG - core - Pushing environment 'pca' on the PluginGlobals stack
2019-11-11 09:20:24,797 - INFO - _internal - 127.0.0.1 - - [11/Nov/2019 09:20:24] "GET /offgrid_simulator/get_result/20191111082003 HTTP/1.1" 404 -
2019-11-11 09:20:27,897 - INFO - _internal - 127.0.0.1 - - [11/Nov/2019 09:20:27] "GET /offgrid_simulator/get_result/20191111082003 HTTP/1.1" 404 -
2019-11-11 09:20:30,947 - INFO - _internal - 127.0.0.1 - - [11/Nov/2019 09:20:30] "GET /offgrid_simulator/get_result/20191111082003 HTTP/1.1" 404 -
2019-11-11 09:20:32,127 - DEBUG - A_offgridders_wrapper - Using grid availability timeseries that was randomly generated.
2019-11-11 09:20:32,137 - INFO - A_offgridders_wrapper - Starting simulation, project site test_site.
2019-11-11 09:20:32,137 - DEBUG - G1_oemof_create_model - Complete case dictionary:
2019-11-11 09:20:32,137 - DEBUG - G1_oemof_create_model - {'case_name': 'Helgoland', 'filename': 'Helgoland', 'total_demand_ac': 11781000.000000063, 'total_demand_dc': 0.0, 'peak_demand': 1907.1583232116554, 'evaluated_days': 365, 'genset_with_minimal_loading': False, 'storage_fixed_capacity': None, 'storage_fixed_power': None, 'genset_fixed_capacity': False, 'pv_fixed_capacity': False, 'pcc_consumption_fixed_capacity': None, 'pcc_feedin_fixed_capacity': None, 'wind_fixed_capacity': False, 'rectifier_ac_dc_fixed_capacity': False, 'inverter_dc_ac_fixed_capacity': False, 'allow_shortage': True, 'max_shortage': 0, 'stability_constraint': 'share_hybrid', 'renewable_share_constraint': False, 'number_of_equal_generators': 1, 'evaluation_perspective': 'AC_system', 'force_charge_from_maingrid': False, 'discharge_only_when_blackout': False, 'enable_inverter_only_at_backout': False}
2019-11-11 09:20:32,137 - DEBUG - G1_oemof_create_model - Create oemof model by adding case-specific busses and components.
2019-11-11 09:20:32,137 - DEBUG - G1_oemof_create_model - Added to oemof model: Electricity bus of energy system, AC
2019-11-11 09:20:32,137 - DEBUG - G2a_oemof_busses_and_componets - Added to oemof model: demand AC
2019-11-11 09:20:32,147 - DEBUG - G1_oemof_create_model - Added to oemof model: Fuel bus
2019-11-11 09:20:32,147 - DEBUG - G2a_oemof_busses_and_componets - Added to oemof model: source fuel
2019-11-11 09:20:32,147 - DEBUG - G2a_oemof_busses_and_componets - Added to oemof model: genset oem no minload
2019-11-11 09:20:32,147 - DEBUG - G2a_oemof_busses_and_componets - Added to oemof model: wind
2019-11-11 09:20:32,157 - DEBUG - G1_oemof_create_model - Added to oemof model: Electricity bus of energy system, DC
2019-11-11 09:20:32,157 - DEBUG - G2a_oemof_busses_and_componets - Added to oemof model: demand DC
2019-11-11 09:20:32,157 - DEBUG - G2a_oemof_busses_and_componets - Added to oemof model: pv oem
2019-11-11 09:20:32,157 - DEBUG - G2a_oemof_busses_and_componets - Added to oemof model: rectifier oem
2019-11-11 09:20:32,157 - DEBUG - G2a_oemof_busses_and_componets - Added to oemof model: inverter_dc_ac oem
2019-11-11 09:20:32,157 - DEBUG - G2a_oemof_busses_and_componets - Added to oemof model: excess
2019-11-11 09:20:32,157 - DEBUG - G2a_oemof_busses_and_componets - Added to oemof model: source shortage
2019-11-11 09:20:32,157 - DEBUG - G1_oemof_create_model - Create oemof model based on created components and busses.
2019-11-11 09:20:34,437 - INFO - _internal - 127.0.0.1 - - [11/Nov/2019 09:20:34] "GET /offgrid_simulator/get_result/20191111082003 HTTP/1.1" 404 -
2019-11-11 09:20:38,107 - INFO - _internal - 127.0.0.1 - - [11/Nov/2019 09:20:38] "GET /offgrid_simulator/get_result/20191111082003 HTTP/1.1" 404 -
2019-11-11 09:20:41,827 - INFO - _internal - 127.0.0.1 - - [11/Nov/2019 09:20:41] "GET /offgrid_simulator/get_result/20191111082003 HTTP/1.1" 404 -
2019-11-11 09:20:45,527 - INFO - _internal - 127.0.0.1 - - [11/Nov/2019 09:20:45] "GET /offgrid_simulator/get_result/20191111082003 HTTP/1.1" 404 -
2019-11-11 09:20:48,317 - INFO - G1_oemof_create_model - Added constraint: Stability though actual generation of diesel generators and backup through batteries.
2019-11-11 09:20:49,217 - INFO - _internal - 127.0.0.1 - - [11/Nov/2019 09:20:49] "GET /offgrid_simulator/get_result/20191111082003 HTTP/1.1" 404 -
2019-11-11 09:20:52,237 - INFO - G1_oemof_create_model - Simulating...
2019-11-11 09:20:52,397 - INFO - _internal - 127.0.0.1 - - [11/Nov/2019 09:20:52] "GET /offgrid_simulator/get_result/20191111082003 HTTP/1.1" 404 -
2019-11-11 09:20:55,632 - INFO - _internal - 127.0.0.1 - - [11/Nov/2019 09:20:55] "GET /offgrid_simulator/get_result/20191111082003 HTTP/1.1" 404 -
2019-11-11 09:20:58,867 - INFO - _internal - 127.0.0.1 - - [11/Nov/2019 09:20:58] "GET /offgrid_simulator/get_result/20191111082003 HTTP/1.1" 404 -
2019-11-11 09:21:02,097 - INFO - _internal - 127.0.0.1 - - [11/Nov/2019 09:21:02] "GET /offgrid_simulator/get_result/20191111082003 HTTP/1.1" 404 -
2019-11-11 09:21:05,172 - INFO - _internal - 127.0.0.1 - - [11/Nov/2019 09:21:05] "GET /offgrid_simulator/get_result/20191111082003 HTTP/1.1" 404 -
2019-11-11 09:21:08,247 - INFO - _internal - 127.0.0.1 - - [11/Nov/2019 09:21:08] "GET /offgrid_simulator/get_result/20191111082003 HTTP/1.1" 404 -
2019-11-11 09:21:11,527 - INFO - _internal - 127.0.0.1 - - [11/Nov/2019 09:21:11] "GET /offgrid_simulator/get_result/20191111082003 HTTP/1.1" 404 -
2019-11-11 09:21:13,577 - INFO - models - Optimization successful...
2019-11-11 09:21:13,597 - DEBUG - G1_oemof_create_model - Problem solved
2019-11-11 09:21:15,207 - INFO - _internal - 127.0.0.1 - - [11/Nov/2019 09:21:15] "GET /offgrid_simulator/get_result/20191111082003 HTTP/1.1" 404 -
2019-11-11 09:21:18,042 - DEBUG - energy_system - Attributes dumped to: data/outputs/20191111082003/oemof\Helgoland.oemof
2019-11-11 09:21:18,042 - DEBUG - G1_oemof_create_model - Stored results in data/outputs/20191111082003/oemof/Helgoland.oemof
2019-11-11 09:21:18,042 - DEBUG - G1_oemof_create_model - Restore the energy system and the results.
2019-11-11 09:21:18,042 - INFO - energy_system - Restoring attributes will overwrite existing attributes.
2019-11-11 09:21:18,067 - DEBUG - energy_system - Attributes restored from: data/outputs/20191111082003/oemof\Helgoland.oemof
2019-11-11 09:21:18,077 - DEBUG - G3_oemof_evaluate - Evaluate flow: demand
2019-11-11 09:21:18,112 - DEBUG - G3_oemof_evaluate - Evaluate flow: shortage
2019-11-11 09:21:18,137 - DEBUG - G3_oemof_evaluate - Evaluate excess: 
2019-11-11 09:21:18,167 - DEBUG - G3_oemof_evaluate - Evaluate flow: fuel
2019-11-11 09:21:18,167 - DEBUG - G3_oemof_evaluate - Evaluate flow: genset
2019-11-11 09:21:18,177 - DEBUG - G3_oemof_evaluate - Evaluate flow: main grid
2019-11-11 09:21:18,200 - DEBUG - G3_oemof_evaluate - Evaluate flow: wind
2019-11-11 09:21:18,208 - DEBUG - G3_oemof_evaluate - Evaluate flow: pv
2019-11-11 09:21:18,210 - DEBUG - G3_oemof_evaluate - Evaluate flow: storage
2019-11-11 09:21:18,230 - DEBUG - G3_oemof_evaluate - Evaluate flow: rectifier
2019-11-11 09:21:18,230 - DEBUG - G3_oemof_evaluate - Evaluate flow: rectifier
2019-11-11 09:21:18,240 - DEBUG - G3_oemof_evaluate - Evaluate: res share
2019-11-11 09:21:18,240 - DEBUG - G3b_plausability_tests - Plausibility test: Charge/Discharge
2019-11-11 09:21:18,240 - DEBUG - G3b_plausability_tests - Plausibility test: Demand/Supply/Shortage
2019-11-11 09:21:18,581 - INFO - _internal - 127.0.0.1 - - [11/Nov/2019 09:21:18] "GET /offgrid_simulator/get_result/20191111082003 HTTP/1.1" 404 -
2019-11-11 09:21:18,694 - DEBUG - G3b_plausability_tests - Plausibility test: Feedin/Consumption
2019-11-11 09:21:18,694 - DEBUG - G3b_plausability_tests - Plausibility test: Grid availability consumption
2019-11-11 09:21:18,697 - DEBUG - G3b_plausability_tests - Plausibility test: Grid availability/Feedin
2019-11-11 09:21:18,697 - DEBUG - G3b_plausability_tests - Plausibility test: Excess/shortage
2019-11-11 09:21:18,697 - DEBUG - G3b_plausability_tests - Plausibility test: Excess/Feedin
2019-11-11 09:21:20,837 - WARNING - G2b_constraints_custom - Stability criterion is strictly not fullfilled, but deviation is less then e6.
2019-11-11 09:21:20,837 - DEBUG - G4_output_functions - Saving flows MG.
2019-11-11 09:21:21,747 - DEBUG - _base - update_title_pos
2019-11-11 09:21:21,782 - INFO - _internal - 127.0.0.1 - - [11/Nov/2019 09:21:21] "GET /offgrid_simulator/get_result/20191111082003 HTTP/1.1" 404 -
2019-11-11 09:21:21,937 - DEBUG - font_manager - findfont: Matching :family=sans-serif:style=normal:variant=normal:weight=normal:stretch=normal:size=12.0 to DejaVu Sans ('C:\\Users\\marie\\Anaconda3\\envs\\logic\\lib\\site-packages\\matplotlib\\mpl-data\\fonts\\ttf\\DejaVuSans.ttf') with score of 0.050000.
2019-11-11 09:21:21,992 - DEBUG - _base - update_title_pos
2019-11-11 09:21:22,092 - DEBUG - _base - update_title_pos
2019-11-11 09:21:22,127 - DEBUG - _base - update_title_pos
2019-11-11 09:21:22,702 - DEBUG - _base - update_title_pos
2019-11-11 09:21:22,805 - DEBUG - _base - update_title_pos
2019-11-11 09:21:22,862 - DEBUG - _base - update_title_pos
2019-11-11 09:21:22,887 - DEBUG - _base - update_title_pos
2019-11-11 09:21:23,052 - DEBUG - G4_output_functions - Saving flows storage.
2019-11-11 09:21:23,052 - DEBUG - G3a_economic_evaluation - Economic evaluation. Calculating investment costs over analysed timeframe.
2019-11-11 09:21:23,057 - DEBUG - G3a_economic_evaluation - Economic evaluation. Calculating O&M costs over analysed timeframe.
2019-11-11 09:21:23,057 - DEBUG - G3a_economic_evaluation - Economic evaluation. Scaling investment costs and O&M to year.
2019-11-11 09:21:23,057 - DEBUG - G3a_economic_evaluation - Economic evaluation. Calculating present costs.
2019-11-11 09:21:23,057 - DEBUG - G3a_economic_evaluation - Economic evaluation. Calculating fuel consumption and expenditures.
2019-11-11 09:21:23,057 - DEBUG - G3a_economic_evaluation - Economic evaluation. Calculating shortage and expenditures.
2019-11-11 09:21:23,057 - INFO - G0_oemof_simulate - Simulation of case "Helgoland" resulted in : 
                  0.533 currency/kWh, at a renewable share of 39.73 percent with a reliability of 100.0 percent
2019-11-11 09:21:23,059 - INFO - G0_oemof_simulate -     Initial simulation time (s): 6.5 / Actual evaluation time (s): 50.92
2019-11-11 09:21:23,060 - DEBUG - G0_oemof_simulate -     Exact OEM results of case "Helgoland" : 
                  0 kWh battery, 3490.774 kWp PV, 3461.515 kW wind, 1864.619 kW genset at a renewable share of 39.73 percent with a reliability of 100.0 percent
2019-11-11 09:21:23,060 - DEBUG - G0_oemof_simulate -     Simulation of case Helgoland complete.
2019-11-11 09:21:23,061 - DEBUG - G0_oemof_simulate - 

2019-11-11 09:21:23,327 - INFO - A_offgridders_wrapper -     Estimated simulation time left: 0.0 minutes.
2019-11-11 09:21:23,327 - INFO - A_offgridders_wrapper - 
 Simulation complete. Resulting parameters saved in "results.csv". 
 Overview over results:
2019-11-11 09:21:24,847 - INFO - _internal - 127.0.0.1 - - [11/Nov/2019 09:21:24] "GET /offgrid_simulator/get_result/20191111082003 HTTP/1.1" 404 -
2019-11-11 09:21:27,927 - INFO - _internal - 127.0.0.1 - - [11/Nov/2019 09:21:27] "GET /offgrid_simulator/get_result/20191111082003 HTTP/1.1" 404 -
2019-11-11 09:21:30,992 - INFO - _internal - 127.0.0.1 - - [11/Nov/2019 09:21:30] "GET /offgrid_simulator/get_result/20191111082003 HTTP/1.1" 404 -
2019-11-11 09:21:34,047 - INFO - _internal - 127.0.0.1 - - [11/Nov/2019 09:21:34] "GET /offgrid_simulator/get_result/20191111082003 HTTP/1.1" 404 -
2019-11-11 09:21:37,137 - INFO - _internal - 127.0.0.1 - - [11/Nov/2019 09:21:37] "GET /offgrid_simulator/get_result/20191111082003 HTTP/1.1" 200 -
2019-11-11 09:21:39,257 - INFO - _internal - 127.0.0.1 - - [11/Nov/2019 09:21:39] "GET /offgrid_simulator/daily_time_series/20191111082003/mid_summer HTTP/1.1" 500 -
2019-11-11 09:21:39,272 - ERROR - _internal - Error on request:
Traceback (most recent call last):
  File "C:\Users\marie\Anaconda3\envs\logic\lib\site-packages\werkzeug\serving.py", line 303, in run_wsgi
    execute(self.server.app)
  File "C:\Users\marie\Anaconda3\envs\logic\lib\site-packages\werkzeug\serving.py", line 291, in execute
    application_iter = app(environ, start_response)
  File "C:\Users\marie\Anaconda3\envs\logic\lib\site-packages\flask\app.py", line 2463, in __call__
    return self.wsgi_app(environ, start_response)
  File "C:\Users\marie\Anaconda3\envs\logic\lib\site-packages\flask\app.py", line 2449, in wsgi_app
    response = self.handle_exception(e)
  File "C:\Users\marie\Anaconda3\envs\logic\lib\site-packages\flask_cors\extension.py", line 161, in wrapped_function
    return cors_after_request(app.make_response(f(*args, **kwargs)))
  File "C:\Users\marie\Anaconda3\envs\logic\lib\site-packages\flask\app.py", line 1866, in handle_exception
    reraise(exc_type, exc_value, tb)
  File "C:\Users\marie\Anaconda3\envs\logic\lib\site-packages\flask\_compat.py", line 39, in reraise
    raise value
  File "C:\Users\marie\Anaconda3\envs\logic\lib\site-packages\flask\app.py", line 2446, in wsgi_app
    response = self.full_dispatch_request()
  File "C:\Users\marie\Anaconda3\envs\logic\lib\site-packages\flask\app.py", line 1951, in full_dispatch_request
    rv = self.handle_user_exception(e)
  File "C:\Users\marie\Anaconda3\envs\logic\lib\site-packages\flask_cors\extension.py", line 161, in wrapped_function
    return cors_after_request(app.make_response(f(*args, **kwargs)))
  File "C:\Users\marie\Anaconda3\envs\logic\lib\site-packages\flask\app.py", line 1820, in handle_user_exception
    reraise(exc_type, exc_value, tb)
  File "C:\Users\marie\Anaconda3\envs\logic\lib\site-packages\flask\_compat.py", line 39, in reraise
    raise value
  File "C:\Users\marie\Anaconda3\envs\logic\lib\site-packages\flask\app.py", line 1949, in full_dispatch_request
    rv = self.dispatch_request()
  File "C:\Users\marie\Anaconda3\envs\logic\lib\site-packages\flask\app.py", line 1935, in dispatch_request
    return self.view_functions[rule.endpoint](**req.view_args)
  File "C:\repositories\LOGiC\logic\offgrid_simulator\controllers.py", line 107, in get_daily_time_series
    relevant_data = time_series[settings.RELEVANT_COLUMNS].copy()
  File "C:\Users\marie\Anaconda3\envs\logic\lib\site-packages\pandas\core\frame.py", line 2682, in __getitem__
    return self._getitem_array(key)
  File "C:\Users\marie\Anaconda3\envs\logic\lib\site-packages\pandas\core\frame.py", line 2726, in _getitem_array
    indexer = self.loc._convert_to_indexer(key, axis=1)
  File "C:\Users\marie\Anaconda3\envs\logic\lib\site-packages\pandas\core\indexing.py", line 1327, in _convert_to_indexer
    .format(mask=objarr[mask]))
KeyError: "['Storage charge' 'Storage discharge'] not in index"
2019-11-11 09:21:41,522 - INFO - _internal - 127.0.0.1 - - [11/Nov/2019 09:21:41] "GET /offgrid_simulator/monthly_time_series/20191111082003 HTTP/1.1" 200 -
2019-11-11 09:21:43,807 - INFO - _internal - 127.0.0.1 - - [11/Nov/2019 09:21:43] "GET /offgrid_simulator/demand_series/20191111082003 HTTP/1.1" 200 -
2019-11-11 09:21:57,367 - INFO - _internal - 127.0.0.1 - - [11/Nov/2019 09:21:57] "POST /report/email HTTP/1.1" 404 -
2019-11-11 09:21:59,467 - INFO - _internal - 127.0.0.1 - - [11/Nov/2019 09:21:59] "GET /report/download/20191111082003 HTTP/1.1" 200 -
