******************************************************
2019-10-30 11:28:31,236 - INFO - logger - Path for logging: data/outputs/20191030102819\micro_grid_design_logfile.log
2019-10-30 11:28:31,236 - INFO - logger - Used oemof version: 0.2.2
2019-10-30 11:28:31,236 - INFO - A_offgridders_wrapper - 
 
 MICRO GRID TOOL 3.0
 Version: 19.06.2019 
 Coded by: Martha M. Hoffmann 
 Reiner Lemoine Institute (Berlin) 
 
 
2019-10-30 11:28:31,237 - INFO - C_sensitivity_experiments - Parameters of sensitivity analysis
2019-10-30 11:28:31,237 - INFO - C_sensitivity_experiments - Randomized blackout timeseries for all combinations of blackout duration and frequency (1 experiments) will be generated.
2019-10-30 11:28:31,370 - DEBUG - C_sensitivity_experiments - Generating header for results.csv
2019-10-30 11:28:31,422 - INFO - C_sensitivity_experiments - For 1 project sites with 1 scenarios each, 1 sensitivity_experiment_s will be performed for each case.
2019-10-30 11:28:31,429 - INFO - E_blackouts_central_grid - Blackout experiment 1: Blackout duration 2.5 hrs, blackout frequency 2 per month
2019-10-30 11:28:31,429 - INFO - E_blackouts_central_grid - Number of blackouts in simulated timeframe: 24
2019-10-30 11:28:31,437 - DEBUG - E_blackouts_central_grid - Blackouts events occur on following dates: 2019-01-02 00:00:00, 2019-01-04 22:00:00, 2019-01-09 22:00:00, 2019-01-15 20:00:00, 2019-01-16 05:00:00, 2019-02-07 10:00:00, 2019-02-15 01:00:00, 2019-03-09 08:00:00, 2019-03-17 06:00:00, 2019-04-14 02:00:00, 2019-05-10 03:00:00, 2019-06-11 04:00:00, 2019-06-23 00:00:00, 2019-06-23 04:00:00, 2019-07-29 06:00:00, 2019-08-09 11:00:00, 2019-08-14 02:00:00, 2019-08-21 14:00:00, 2019-09-03 20:00:00, 2019-09-06 21:00:00, 2019-10-12 23:00:00, 2019-11-18 07:00:00, 2019-11-24 11:00:00, 2019-12-06 10:00:00
2019-10-30 11:28:31,438 - INFO - E_blackouts_central_grid - Accumulated blackout duration: 60.0
2019-10-30 11:28:31,438 - INFO - E_blackouts_central_grid - Accumulated blackout duration (rounded to timestep): 48.0
2019-10-30 11:28:35,000 - INFO - E_blackouts_central_grid - Grid is not operational for 48 hours, with a reliability of 99.45 percent. 

2019-10-30 11:28:35,001 - INFO - E_blackouts_central_grid - Missing blackout timeseries added through auto-generation.
2019-10-30 11:28:35,041 - DEBUG - core - Creating PluginEnvironment 'pca'
2019-10-30 11:28:35,041 - DEBUG - core - Pushing environment 'pca' on the PluginGlobals stack
2019-10-30 11:28:35,163 - DEBUG - core - Pushing environment 'pca' on the PluginGlobals stack
2019-10-30 11:28:35,172 - DEBUG - core - Popping environment 'pca' from the PluginGlobals stack
2019-10-30 11:28:35,174 - DEBUG - core - Pushing environment 'pca' on the PluginGlobals stack
2019-10-30 11:28:36,170 - DEBUG - A_offgridders_wrapper - Using grid availability timeseries that was randomly generated.
2019-10-30 11:28:36,170 - INFO - A_offgridders_wrapper - Starting simulation, project site test_site.
2019-10-30 11:28:36,171 - DEBUG - G1_oemof_create_model - Complete case dictionary:
2019-10-30 11:28:36,171 - DEBUG - G1_oemof_create_model - {'case_name': 'hoevelaken', 'filename': 'hoevelaken', 'total_demand_ac': 35000.00000000003, 'total_demand_dc': 0.0, 'peak_demand': 5.665948672643064, 'evaluated_days': 365, 'genset_with_minimal_loading': False, 'storage_fixed_capacity': False, 'storage_fixed_power': False, 'genset_fixed_capacity': False, 'pv_fixed_capacity': False, 'pcc_consumption_fixed_capacity': None, 'pcc_feedin_fixed_capacity': None, 'wind_fixed_capacity': False, 'rectifier_ac_dc_fixed_capacity': False, 'inverter_dc_ac_fixed_capacity': False, 'allow_shortage': True, 'max_shortage': 0, 'stability_constraint': 'share_hybrid', 'renewable_share_constraint': False, 'number_of_equal_generators': 1, 'evaluation_perspective': 'AC_system', 'force_charge_from_maingrid': False, 'discharge_only_when_blackout': False, 'enable_inverter_only_at_backout': False}
2019-10-30 11:28:36,171 - DEBUG - G1_oemof_create_model - Create oemof model by adding case-specific busses and components.
2019-10-30 11:28:36,173 - DEBUG - G1_oemof_create_model - Added to oemof model: Electricity bus of energy system, AC
2019-10-30 11:28:36,173 - DEBUG - G2a_oemof_busses_and_componets - Added to oemof model: demand AC
2019-10-30 11:28:36,179 - DEBUG - G1_oemof_create_model - Added to oemof model: Fuel bus
2019-10-30 11:28:36,180 - DEBUG - G2a_oemof_busses_and_componets - Added to oemof model: source fuel
2019-10-30 11:28:36,182 - DEBUG - G2a_oemof_busses_and_componets - Added to oemof model: genset oem no minload
2019-10-30 11:28:36,184 - DEBUG - G2a_oemof_busses_and_componets - Added to oemof model: wind
2019-10-30 11:28:36,187 - DEBUG - G1_oemof_create_model - Added to oemof model: Electricity bus of energy system, DC
2019-10-30 11:28:36,187 - DEBUG - G2a_oemof_busses_and_componets - Added to oemof model: demand DC
2019-10-30 11:28:36,188 - DEBUG - G2a_oemof_busses_and_componets - Added to oemof model: pv oem
2019-10-30 11:28:36,189 - DEBUG - G2a_oemof_busses_and_componets - Added to oemof model: storage oem
2019-10-30 11:28:36,189 - DEBUG - G2a_oemof_busses_and_componets - Added to oemof model: rectifier oem
2019-10-30 11:28:36,191 - DEBUG - G2a_oemof_busses_and_componets - Added to oemof model: inverter_dc_ac oem
2019-10-30 11:28:36,191 - DEBUG - G2a_oemof_busses_and_componets - Added to oemof model: excess
2019-10-30 11:28:36,192 - DEBUG - G2a_oemof_busses_and_componets - Added to oemof model: source shortage
2019-10-30 11:28:36,193 - DEBUG - G1_oemof_create_model - Create oemof model based on created components and busses.
2019-10-30 11:28:52,819 - INFO - G1_oemof_create_model - Added constraint: Stability though actual generation of diesel generators and backup through batteries.
2019-10-30 11:28:57,244 - INFO - G1_oemof_create_model - Simulating...
2019-10-30 11:29:51,249 - INFO - models - Optimization successful...
2019-10-30 11:29:51,267 - DEBUG - G1_oemof_create_model - Problem solved
2019-10-30 11:29:55,754 - DEBUG - energy_system - Attributes dumped to: data/outputs/20191030102819/oemof\hoevelaken.oemof
2019-10-30 11:29:55,754 - DEBUG - G1_oemof_create_model - Stored results in data/outputs/20191030102819/oemof/hoevelaken.oemof
2019-10-30 11:29:55,754 - DEBUG - G1_oemof_create_model - Restore the energy system and the results.
2019-10-30 11:29:55,754 - INFO - energy_system - Restoring attributes will overwrite existing attributes.
2019-10-30 11:29:55,777 - DEBUG - energy_system - Attributes restored from: data/outputs/20191030102819/oemof\hoevelaken.oemof
2019-10-30 11:29:55,782 - DEBUG - G3_oemof_evaluate - Evaluate flow: demand
2019-10-30 11:29:55,799 - DEBUG - G3_oemof_evaluate - Evaluate flow: shortage
2019-10-30 11:29:55,816 - DEBUG - G3_oemof_evaluate - Evaluate excess: 
2019-10-30 11:29:55,831 - DEBUG - G3_oemof_evaluate - Evaluate flow: fuel
2019-10-30 11:29:55,832 - DEBUG - G3_oemof_evaluate - Evaluate flow: genset
2019-10-30 11:29:55,835 - DEBUG - G3_oemof_evaluate - Evaluate flow: main grid
2019-10-30 11:29:55,850 - DEBUG - G3_oemof_evaluate - Evaluate flow: wind
2019-10-30 11:29:55,852 - DEBUG - G3_oemof_evaluate - Evaluate flow: pv
2019-10-30 11:29:55,858 - DEBUG - G3_oemof_evaluate - Evaluate flow: storage
2019-10-30 11:29:55,882 - DEBUG - G3_oemof_evaluate - Evaluate flow: rectifier
2019-10-30 11:29:55,888 - DEBUG - G3_oemof_evaluate - Evaluate flow: rectifier
2019-10-30 11:29:55,896 - DEBUG - G3_oemof_evaluate - Evaluate: res share
2019-10-30 11:29:55,896 - DEBUG - G3b_plausability_tests - Plausibility test: Charge/Discharge
2019-10-30 11:29:56,009 - DEBUG - G3b_plausability_tests - Plausibility test: Demand/Supply/Shortage
2019-10-30 11:29:56,242 - DEBUG - G3b_plausability_tests - Plausibility test: Feedin/Consumption
2019-10-30 11:29:56,242 - DEBUG - G3b_plausability_tests - Plausibility test: Grid availability consumption
2019-10-30 11:29:56,242 - DEBUG - G3b_plausability_tests - Plausibility test: Grid availability/Feedin
2019-10-30 11:29:56,242 - DEBUG - G3b_plausability_tests - Plausibility test: Excess/shortage
2019-10-30 11:29:56,242 - DEBUG - G3b_plausability_tests - Plausibility test: Excess/Feedin
2019-10-30 11:29:58,021 - WARNING - G2b_constraints_custom - Stability criterion is strictly not fullfilled, but deviation is less then e6.
2019-10-30 11:29:58,021 - DEBUG - G4_output_functions - Saving flows MG.
2019-10-30 11:29:58,768 - DEBUG - _base - update_title_pos
2019-10-30 11:29:58,888 - DEBUG - font_manager - findfont: Matching :family=sans-serif:style=normal:variant=normal:weight=normal:stretch=normal:size=12.0 to DejaVu Sans ('C:\\Users\\bindu\\AppData\\Roaming\\Python\\Python36\\site-packages\\matplotlib\\mpl-data\\fonts\\ttf\\DejaVuSans.ttf') with score of 0.050000.
2019-10-30 11:29:58,914 - DEBUG - _base - update_title_pos
2019-10-30 11:29:59,031 - DEBUG - _base - update_title_pos
2019-10-30 11:29:59,094 - DEBUG - _base - update_title_pos
2019-10-30 11:29:59,212 - DEBUG - _base - update_title_pos
2019-10-30 11:29:59,275 - DEBUG - _base - update_title_pos
2019-10-30 11:29:59,311 - DEBUG - _base - update_title_pos
2019-10-30 11:29:59,442 - DEBUG - _base - update_title_pos
2019-10-30 11:29:59,817 - DEBUG - _base - update_title_pos
2019-10-30 11:29:59,861 - DEBUG - _base - update_title_pos
2019-10-30 11:29:59,900 - DEBUG - _base - update_title_pos
2019-10-30 11:29:59,916 - DEBUG - _base - update_title_pos
2019-10-30 11:29:59,950 - DEBUG - _base - update_title_pos
2019-10-30 11:29:59,968 - DEBUG - _base - update_title_pos
2019-10-30 11:29:59,982 - DEBUG - _base - update_title_pos
2019-10-30 11:30:00,028 - DEBUG - _base - update_title_pos
2019-10-30 11:30:00,134 - DEBUG - G4_output_functions - Saving flows storage.
2019-10-30 11:30:00,498 - DEBUG - _base - update_title_pos
2019-10-30 11:30:00,650 - DEBUG - _base - update_title_pos
2019-10-30 11:30:00,737 - DEBUG - _base - update_title_pos
2019-10-30 11:30:00,778 - DEBUG - _base - update_title_pos
2019-10-30 11:30:01,105 - DEBUG - _base - update_title_pos
2019-10-30 11:30:01,174 - DEBUG - _base - update_title_pos
2019-10-30 11:30:01,202 - DEBUG - _base - update_title_pos
2019-10-30 11:30:01,223 - DEBUG - _base - update_title_pos
2019-10-30 11:30:01,363 - DEBUG - G3a_economic_evaluation - Economic evaluation. Calculating investment costs over analysed timeframe.
2019-10-30 11:30:01,363 - DEBUG - G3a_economic_evaluation - Economic evaluation. Calculating O&M costs over analysed timeframe.
2019-10-30 11:30:01,363 - DEBUG - G3a_economic_evaluation - Economic evaluation. Scaling investment costs and O&M to year.
2019-10-30 11:30:01,363 - DEBUG - G3a_economic_evaluation - Economic evaluation. Calculating present costs.
2019-10-30 11:30:01,363 - DEBUG - G3a_economic_evaluation - Economic evaluation. Calculating fuel consumption and expenditures.
2019-10-30 11:30:01,363 - DEBUG - G3a_economic_evaluation - Economic evaluation. Calculating shortage and expenditures.
2019-10-30 11:30:01,363 - INFO - G0_oemof_simulate - Simulation of case "hoevelaken" resulted in : 
                  0.581 currency/kWh, at a renewable share of 26.44 percent with a reliability of 100.0 percent
2019-10-30 11:30:01,364 - INFO - G0_oemof_simulate -     Initial simulation time (s): 38.43 / Actual evaluation time (s): 85.19
2019-10-30 11:30:01,364 - DEBUG - G0_oemof_simulate -     Exact OEM results of case "hoevelaken" : 
                  3.475 kWh battery, 10.594 kWp PV, 0.0 kW wind, 4.746 kW genset at a renewable share of 26.44 percent with a reliability of 100.0 percent
2019-10-30 11:30:01,364 - DEBUG - G0_oemof_simulate -     Simulation of case hoevelaken complete.
2019-10-30 11:30:01,365 - DEBUG - G0_oemof_simulate - 

2019-10-30 11:30:01,487 - INFO - A_offgridders_wrapper -     Estimated simulation time left: 0.0 minutes.
2019-10-30 11:30:01,487 - INFO - A_offgridders_wrapper - 
 Simulation complete. Resulting parameters saved in "results.csv". 
 Overview over results:
