******************************************************
2019-11-01 15:36:40,524 - INFO - logger - Path for logging: data/outputs/20191101143610\micro_grid_design_logfile.log
2019-11-01 15:36:40,525 - INFO - logger - Used oemof version: 0.2.2
2019-11-01 15:36:40,525 - INFO - A_offgridders_wrapper - 
 
 MICRO GRID TOOL 3.0
 Version: 19.06.2019 
 Coded by: Martha M. Hoffmann 
 Reiner Lemoine Institute (Berlin) 
 
 
2019-11-01 15:36:40,526 - INFO - C_sensitivity_experiments - Parameters of sensitivity analysis
2019-11-01 15:36:40,528 - INFO - C_sensitivity_experiments - Randomized blackout timeseries for all combinations of blackout duration and frequency (1 experiments) will be generated.
2019-11-01 15:36:40,661 - DEBUG - C_sensitivity_experiments - Generating header for results.csv
2019-11-01 15:36:40,692 - INFO - C_sensitivity_experiments - For 1 project sites with 1 scenarios each, 1 sensitivity_experiment_s will be performed for each case.
2019-11-01 15:36:40,698 - INFO - E_blackouts_central_grid - Blackout experiment 1: Blackout duration 2.5 hrs, blackout frequency 4 per month
2019-11-01 15:36:40,699 - INFO - E_blackouts_central_grid - Number of blackouts in simulated timeframe: 48
2019-11-01 15:36:40,705 - DEBUG - E_blackouts_central_grid - Blackouts events occur on following dates: 2019-01-01 04:00:00, 2019-01-09 16:00:00, 2019-01-30 11:00:00, 2019-01-31 13:00:00, 2019-02-01 00:00:00, 2019-02-03 19:00:00, 2019-02-09 02:00:00, 2019-02-11 08:00:00, 2019-02-12 12:00:00, 2019-02-20 18:00:00, 2019-02-27 03:00:00, 2019-03-08 03:00:00, 2019-03-13 12:00:00, 2019-03-14 02:00:00, 2019-03-17 01:00:00, 2019-03-25 10:00:00, 2019-04-12 20:00:00, 2019-04-13 18:00:00, 2019-04-20 07:00:00, 2019-05-05 05:00:00, 2019-05-15 22:00:00, 2019-05-20 15:00:00, 2019-06-06 04:00:00, 2019-06-18 04:00:00, 2019-06-25 21:00:00, 2019-07-02 05:00:00, 2019-07-09 05:00:00, 2019-07-10 04:00:00, 2019-07-18 17:00:00, 2019-07-25 11:00:00, 2019-07-25 13:00:00, 2019-08-07 09:00:00, 2019-08-08 10:00:00, 2019-09-09 10:00:00, 2019-09-23 00:00:00, 2019-10-03 00:00:00, 2019-10-09 18:00:00, 2019-10-27 04:00:00, 2019-11-10 21:00:00, 2019-11-13 15:00:00, 2019-11-17 11:00:00, 2019-11-30 13:00:00, 2019-12-05 05:00:00, 2019-12-09 09:00:00, 2019-12-12 21:00:00, 2019-12-22 16:00:00, 2019-12-23 18:00:00, 2019-12-27 15:00:00
2019-11-01 15:36:40,706 - INFO - E_blackouts_central_grid - Accumulated blackout duration: 120.0
2019-11-01 15:36:40,706 - INFO - E_blackouts_central_grid - Accumulated blackout duration (rounded to timestep): 96.0
2019-11-01 15:36:42,976 - DEBUG - E_blackouts_central_grid - A blackout event overlaps with another!
2019-11-01 15:36:44,621 - INFO - E_blackouts_central_grid - Grid is not operational for 96 hours, with a reliability of 98.9 percent. 

2019-11-01 15:36:44,623 - INFO - E_blackouts_central_grid - Missing blackout timeseries added through auto-generation.
2019-11-01 15:36:44,666 - DEBUG - core - Creating PluginEnvironment 'pca'
2019-11-01 15:36:44,666 - DEBUG - core - Pushing environment 'pca' on the PluginGlobals stack
2019-11-01 15:36:44,825 - DEBUG - core - Pushing environment 'pca' on the PluginGlobals stack
2019-11-01 15:36:44,833 - DEBUG - core - Popping environment 'pca' from the PluginGlobals stack
2019-11-01 15:36:44,835 - DEBUG - core - Pushing environment 'pca' on the PluginGlobals stack
2019-11-01 15:36:45,878 - DEBUG - A_offgridders_wrapper - Using grid availability timeseries that was randomly generated.
2019-11-01 15:36:45,878 - INFO - A_offgridders_wrapper - Starting simulation, project site test_site.
2019-11-01 15:36:45,879 - DEBUG - G1_oemof_create_model - Complete case dictionary:
2019-11-01 15:36:45,879 - DEBUG - G1_oemof_create_model - {'case_name': 'hoevelaken', 'filename': 'hoevelaken', 'total_demand_ac': 35000.00000000003, 'total_demand_dc': 0.0, 'peak_demand': 5.665948672643064, 'evaluated_days': 365, 'genset_with_minimal_loading': False, 'storage_fixed_capacity': False, 'storage_fixed_power': False, 'genset_fixed_capacity': False, 'pv_fixed_capacity': False, 'pcc_consumption_fixed_capacity': False, 'pcc_feedin_fixed_capacity': False, 'wind_fixed_capacity': False, 'rectifier_ac_dc_fixed_capacity': False, 'inverter_dc_ac_fixed_capacity': False, 'allow_shortage': True, 'max_shortage': 0, 'stability_constraint': 'share_hybrid', 'renewable_share_constraint': False, 'number_of_equal_generators': 1, 'evaluation_perspective': 'AC_system', 'force_charge_from_maingrid': False, 'discharge_only_when_blackout': False, 'enable_inverter_only_at_backout': False}
2019-11-01 15:36:45,879 - DEBUG - G1_oemof_create_model - Create oemof model by adding case-specific busses and components.
2019-11-01 15:36:45,880 - DEBUG - G1_oemof_create_model - Added to oemof model: Electricity bus of energy system, AC
2019-11-01 15:36:45,881 - DEBUG - G2a_oemof_busses_and_componets - Added to oemof model: demand AC
2019-11-01 15:36:45,886 - DEBUG - G1_oemof_create_model - Added to oemof model: Fuel bus
2019-11-01 15:36:45,888 - DEBUG - G2a_oemof_busses_and_componets - Added to oemof model: source fuel
2019-11-01 15:36:45,889 - DEBUG - G2a_oemof_busses_and_componets - Added to oemof model: genset oem no minload
2019-11-01 15:36:45,891 - DEBUG - G2a_oemof_busses_and_componets - Added to oemof model: wind
2019-11-01 15:36:45,893 - DEBUG - G2a_oemof_busses_and_componets - Added to oemof model: maingrid consumption
2019-11-01 15:36:45,894 - DEBUG - G2a_oemof_busses_and_componets - Added to oemof model: maingrid feedin
2019-11-01 15:36:45,895 - DEBUG - G2a_oemof_busses_and_componets - Added to oemof model: pcc consumption oem
2019-11-01 15:36:45,895 - DEBUG - G2a_oemof_busses_and_componets - Added to oemof model: pcc feedin oem
2019-11-01 15:36:45,895 - DEBUG - G1_oemof_create_model - Added to oemof model: Electricity bus of energy system, DC
2019-11-01 15:36:45,896 - DEBUG - G2a_oemof_busses_and_componets - Added to oemof model: demand DC
2019-11-01 15:36:45,897 - DEBUG - G2a_oemof_busses_and_componets - Added to oemof model: pv oem
2019-11-01 15:36:45,897 - DEBUG - G2a_oemof_busses_and_componets - Added to oemof model: storage oem
2019-11-01 15:36:45,898 - DEBUG - G2a_oemof_busses_and_componets - Added to oemof model: rectifier oem
2019-11-01 15:36:45,900 - DEBUG - G2a_oemof_busses_and_componets - Added to oemof model: inverter_dc_ac oem
2019-11-01 15:36:45,900 - DEBUG - G2a_oemof_busses_and_componets - Added to oemof model: excess
2019-11-01 15:36:45,901 - DEBUG - G2a_oemof_busses_and_componets - Added to oemof model: source shortage
2019-11-01 15:36:45,901 - DEBUG - G1_oemof_create_model - Create oemof model based on created components and busses.
2019-11-01 15:37:12,915 - INFO - G1_oemof_create_model - Added constraint: Stability though actual generation of diesel generators and backup through batteries.
2019-11-01 15:37:18,494 - INFO - G1_oemof_create_model - Simulating...
2019-11-01 15:40:14,046 - INFO - models - Optimization successful...
2019-11-01 15:40:14,074 - DEBUG - G1_oemof_create_model - Problem solved
2019-11-01 15:40:20,552 - DEBUG - energy_system - Attributes dumped to: data/outputs/20191101143610/oemof\hoevelaken.oemof
2019-11-01 15:40:20,552 - DEBUG - G1_oemof_create_model - Stored results in data/outputs/20191101143610/oemof/hoevelaken.oemof
2019-11-01 15:40:20,552 - DEBUG - G1_oemof_create_model - Restore the energy system and the results.
2019-11-01 15:40:20,554 - INFO - energy_system - Restoring attributes will overwrite existing attributes.
2019-11-01 15:40:20,587 - DEBUG - energy_system - Attributes restored from: data/outputs/20191101143610/oemof\hoevelaken.oemof
2019-11-01 15:40:20,593 - DEBUG - G3_oemof_evaluate - Evaluate flow: demand
2019-11-01 15:40:20,613 - DEBUG - G3_oemof_evaluate - Evaluate flow: shortage
2019-11-01 15:40:20,632 - DEBUG - G3_oemof_evaluate - Evaluate excess: 
2019-11-01 15:40:20,649 - DEBUG - G3_oemof_evaluate - Evaluate flow: fuel
2019-11-01 15:40:20,651 - DEBUG - G3_oemof_evaluate - Evaluate flow: genset
2019-11-01 15:40:20,655 - DEBUG - G3_oemof_evaluate - Evaluate flow: main grid
2019-11-01 15:40:20,673 - DEBUG - G3_oemof_evaluate - Evaluate flow: wind
2019-11-01 15:40:20,677 - DEBUG - G3_oemof_evaluate - Evaluate flow: pv
2019-11-01 15:40:20,682 - DEBUG - G3_oemof_evaluate - Evaluate flow: storage
2019-11-01 15:40:20,703 - DEBUG - G3_oemof_evaluate - Evaluate flow: rectifier
2019-11-01 15:40:20,710 - DEBUG - G3_oemof_evaluate - Evaluate flow: rectifier
2019-11-01 15:40:20,718 - DEBUG - G3_oemof_evaluate - Evaluate: res share
2019-11-01 15:40:20,718 - DEBUG - G3b_plausability_tests - Plausibility test: Charge/Discharge
2019-11-01 15:40:20,817 - DEBUG - G3b_plausability_tests - Plausibility test: Demand/Supply/Shortage
2019-11-01 15:40:21,063 - DEBUG - G3b_plausability_tests - Plausibility test: Feedin/Consumption
2019-11-01 15:40:21,063 - DEBUG - G3b_plausability_tests - Plausibility test: Grid availability consumption
2019-11-01 15:40:21,063 - DEBUG - G3b_plausability_tests - Plausibility test: Grid availability/Feedin
2019-11-01 15:40:21,064 - DEBUG - G3b_plausability_tests - Plausibility test: Excess/shortage
2019-11-01 15:40:21,064 - DEBUG - G3b_plausability_tests - Plausibility test: Excess/Feedin
2019-11-01 15:40:21,862 - DEBUG - G2b_constraints_custom - Stability criterion is fullfilled.
2019-11-01 15:40:21,862 - DEBUG - G4_output_functions - Saving flows MG.
2019-11-01 15:40:22,781 - DEBUG - _base - update_title_pos
2019-11-01 15:40:22,887 - DEBUG - font_manager - findfont: Matching :family=sans-serif:style=normal:variant=normal:weight=normal:stretch=normal:size=12.0 to DejaVu Sans ('C:\\Users\\bindu\\AppData\\Roaming\\Python\\Python36\\site-packages\\matplotlib\\mpl-data\\fonts\\ttf\\DejaVuSans.ttf') with score of 0.050000.
2019-11-01 15:40:22,917 - DEBUG - _base - update_title_pos
2019-11-01 15:40:23,029 - DEBUG - _base - update_title_pos
2019-11-01 15:40:23,087 - DEBUG - _base - update_title_pos
2019-11-01 15:40:23,232 - DEBUG - _base - update_title_pos
2019-11-01 15:40:23,314 - DEBUG - _base - update_title_pos
2019-11-01 15:40:23,361 - DEBUG - _base - update_title_pos
2019-11-01 15:40:23,483 - DEBUG - _base - update_title_pos
2019-11-01 15:40:23,585 - DEBUG - _base - update_title_pos
2019-11-01 15:40:23,716 - DEBUG - _base - update_title_pos
2019-11-01 15:40:23,914 - DEBUG - _base - update_title_pos
2019-11-01 15:40:23,968 - DEBUG - _base - update_title_pos
2019-11-01 15:40:24,014 - DEBUG - _base - update_title_pos
2019-11-01 15:40:24,033 - DEBUG - _base - update_title_pos
2019-11-01 15:40:24,069 - DEBUG - _base - update_title_pos
2019-11-01 15:40:24,087 - DEBUG - _base - update_title_pos
2019-11-01 15:40:24,103 - DEBUG - _base - update_title_pos
2019-11-01 15:40:24,147 - DEBUG - _base - update_title_pos
2019-11-01 15:40:24,198 - DEBUG - _base - update_title_pos
2019-11-01 15:40:24,244 - DEBUG - _base - update_title_pos
2019-11-01 15:40:24,322 - DEBUG - G4_output_functions - Saving flows storage.
2019-11-01 15:40:24,588 - DEBUG - _base - update_title_pos
2019-11-01 15:40:24,739 - DEBUG - _base - update_title_pos
2019-11-01 15:40:24,827 - DEBUG - _base - update_title_pos
2019-11-01 15:40:24,871 - DEBUG - _base - update_title_pos
2019-11-01 15:40:25,000 - DEBUG - _base - update_title_pos
2019-11-01 15:40:25,180 - DEBUG - _base - update_title_pos
2019-11-01 15:40:25,246 - DEBUG - _base - update_title_pos
2019-11-01 15:40:25,277 - DEBUG - _base - update_title_pos
2019-11-01 15:40:25,299 - DEBUG - _base - update_title_pos
2019-11-01 15:40:25,394 - DEBUG - _base - update_title_pos
2019-11-01 15:40:25,504 - DEBUG - G3a_economic_evaluation - Economic evaluation. Calculating investment costs over analysed timeframe.
2019-11-01 15:40:25,505 - DEBUG - G3a_economic_evaluation - Economic evaluation. Calculating O&M costs over analysed timeframe.
2019-11-01 15:40:25,505 - DEBUG - G3a_economic_evaluation - Economic evaluation. Scaling investment costs and O&M to year.
2019-11-01 15:40:25,505 - DEBUG - G3a_economic_evaluation - Economic evaluation. Calculating present costs.
2019-11-01 15:40:25,505 - DEBUG - G3a_economic_evaluation - Economic evaluation. Calculating fuel consumption and expenditures.
2019-11-01 15:40:25,505 - DEBUG - G3a_economic_evaluation - Economic evaluation. Calculating shortage and expenditures.
2019-11-01 15:40:25,505 - DEBUG - G3a_economic_evaluation - Economic evaluation. Calculating main grid consumption and expenditures.
2019-11-01 15:40:25,505 - DEBUG - G3a_economic_evaluation - Economic evaluation. Calculating feeding and revenues.
2019-11-01 15:40:25,505 - INFO - G0_oemof_simulate - Simulation of case "hoevelaken" resulted in : 
                  0.264 currency/kWh, at a renewable share of 5.86 percent with a reliability of 100.0 percent
2019-11-01 15:40:25,506 - INFO - G0_oemof_simulate -     Initial simulation time (s): 146.15 / Actual evaluation time (s): 219.63
2019-11-01 15:40:25,506 - DEBUG - G0_oemof_simulate -     Exact OEM results of case "hoevelaken" : 
                  5.313 kWh battery, 0.0 kWp PV, 0.0 kW wind, 3.264 kW genset at a renewable share of 5.86 percent with a reliability of 100.0 percent
2019-11-01 15:40:25,506 - DEBUG - G0_oemof_simulate -     Simulation of case hoevelaken complete.
2019-11-01 15:40:25,507 - DEBUG - G0_oemof_simulate - 

2019-11-01 15:40:25,665 - INFO - A_offgridders_wrapper -     Estimated simulation time left: 0.0 minutes.
2019-11-01 15:40:25,665 - INFO - A_offgridders_wrapper - 
 Simulation complete. Resulting parameters saved in "results.csv". 
 Overview over results:
