******************************************************
2019-10-21 10:07:02,943 - INFO - logger - Path for logging: data/outputs/20191021080651/micro_grid_design_logfile.log
2019-10-21 10:07:02,944 - INFO - logger - Used oemof version: 0.2.2
2019-10-21 10:07:02,944 - INFO - A_offgridders_wrapper - 
 
 MICRO GRID TOOL 3.0
 Version: 19.06.2019 
 Coded by: Martha M. Hoffmann 
 Reiner Lemoine Institute (Berlin) 
 
 
2019-10-21 10:07:02,946 - INFO - C_sensitivity_experiments - Parameters of sensitivity analysis
2019-10-21 10:07:02,949 - INFO - C_sensitivity_experiments - Randomized blackout timeseries for all combinations of blackout duration and frequency (1 experiments) will be generated.
2019-10-21 10:07:03,198 - DEBUG - C_sensitivity_experiments - Generating header for results.csv
2019-10-21 10:07:03,248 - INFO - C_sensitivity_experiments - For 1 project sites with 1 scenarios each, 1 sensitivity_experiment_s will be performed for each case.
2019-10-21 10:07:03,251 - INFO - E_blackouts_central_grid - Blackout experiment 1: Blackout duration 2.5 hrs, blackout frequency 0 per month
2019-10-21 10:07:03,252 - INFO - E_blackouts_central_grid - Number of blackouts in simulated timeframe: 0
2019-10-21 10:07:03,252 - INFO - E_blackouts_central_grid - Grid is not operational for 0 hours, with a reliability of 100.0 percent. 

2019-10-21 10:07:03,254 - INFO - E_blackouts_central_grid - Missing blackout timeseries added through auto-generation.
2019-10-21 10:07:04,095 - DEBUG - A_offgridders_wrapper - Using grid availability timeseries that was randomly generated.
2019-10-21 10:07:04,096 - INFO - A_offgridders_wrapper - Starting simulation, project site test_site.
2019-10-21 10:07:04,096 - DEBUG - G1_oemof_create_model - Complete case dictionary:
2019-10-21 10:07:04,096 - DEBUG - G1_oemof_create_model - {'case_name': 'hoevelaken', 'filename': 'hoevelaken', 'total_demand_ac': 512.7284923996475, 'total_demand_dc': 0.0, 'peak_demand': 5.382346945312058, 'evaluated_days': 5, 'genset_with_minimal_loading': False, 'storage_fixed_capacity': False, 'storage_fixed_power': False, 'genset_fixed_capacity': False, 'pv_fixed_capacity': False, 'pcc_consumption_fixed_capacity': None, 'pcc_feedin_fixed_capacity': None, 'wind_fixed_capacity': False, 'rectifier_ac_dc_fixed_capacity': False, 'inverter_dc_ac_fixed_capacity': False, 'allow_shortage': True, 'max_shortage': 0, 'stability_constraint': 'share_hybrid', 'renewable_share_constraint': False, 'number_of_equal_generators': 1, 'evaluation_perspective': 'AC_system', 'force_charge_from_maingrid': False, 'discharge_only_when_blackout': False, 'enable_inverter_only_at_backout': False}
2019-10-21 10:07:04,096 - DEBUG - G1_oemof_create_model - Create oemof model by adding case-specific busses and components.
2019-10-21 10:07:04,099 - DEBUG - G1_oemof_create_model - Added to oemof model: Electricity bus of energy system, AC
2019-10-21 10:07:04,099 - DEBUG - G2a_oemof_busses_and_componets - Added to oemof model: demand AC
2019-10-21 10:07:04,113 - DEBUG - G1_oemof_create_model - Added to oemof model: Fuel bus
2019-10-21 10:07:04,116 - DEBUG - G2a_oemof_busses_and_componets - Added to oemof model: source fuel
2019-10-21 10:07:04,118 - DEBUG - G2a_oemof_busses_and_componets - Added to oemof model: genset oem no minload
2019-10-21 10:07:04,121 - DEBUG - G2a_oemof_busses_and_componets - Added to oemof model: wind
2019-10-21 10:07:04,125 - DEBUG - G1_oemof_create_model - Added to oemof model: Electricity bus of energy system, DC
2019-10-21 10:07:04,125 - DEBUG - G2a_oemof_busses_and_componets - Added to oemof model: demand DC
2019-10-21 10:07:04,126 - DEBUG - G2a_oemof_busses_and_componets - Added to oemof model: pv oem
2019-10-21 10:07:04,128 - DEBUG - G2a_oemof_busses_and_componets - Added to oemof model: storage oem
2019-10-21 10:07:04,129 - DEBUG - G2a_oemof_busses_and_componets - Added to oemof model: rectifier oem
2019-10-21 10:07:04,132 - DEBUG - G2a_oemof_busses_and_componets - Added to oemof model: inverter_dc_ac oem
2019-10-21 10:07:04,133 - DEBUG - G2a_oemof_busses_and_componets - Added to oemof model: excess
2019-10-21 10:07:04,133 - DEBUG - G2a_oemof_busses_and_componets - Added to oemof model: source shortage
2019-10-21 10:07:04,134 - DEBUG - G1_oemof_create_model - Create oemof model based on created components and busses.
2019-10-21 10:07:04,637 - INFO - G1_oemof_create_model - Added constraint: Stability though actual generation of diesel generators and backup through batteries.
2019-10-21 10:07:04,745 - INFO - G1_oemof_create_model - Simulating...
2019-10-21 10:07:05,421 - INFO - models - Optimization successful...
2019-10-21 10:07:05,422 - DEBUG - G1_oemof_create_model - Problem solved
2019-10-21 10:07:05,847 - DEBUG - energy_system - Attributes dumped to: data/outputs/20191021080651/oemof/hoevelaken.oemof
2019-10-21 10:07:05,847 - DEBUG - G1_oemof_create_model - Stored results in data/outputs/20191021080651/oemof/hoevelaken.oemof
2019-10-21 10:07:05,847 - DEBUG - G1_oemof_create_model - Restore the energy system and the results.
2019-10-21 10:07:05,849 - INFO - energy_system - Restoring attributes will overwrite existing attributes.
2019-10-21 10:07:05,864 - DEBUG - energy_system - Attributes restored from: data/outputs/20191021080651/oemof/hoevelaken.oemof
2019-10-21 10:07:05,870 - DEBUG - G3_oemof_evaluate - Evaluate flow: demand
2019-10-21 10:07:05,878 - DEBUG - G3_oemof_evaluate - Evaluate flow: shortage
2019-10-21 10:07:05,892 - DEBUG - G3_oemof_evaluate - Evaluate excess: 
2019-10-21 10:07:05,903 - DEBUG - G3_oemof_evaluate - Evaluate flow: fuel
2019-10-21 10:07:05,905 - DEBUG - G3_oemof_evaluate - Evaluate flow: genset
2019-10-21 10:07:05,912 - DEBUG - G3_oemof_evaluate - Evaluate flow: main grid
2019-10-21 10:07:05,922 - DEBUG - G3_oemof_evaluate - Evaluate flow: wind
2019-10-21 10:07:05,925 - DEBUG - G3_oemof_evaluate - Evaluate flow: pv
2019-10-21 10:07:05,933 - DEBUG - G3_oemof_evaluate - Evaluate flow: storage
2019-10-21 10:07:05,969 - DEBUG - G3_oemof_evaluate - Evaluate flow: rectifier
2019-10-21 10:07:05,977 - DEBUG - G3_oemof_evaluate - Evaluate flow: rectifier
2019-10-21 10:07:05,985 - DEBUG - G3_oemof_evaluate - Evaluate: res share
2019-10-21 10:07:05,985 - DEBUG - G3b_plausability_tests - Plausibility test: Charge/Discharge
2019-10-21 10:07:05,990 - DEBUG - G3b_plausability_tests - Plausibility test: Demand/Supply/Shortage
2019-10-21 10:07:06,001 - DEBUG - G3b_plausability_tests - Plausibility test: Feedin/Consumption
2019-10-21 10:07:06,001 - DEBUG - G3b_plausability_tests - Plausibility test: Grid availability consumption
2019-10-21 10:07:06,001 - DEBUG - G3b_plausability_tests - Plausibility test: Grid availability/Feedin
2019-10-21 10:07:06,001 - DEBUG - G3b_plausability_tests - Plausibility test: Excess/shortage
2019-10-21 10:07:06,001 - DEBUG - G3b_plausability_tests - Plausibility test: Excess/Feedin
2019-10-21 10:07:06,062 - WARNING - G2b_constraints_custom - Stability criterion is strictly not fullfilled, but deviation is less then e6.
2019-10-21 10:07:06,062 - DEBUG - G4_output_functions - Saving flows MG.
2019-10-21 10:07:06,343 - DEBUG - _base - update_title_pos
2019-10-21 10:07:06,406 - DEBUG - font_manager - findfont: Matching :family=sans-serif:style=normal:variant=normal:weight=normal:stretch=normal:size=12.0 to DejaVu Sans ('/home/cabbage/anaconda3/envs/logic-fork/lib/python3.6/site-packages/matplotlib/mpl-data/fonts/ttf/DejaVuSans.ttf') with score of 0.050000.
2019-10-21 10:07:06,464 - DEBUG - _base - update_title_pos
2019-10-21 10:07:06,602 - DEBUG - _base - update_title_pos
2019-10-21 10:07:06,636 - DEBUG - _base - update_title_pos
2019-10-21 10:07:06,720 - DEBUG - _base - update_title_pos
2019-10-21 10:07:06,770 - DEBUG - _base - update_title_pos
2019-10-21 10:07:06,802 - DEBUG - _base - update_title_pos
2019-10-21 10:07:06,893 - DEBUG - _base - update_title_pos
2019-10-21 10:07:07,458 - DEBUG - _base - update_title_pos
2019-10-21 10:07:07,579 - DEBUG - _base - update_title_pos
2019-10-21 10:07:07,710 - DEBUG - _base - update_title_pos
2019-10-21 10:07:07,738 - DEBUG - _base - update_title_pos
2019-10-21 10:07:07,789 - DEBUG - _base - update_title_pos
2019-10-21 10:07:07,817 - DEBUG - _base - update_title_pos
2019-10-21 10:07:07,842 - DEBUG - _base - update_title_pos
2019-10-21 10:07:07,931 - DEBUG - _base - update_title_pos
2019-10-21 10:07:08,174 - DEBUG - G4_output_functions - Saving flows storage.
2019-10-21 10:07:08,299 - DEBUG - _base - update_title_pos
2019-10-21 10:07:08,452 - DEBUG - _base - update_title_pos
2019-10-21 10:07:08,498 - DEBUG - _base - update_title_pos
2019-10-21 10:07:08,525 - DEBUG - _base - update_title_pos
2019-10-21 10:07:08,881 - DEBUG - _base - update_title_pos
2019-10-21 10:07:09,057 - DEBUG - _base - update_title_pos
2019-10-21 10:07:09,132 - DEBUG - _base - update_title_pos
2019-10-21 10:07:09,177 - DEBUG - _base - update_title_pos
2019-10-21 10:07:09,416 - DEBUG - G3a_economic_evaluation - Economic evaluation. Calculating investment costs over analysed timeframe.
2019-10-21 10:07:09,417 - DEBUG - G3a_economic_evaluation - Economic evaluation. Calculating O&M costs over analysed timeframe.
2019-10-21 10:07:09,417 - DEBUG - G3a_economic_evaluation - Economic evaluation. Scaling investment costs and O&M to year.
2019-10-21 10:07:09,417 - DEBUG - G3a_economic_evaluation - Economic evaluation. Calculating present costs.
2019-10-21 10:07:09,417 - DEBUG - G3a_economic_evaluation - Economic evaluation. Calculating fuel consumption and expenditures.
2019-10-21 10:07:09,417 - DEBUG - G3a_economic_evaluation - Economic evaluation. Calculating shortage and expenditures.
2019-10-21 10:07:09,417 - INFO - G0_oemof_simulate - Simulation of case "hoevelaken" resulted in : 
                  0.251 currency/kWh, at a renewable share of 97.5 percent with a reliability of 100.0 percent
2019-10-21 10:07:09,417 - INFO - G0_oemof_simulate -     Initial simulation time (s): 0.07 / Actual evaluation time (s): 5.32
2019-10-21 10:07:09,418 - DEBUG - G0_oemof_simulate -     Exact OEM results of case "hoevelaken" : 
                  14.987 kWh battery, 0.0 kWp PV, 18.467 kW wind, 0.407 kW genset at a renewable share of 97.5 percent with a reliability of 100.0 percent
2019-10-21 10:07:09,418 - DEBUG - G0_oemof_simulate -     Simulation of case hoevelaken complete.
2019-10-21 10:07:09,418 - DEBUG - G0_oemof_simulate - 

2019-10-21 10:07:09,516 - INFO - A_offgridders_wrapper -     Estimated simulation time left: 0.0 minutes.
2019-10-21 10:07:09,517 - INFO - A_offgridders_wrapper - 
 Simulation complete. Resulting parameters saved in "results.csv". 
 Overview over results:
2019-10-21 10:07:09,520 - INFO - _internal - 127.0.0.1 - - [21/Oct/2019 10:07:09] "GET /offgrid_simulator/ HTTP/1.1" 200 -
2019-10-21 10:07:26,297 - INFO - _internal - 127.0.0.1 - - [21/Oct/2019 10:07:26] "GET /offgrid_simulator/get_result/20191021080651 HTTP/1.1" 200 -
