******************************************************
2019-10-28 14:15:12,893 - INFO - logger - Path for logging: data/outputs/20191028131501\micro_grid_design_logfile.log
2019-10-28 14:15:12,895 - INFO - logger - Used oemof version: 0.2.2
2019-10-28 14:15:12,897 - INFO - A_offgridders_wrapper - 
 
 MICRO GRID TOOL 3.0
 Version: 19.06.2019 
 Coded by: Martha M. Hoffmann 
 Reiner Lemoine Institute (Berlin) 
 
 
2019-10-28 14:15:12,901 - INFO - C_sensitivity_experiments - Parameters of sensitivity analysis
2019-10-28 14:15:12,904 - INFO - C_sensitivity_experiments - Randomized blackout timeseries for all combinations of blackout duration and frequency (1 experiments) will be generated.
2019-10-28 14:15:13,255 - DEBUG - C_sensitivity_experiments - Generating header for results.csv
2019-10-28 14:15:13,332 - INFO - C_sensitivity_experiments - For 1 project sites with 1 scenarios each, 1 sensitivity_experiment_s will be performed for each case.
2019-10-28 14:15:13,338 - INFO - E_blackouts_central_grid - Blackout experiment 1: Blackout duration 2.5 hrs, blackout frequency 0 per month
2019-10-28 14:15:13,338 - INFO - E_blackouts_central_grid - Number of blackouts in simulated timeframe: 0
2019-10-28 14:15:13,339 - INFO - E_blackouts_central_grid - Grid is not operational for 0 hours, with a reliability of 100.0 percent. 

2019-10-28 14:15:13,343 - INFO - E_blackouts_central_grid - Missing blackout timeseries added through auto-generation.
2019-10-28 14:15:13,367 - DEBUG - core - Creating PluginEnvironment 'pca'
2019-10-28 14:15:13,368 - DEBUG - core - Pushing environment 'pca' on the PluginGlobals stack
2019-10-28 14:15:13,772 - DEBUG - core - Pushing environment 'pca' on the PluginGlobals stack
2019-10-28 14:15:13,862 - DEBUG - core - Popping environment 'pca' from the PluginGlobals stack
2019-10-28 14:15:13,865 - DEBUG - core - Pushing environment 'pca' on the PluginGlobals stack
2019-10-28 14:15:17,286 - DEBUG - A_offgridders_wrapper - Using grid availability timeseries that was randomly generated.
2019-10-28 14:15:17,287 - INFO - A_offgridders_wrapper - Starting simulation, project site test_site.
2019-10-28 14:15:17,287 - DEBUG - G1_oemof_create_model - Complete case dictionary:
2019-10-28 14:15:17,288 - DEBUG - G1_oemof_create_model - {'case_name': 'hoevelaken', 'filename': 'hoevelaken', 'total_demand_ac': 512.7284923996475, 'total_demand_dc': 0.0, 'peak_demand': 5.382346945312058, 'evaluated_days': 5, 'genset_with_minimal_loading': False, 'storage_fixed_capacity': False, 'storage_fixed_power': False, 'genset_fixed_capacity': False, 'pv_fixed_capacity': False, 'pcc_consumption_fixed_capacity': None, 'pcc_feedin_fixed_capacity': None, 'wind_fixed_capacity': False, 'rectifier_ac_dc_fixed_capacity': False, 'inverter_dc_ac_fixed_capacity': False, 'allow_shortage': True, 'max_shortage': 0, 'stability_constraint': 'share_hybrid', 'renewable_share_constraint': False, 'number_of_equal_generators': 1, 'evaluation_perspective': 'AC_system', 'force_charge_from_maingrid': False, 'discharge_only_when_blackout': False, 'enable_inverter_only_at_backout': False}
2019-10-28 14:15:17,288 - DEBUG - G1_oemof_create_model - Create oemof model by adding case-specific busses and components.
2019-10-28 14:15:17,290 - DEBUG - G1_oemof_create_model - Added to oemof model: Electricity bus of energy system, AC
2019-10-28 14:15:17,290 - DEBUG - G2a_oemof_busses_and_componets - Added to oemof model: demand AC
2019-10-28 14:15:17,296 - DEBUG - G1_oemof_create_model - Added to oemof model: Fuel bus
2019-10-28 14:15:17,297 - DEBUG - G2a_oemof_busses_and_componets - Added to oemof model: source fuel
2019-10-28 14:15:17,299 - DEBUG - G2a_oemof_busses_and_componets - Added to oemof model: genset oem no minload
2019-10-28 14:15:17,301 - DEBUG - G2a_oemof_busses_and_componets - Added to oemof model: wind
2019-10-28 14:15:17,303 - DEBUG - G1_oemof_create_model - Added to oemof model: Electricity bus of energy system, DC
2019-10-28 14:15:17,303 - DEBUG - G2a_oemof_busses_and_componets - Added to oemof model: demand DC
2019-10-28 14:15:17,304 - DEBUG - G2a_oemof_busses_and_componets - Added to oemof model: pv oem
2019-10-28 14:15:17,305 - DEBUG - G2a_oemof_busses_and_componets - Added to oemof model: storage oem
2019-10-28 14:15:17,305 - DEBUG - G2a_oemof_busses_and_componets - Added to oemof model: rectifier oem
2019-10-28 14:15:17,307 - DEBUG - G2a_oemof_busses_and_componets - Added to oemof model: inverter_dc_ac oem
2019-10-28 14:15:17,307 - DEBUG - G2a_oemof_busses_and_componets - Added to oemof model: excess
2019-10-28 14:15:17,308 - DEBUG - G2a_oemof_busses_and_componets - Added to oemof model: source shortage
2019-10-28 14:15:17,308 - DEBUG - G1_oemof_create_model - Create oemof model based on created components and busses.
2019-10-28 14:15:17,608 - INFO - G1_oemof_create_model - Added constraint: Stability though actual generation of diesel generators and backup through batteries.
2019-10-28 14:15:17,683 - INFO - G1_oemof_create_model - Simulating...
2019-10-28 14:15:18,402 - INFO - models - Optimization successful...
2019-10-28 14:15:18,404 - DEBUG - G1_oemof_create_model - Problem solved
2019-10-28 14:15:18,728 - DEBUG - energy_system - Attributes dumped to: data/outputs/20191028131501/oemof\hoevelaken.oemof
2019-10-28 14:15:18,730 - DEBUG - G1_oemof_create_model - Stored results in data/outputs/20191028131501/oemof/hoevelaken.oemof
2019-10-28 14:15:18,731 - DEBUG - G1_oemof_create_model - Restore the energy system and the results.
2019-10-28 14:15:18,732 - INFO - energy_system - Restoring attributes will overwrite existing attributes.
2019-10-28 14:15:18,765 - DEBUG - energy_system - Attributes restored from: data/outputs/20191028131501/oemof\hoevelaken.oemof
2019-10-28 14:15:18,773 - DEBUG - G3_oemof_evaluate - Evaluate flow: demand
2019-10-28 14:15:18,782 - DEBUG - G3_oemof_evaluate - Evaluate flow: shortage
2019-10-28 14:15:18,790 - DEBUG - G3_oemof_evaluate - Evaluate excess: 
2019-10-28 14:15:18,798 - DEBUG - G3_oemof_evaluate - Evaluate flow: fuel
2019-10-28 14:15:18,800 - DEBUG - G3_oemof_evaluate - Evaluate flow: genset
2019-10-28 14:15:18,804 - DEBUG - G3_oemof_evaluate - Evaluate flow: main grid
2019-10-28 14:15:18,808 - DEBUG - G3_oemof_evaluate - Evaluate flow: wind
2019-10-28 14:15:18,810 - DEBUG - G3_oemof_evaluate - Evaluate flow: pv
2019-10-28 14:15:18,814 - DEBUG - G3_oemof_evaluate - Evaluate flow: storage
2019-10-28 14:15:18,854 - DEBUG - G3_oemof_evaluate - Evaluate flow: rectifier
2019-10-28 14:15:18,860 - DEBUG - G3_oemof_evaluate - Evaluate flow: rectifier
2019-10-28 14:15:18,866 - DEBUG - G3_oemof_evaluate - Evaluate: res share
2019-10-28 14:15:18,866 - DEBUG - G3b_plausability_tests - Plausibility test: Charge/Discharge
2019-10-28 14:15:18,871 - DEBUG - G3b_plausability_tests - Plausibility test: Demand/Supply/Shortage
2019-10-28 14:15:18,875 - DEBUG - G3b_plausability_tests - Plausibility test: Feedin/Consumption
2019-10-28 14:15:18,875 - DEBUG - G3b_plausability_tests - Plausibility test: Grid availability consumption
2019-10-28 14:15:18,875 - DEBUG - G3b_plausability_tests - Plausibility test: Grid availability/Feedin
2019-10-28 14:15:18,875 - DEBUG - G3b_plausability_tests - Plausibility test: Excess/shortage
2019-10-28 14:15:18,875 - DEBUG - G3b_plausability_tests - Plausibility test: Excess/Feedin
2019-10-28 14:15:18,912 - WARNING - G2b_constraints_custom - Stability criterion is strictly not fullfilled, but deviation is less then e6.
2019-10-28 14:15:18,913 - DEBUG - G4_output_functions - Saving flows MG.
2019-10-28 14:15:19,240 - DEBUG - _base - update_title_pos
2019-10-28 14:15:19,278 - DEBUG - font_manager - findfont: Matching :family=sans-serif:style=normal:variant=normal:weight=normal:stretch=normal:size=12.0 to DejaVu Sans ('C:\\Users\\marie\\Anaconda3\\envs\\logic\\lib\\site-packages\\matplotlib\\mpl-data\\fonts\\ttf\\DejaVuSans.ttf') with score of 0.050000.
2019-10-28 14:15:19,300 - DEBUG - _base - update_title_pos
2019-10-28 14:15:19,347 - DEBUG - _base - update_title_pos
2019-10-28 14:15:19,370 - DEBUG - _base - update_title_pos
2019-10-28 14:15:19,411 - DEBUG - _base - update_title_pos
2019-10-28 14:15:19,432 - DEBUG - _base - update_title_pos
2019-10-28 14:15:19,451 - DEBUG - _base - update_title_pos
2019-10-28 14:15:19,503 - DEBUG - _base - update_title_pos
2019-10-28 14:15:19,972 - DEBUG - _base - update_title_pos
2019-10-28 14:15:20,015 - DEBUG - _base - update_title_pos
2019-10-28 14:15:20,055 - DEBUG - _base - update_title_pos
2019-10-28 14:15:20,074 - DEBUG - _base - update_title_pos
2019-10-28 14:15:20,112 - DEBUG - _base - update_title_pos
2019-10-28 14:15:20,131 - DEBUG - _base - update_title_pos
2019-10-28 14:15:20,147 - DEBUG - _base - update_title_pos
2019-10-28 14:15:20,187 - DEBUG - _base - update_title_pos
2019-10-28 14:15:20,356 - DEBUG - G4_output_functions - Saving flows storage.
2019-10-28 14:15:20,611 - DEBUG - _base - update_title_pos
2019-10-28 14:15:20,710 - DEBUG - _base - update_title_pos
2019-10-28 14:15:20,745 - DEBUG - _base - update_title_pos
2019-10-28 14:15:20,765 - DEBUG - _base - update_title_pos
2019-10-28 14:15:21,158 - DEBUG - _base - update_title_pos
2019-10-28 14:15:21,233 - DEBUG - _base - update_title_pos
2019-10-28 14:15:21,275 - DEBUG - _base - update_title_pos
2019-10-28 14:15:21,298 - DEBUG - _base - update_title_pos
2019-10-28 14:15:21,491 - DEBUG - G3a_economic_evaluation - Economic evaluation. Calculating investment costs over analysed timeframe.
2019-10-28 14:15:21,491 - DEBUG - G3a_economic_evaluation - Economic evaluation. Calculating O&M costs over analysed timeframe.
2019-10-28 14:15:21,491 - DEBUG - G3a_economic_evaluation - Economic evaluation. Scaling investment costs and O&M to year.
2019-10-28 14:15:21,492 - DEBUG - G3a_economic_evaluation - Economic evaluation. Calculating present costs.
2019-10-28 14:15:21,492 - DEBUG - G3a_economic_evaluation - Economic evaluation. Calculating fuel consumption and expenditures.
2019-10-28 14:15:21,492 - DEBUG - G3a_economic_evaluation - Economic evaluation. Calculating shortage and expenditures.
2019-10-28 14:15:21,492 - INFO - G0_oemof_simulate - Simulation of case "hoevelaken" resulted in : 
                  0.251 currency/kWh, at a renewable share of 97.5 percent with a reliability of 100.0 percent
2019-10-28 14:15:21,494 - INFO - G0_oemof_simulate -     Initial simulation time (s): 0.16 / Actual evaluation time (s): 4.2
2019-10-28 14:15:21,496 - DEBUG - G0_oemof_simulate -     Exact OEM results of case "hoevelaken" : 
                  14.987 kWh battery, 0.0 kWp PV, 18.467 kW wind, 0.407 kW genset at a renewable share of 97.5 percent with a reliability of 100.0 percent
2019-10-28 14:15:21,496 - DEBUG - G0_oemof_simulate -     Simulation of case hoevelaken complete.
2019-10-28 14:15:21,497 - DEBUG - G0_oemof_simulate - 

2019-10-28 14:15:21,629 - INFO - A_offgridders_wrapper -     Estimated simulation time left: 0.0 minutes.
2019-10-28 14:15:21,632 - INFO - A_offgridders_wrapper - 
 Simulation complete. Resulting parameters saved in "results.csv". 
 Overview over results:
