******************************************************
2019-10-29 14:09:17,314 - INFO - logger - Path for logging: data/outputs/20191029130907\micro_grid_design_logfile.log
2019-10-29 14:09:17,314 - INFO - logger - Used oemof version: 0.2.2
2019-10-29 14:09:17,314 - INFO - A_offgridders_wrapper - 
 
 MICRO GRID TOOL 3.0
 Version: 19.06.2019 
 Coded by: Martha M. Hoffmann 
 Reiner Lemoine Institute (Berlin) 
 
 
2019-10-29 14:09:17,330 - INFO - C_sensitivity_experiments - Parameters of sensitivity analysis
2019-10-29 14:09:17,330 - INFO - C_sensitivity_experiments - Randomized blackout timeseries for all combinations of blackout duration and frequency (1 experiments) will be generated.
2019-10-29 14:09:17,585 - DEBUG - C_sensitivity_experiments - Generating header for results.csv
2019-10-29 14:09:17,616 - INFO - C_sensitivity_experiments - For 1 project sites with 1 scenarios each, 1 sensitivity_experiment_s will be performed for each case.
2019-10-29 14:09:17,632 - INFO - E_blackouts_central_grid - Blackout experiment 1: Blackout duration 2.5 hrs, blackout frequency 0 per month
2019-10-29 14:09:17,632 - INFO - E_blackouts_central_grid - Number of blackouts in simulated timeframe: 0
2019-10-29 14:09:17,648 - INFO - E_blackouts_central_grid - Grid is not operational for 0 hours, with a reliability of 100.0 percent. 

2019-10-29 14:09:17,648 - INFO - E_blackouts_central_grid - Missing blackout timeseries added through auto-generation.
2019-10-29 14:09:17,749 - DEBUG - core - Creating PluginEnvironment 'pca'
2019-10-29 14:09:17,750 - DEBUG - core - Pushing environment 'pca' on the PluginGlobals stack
2019-10-29 14:09:18,088 - DEBUG - core - Pushing environment 'pca' on the PluginGlobals stack
2019-10-29 14:09:18,151 - DEBUG - core - Popping environment 'pca' from the PluginGlobals stack
2019-10-29 14:09:18,151 - DEBUG - core - Pushing environment 'pca' on the PluginGlobals stack
2019-10-29 14:09:21,949 - DEBUG - A_offgridders_wrapper - Using grid availability timeseries that was randomly generated.
2019-10-29 14:09:21,949 - INFO - A_offgridders_wrapper - Starting simulation, project site test_site.
2019-10-29 14:09:21,949 - DEBUG - G1_oemof_create_model - Complete case dictionary:
2019-10-29 14:09:21,949 - DEBUG - G1_oemof_create_model - {'case_name': 'hoevelaken', 'filename': 'hoevelaken', 'total_demand_ac': 35000.00000000003, 'total_demand_dc': 0.0, 'peak_demand': 5.665948672643064, 'evaluated_days': 365, 'genset_with_minimal_loading': False, 'storage_fixed_capacity': False, 'storage_fixed_power': False, 'genset_fixed_capacity': False, 'pv_fixed_capacity': False, 'pcc_consumption_fixed_capacity': None, 'pcc_feedin_fixed_capacity': None, 'wind_fixed_capacity': False, 'rectifier_ac_dc_fixed_capacity': False, 'inverter_dc_ac_fixed_capacity': False, 'allow_shortage': True, 'max_shortage': 0, 'stability_constraint': 'share_hybrid', 'renewable_share_constraint': False, 'number_of_equal_generators': 1, 'evaluation_perspective': 'AC_system', 'force_charge_from_maingrid': False, 'discharge_only_when_blackout': False, 'enable_inverter_only_at_backout': False}
2019-10-29 14:09:21,949 - DEBUG - G1_oemof_create_model - Create oemof model by adding case-specific busses and components.
2019-10-29 14:09:21,949 - DEBUG - G1_oemof_create_model - Added to oemof model: Electricity bus of energy system, AC
2019-10-29 14:09:21,949 - DEBUG - G2a_oemof_busses_and_componets - Added to oemof model: demand AC
2019-10-29 14:09:21,964 - DEBUG - G1_oemof_create_model - Added to oemof model: Fuel bus
2019-10-29 14:09:21,964 - DEBUG - G2a_oemof_busses_and_componets - Added to oemof model: source fuel
2019-10-29 14:09:21,964 - DEBUG - G2a_oemof_busses_and_componets - Added to oemof model: genset oem no minload
2019-10-29 14:09:21,964 - DEBUG - G2a_oemof_busses_and_componets - Added to oemof model: wind
2019-10-29 14:09:21,964 - DEBUG - G1_oemof_create_model - Added to oemof model: Electricity bus of energy system, DC
2019-10-29 14:09:21,964 - DEBUG - G2a_oemof_busses_and_componets - Added to oemof model: demand DC
2019-10-29 14:09:21,964 - DEBUG - G2a_oemof_busses_and_componets - Added to oemof model: pv oem
2019-10-29 14:09:21,964 - DEBUG - G2a_oemof_busses_and_componets - Added to oemof model: storage oem
2019-10-29 14:09:21,964 - DEBUG - G2a_oemof_busses_and_componets - Added to oemof model: rectifier oem
2019-10-29 14:09:21,964 - DEBUG - G2a_oemof_busses_and_componets - Added to oemof model: inverter_dc_ac oem
2019-10-29 14:09:21,964 - DEBUG - G2a_oemof_busses_and_componets - Added to oemof model: excess
2019-10-29 14:09:21,964 - DEBUG - G2a_oemof_busses_and_componets - Added to oemof model: source shortage
2019-10-29 14:09:21,964 - DEBUG - G1_oemof_create_model - Create oemof model based on created components and busses.
2019-10-29 14:09:46,896 - INFO - G1_oemof_create_model - Added constraint: Stability though actual generation of diesel generators and backup through batteries.
2019-10-29 14:09:52,110 - INFO - G1_oemof_create_model - Simulating...
2019-10-29 14:10:50,635 - INFO - models - Optimization successful...
2019-10-29 14:10:50,666 - DEBUG - G1_oemof_create_model - Problem solved
2019-10-29 14:10:56,385 - DEBUG - energy_system - Attributes dumped to: data/outputs/20191029130907/oemof\hoevelaken.oemof
2019-10-29 14:10:56,385 - DEBUG - G1_oemof_create_model - Stored results in data/outputs/20191029130907/oemof/hoevelaken.oemof
2019-10-29 14:10:56,385 - DEBUG - G1_oemof_create_model - Restore the energy system and the results.
2019-10-29 14:10:56,385 - INFO - energy_system - Restoring attributes will overwrite existing attributes.
2019-10-29 14:10:56,416 - DEBUG - energy_system - Attributes restored from: data/outputs/20191029130907/oemof\hoevelaken.oemof
2019-10-29 14:10:56,416 - DEBUG - G3_oemof_evaluate - Evaluate flow: demand
2019-10-29 14:10:56,448 - DEBUG - G3_oemof_evaluate - Evaluate flow: shortage
2019-10-29 14:10:56,479 - DEBUG - G3_oemof_evaluate - Evaluate excess: 
2019-10-29 14:10:56,515 - DEBUG - G3_oemof_evaluate - Evaluate flow: fuel
2019-10-29 14:10:56,521 - DEBUG - G3_oemof_evaluate - Evaluate flow: genset
2019-10-29 14:10:56,528 - DEBUG - G3_oemof_evaluate - Evaluate flow: main grid
2019-10-29 14:10:56,553 - DEBUG - G3_oemof_evaluate - Evaluate flow: wind
2019-10-29 14:10:56,553 - DEBUG - G3_oemof_evaluate - Evaluate flow: pv
2019-10-29 14:10:56,553 - DEBUG - G3_oemof_evaluate - Evaluate flow: storage
2019-10-29 14:10:56,584 - DEBUG - G3_oemof_evaluate - Evaluate flow: rectifier
2019-10-29 14:10:56,584 - DEBUG - G3_oemof_evaluate - Evaluate flow: rectifier
2019-10-29 14:10:56,599 - DEBUG - G3_oemof_evaluate - Evaluate: res share
2019-10-29 14:10:56,599 - DEBUG - G3b_plausability_tests - Plausibility test: Charge/Discharge
2019-10-29 14:10:56,724 - DEBUG - G3b_plausability_tests - Plausibility test: Demand/Supply/Shortage
2019-10-29 14:10:57,021 - DEBUG - G3b_plausability_tests - Plausibility test: Feedin/Consumption
2019-10-29 14:10:57,021 - DEBUG - G3b_plausability_tests - Plausibility test: Grid availability consumption
2019-10-29 14:10:57,021 - DEBUG - G3b_plausability_tests - Plausibility test: Grid availability/Feedin
2019-10-29 14:10:57,021 - DEBUG - G3b_plausability_tests - Plausibility test: Excess/shortage
2019-10-29 14:10:57,021 - DEBUG - G3b_plausability_tests - Plausibility test: Excess/Feedin
2019-10-29 14:10:59,131 - WARNING - G2b_constraints_custom - Stability criterion is strictly not fullfilled, but deviation is less then e6.
2019-10-29 14:10:59,131 - DEBUG - G4_output_functions - Saving flows MG.
2019-10-29 14:11:00,088 - DEBUG - _base - update_title_pos
2019-10-29 14:11:00,182 - DEBUG - font_manager - findfont: Matching :family=sans-serif:style=normal:variant=normal:weight=normal:stretch=normal:size=12.0 to DejaVu Sans ('C:\\Users\\marie\\Anaconda3\\envs\\logic\\lib\\site-packages\\matplotlib\\mpl-data\\fonts\\ttf\\DejaVuSans.ttf') with score of 0.050000.
2019-10-29 14:11:00,213 - DEBUG - _base - update_title_pos
2019-10-29 14:11:00,338 - DEBUG - _base - update_title_pos
2019-10-29 14:11:00,416 - DEBUG - _base - update_title_pos
2019-10-29 14:11:00,541 - DEBUG - _base - update_title_pos
2019-10-29 14:11:00,608 - DEBUG - _base - update_title_pos
2019-10-29 14:11:00,639 - DEBUG - _base - update_title_pos
2019-10-29 14:11:00,764 - DEBUG - _base - update_title_pos
2019-10-29 14:11:01,287 - DEBUG - _base - update_title_pos
2019-10-29 14:11:01,334 - DEBUG - _base - update_title_pos
2019-10-29 14:11:01,365 - DEBUG - _base - update_title_pos
2019-10-29 14:11:01,381 - DEBUG - _base - update_title_pos
2019-10-29 14:11:01,428 - DEBUG - _base - update_title_pos
2019-10-29 14:11:01,443 - DEBUG - _base - update_title_pos
2019-10-29 14:11:01,459 - DEBUG - _base - update_title_pos
2019-10-29 14:11:01,506 - DEBUG - _base - update_title_pos
2019-10-29 14:11:01,663 - DEBUG - G4_output_functions - Saving flows storage.
2019-10-29 14:11:02,257 - DEBUG - _base - update_title_pos
2019-10-29 14:11:02,413 - DEBUG - _base - update_title_pos
2019-10-29 14:11:02,523 - DEBUG - _base - update_title_pos
2019-10-29 14:11:02,554 - DEBUG - _base - update_title_pos
2019-10-29 14:11:03,027 - DEBUG - _base - update_title_pos
2019-10-29 14:11:03,090 - DEBUG - _base - update_title_pos
2019-10-29 14:11:03,121 - DEBUG - _base - update_title_pos
2019-10-29 14:11:03,137 - DEBUG - _base - update_title_pos
2019-10-29 14:11:03,337 - DEBUG - G3a_economic_evaluation - Economic evaluation. Calculating investment costs over analysed timeframe.
2019-10-29 14:11:03,337 - DEBUG - G3a_economic_evaluation - Economic evaluation. Calculating O&M costs over analysed timeframe.
2019-10-29 14:11:03,337 - DEBUG - G3a_economic_evaluation - Economic evaluation. Scaling investment costs and O&M to year.
2019-10-29 14:11:03,337 - DEBUG - G3a_economic_evaluation - Economic evaluation. Calculating present costs.
2019-10-29 14:11:03,337 - DEBUG - G3a_economic_evaluation - Economic evaluation. Calculating fuel consumption and expenditures.
2019-10-29 14:11:03,337 - DEBUG - G3a_economic_evaluation - Economic evaluation. Calculating shortage and expenditures.
2019-10-29 14:11:03,337 - INFO - G0_oemof_simulate - Simulation of case "hoevelaken" resulted in : 
                  0.608 currency/kWh, at a renewable share of 28.72 percent with a reliability of 100.0 percent
2019-10-29 14:11:03,337 - INFO - G0_oemof_simulate -     Initial simulation time (s): 39.54 / Actual evaluation time (s): 101.39
2019-10-29 14:11:03,337 - DEBUG - G0_oemof_simulate -     Exact OEM results of case "hoevelaken" : 
                  5.126 kWh battery, 11.542 kWp PV, 0.0 kW wind, 4.547 kW genset at a renewable share of 28.72 percent with a reliability of 100.0 percent
2019-10-29 14:11:03,337 - DEBUG - G0_oemof_simulate -     Simulation of case hoevelaken complete.
2019-10-29 14:11:03,337 - DEBUG - G0_oemof_simulate - 

2019-10-29 14:11:03,562 - INFO - A_offgridders_wrapper -     Estimated simulation time left: 0.0 minutes.
2019-10-29 14:11:03,562 - INFO - A_offgridders_wrapper - 
 Simulation complete. Resulting parameters saved in "results.csv". 
 Overview over results:
