******************************************************
2019-10-29 14:38:05,108 - INFO - logger - Path for logging: data/outputs/20191029133752\micro_grid_design_logfile.log
2019-10-29 14:38:05,110 - INFO - logger - Used oemof version: 0.2.2
2019-10-29 14:38:05,110 - INFO - A_offgridders_wrapper - 
 
 MICRO GRID TOOL 3.0
 Version: 19.06.2019 
 Coded by: Martha M. Hoffmann 
 Reiner Lemoine Institute (Berlin) 
 
 
2019-10-29 14:38:05,111 - INFO - C_sensitivity_experiments - Parameters of sensitivity analysis
2019-10-29 14:38:05,131 - INFO - C_sensitivity_experiments - Randomized blackout timeseries for all combinations of blackout duration and frequency (1 experiments) will be generated.
2019-10-29 14:38:05,272 - DEBUG - C_sensitivity_experiments - Generating header for results.csv
2019-10-29 14:38:05,302 - INFO - C_sensitivity_experiments - For 1 project sites with 1 scenarios each, 1 sensitivity_experiment_s will be performed for each case.
2019-10-29 14:38:05,357 - INFO - E_blackouts_central_grid - Blackout experiment 1: Blackout duration 2.5 hrs, blackout frequency 0 per month
2019-10-29 14:38:05,360 - INFO - E_blackouts_central_grid - Number of blackouts in simulated timeframe: 0
2019-10-29 14:38:05,363 - INFO - E_blackouts_central_grid - Grid is not operational for 0 hours, with a reliability of 100.0 percent. 

2019-10-29 14:38:05,390 - INFO - E_blackouts_central_grid - Missing blackout timeseries added through auto-generation.
2019-10-29 14:38:05,483 - DEBUG - core - Creating PluginEnvironment 'pca'
2019-10-29 14:38:05,484 - DEBUG - core - Pushing environment 'pca' on the PluginGlobals stack
2019-10-29 14:38:05,861 - DEBUG - core - Pushing environment 'pca' on the PluginGlobals stack
2019-10-29 14:38:05,876 - DEBUG - core - Popping environment 'pca' from the PluginGlobals stack
2019-10-29 14:38:05,878 - DEBUG - core - Pushing environment 'pca' on the PluginGlobals stack
2019-10-29 14:38:07,935 - DEBUG - A_offgridders_wrapper - Using grid availability timeseries that was randomly generated.
2019-10-29 14:38:07,935 - INFO - A_offgridders_wrapper - Starting simulation, project site test_site.
2019-10-29 14:38:07,936 - DEBUG - G1_oemof_create_model - Complete case dictionary:
2019-10-29 14:38:07,936 - DEBUG - G1_oemof_create_model - {'case_name': 'hoevelaken', 'filename': 'hoevelaken', 'total_demand_ac': 35000.00000000003, 'total_demand_dc': 0.0, 'peak_demand': 5.665948672643064, 'evaluated_days': 365, 'genset_with_minimal_loading': False, 'storage_fixed_capacity': False, 'storage_fixed_power': False, 'genset_fixed_capacity': False, 'pv_fixed_capacity': False, 'pcc_consumption_fixed_capacity': None, 'pcc_feedin_fixed_capacity': None, 'wind_fixed_capacity': False, 'rectifier_ac_dc_fixed_capacity': False, 'inverter_dc_ac_fixed_capacity': False, 'allow_shortage': True, 'max_shortage': 0, 'stability_constraint': 'share_hybrid', 'renewable_share_constraint': False, 'number_of_equal_generators': 1, 'evaluation_perspective': 'AC_system', 'force_charge_from_maingrid': False, 'discharge_only_when_blackout': False, 'enable_inverter_only_at_backout': False}
2019-10-29 14:38:07,936 - DEBUG - G1_oemof_create_model - Create oemof model by adding case-specific busses and components.
2019-10-29 14:38:07,938 - DEBUG - G1_oemof_create_model - Added to oemof model: Electricity bus of energy system, AC
2019-10-29 14:38:07,938 - DEBUG - G2a_oemof_busses_and_componets - Added to oemof model: demand AC
2019-10-29 14:38:07,944 - DEBUG - G1_oemof_create_model - Added to oemof model: Fuel bus
2019-10-29 14:38:07,945 - DEBUG - G2a_oemof_busses_and_componets - Added to oemof model: source fuel
2019-10-29 14:38:07,946 - DEBUG - G2a_oemof_busses_and_componets - Added to oemof model: genset oem no minload
2019-10-29 14:38:07,947 - DEBUG - G2a_oemof_busses_and_componets - Added to oemof model: wind
2019-10-29 14:38:07,949 - DEBUG - G1_oemof_create_model - Added to oemof model: Electricity bus of energy system, DC
2019-10-29 14:38:07,949 - DEBUG - G2a_oemof_busses_and_componets - Added to oemof model: demand DC
2019-10-29 14:38:07,950 - DEBUG - G2a_oemof_busses_and_componets - Added to oemof model: pv oem
2019-10-29 14:38:07,951 - DEBUG - G2a_oemof_busses_and_componets - Added to oemof model: storage oem
2019-10-29 14:38:07,952 - DEBUG - G2a_oemof_busses_and_componets - Added to oemof model: rectifier oem
2019-10-29 14:38:07,954 - DEBUG - G2a_oemof_busses_and_componets - Added to oemof model: inverter_dc_ac oem
2019-10-29 14:38:07,955 - DEBUG - G2a_oemof_busses_and_componets - Added to oemof model: excess
2019-10-29 14:38:07,956 - DEBUG - G2a_oemof_busses_and_componets - Added to oemof model: source shortage
2019-10-29 14:38:07,956 - DEBUG - G1_oemof_create_model - Create oemof model based on created components and busses.
2019-10-29 14:38:23,915 - INFO - G1_oemof_create_model - Added constraint: Stability though actual generation of diesel generators and backup through batteries.
2019-10-29 14:38:27,799 - INFO - G1_oemof_create_model - Simulating...
2019-10-29 14:39:16,503 - INFO - models - Optimization successful...
2019-10-29 14:39:16,521 - DEBUG - G1_oemof_create_model - Problem solved
2019-10-29 14:39:21,166 - DEBUG - energy_system - Attributes dumped to: data/outputs/20191029133752/oemof\hoevelaken.oemof
2019-10-29 14:39:21,166 - DEBUG - G1_oemof_create_model - Stored results in data/outputs/20191029133752/oemof/hoevelaken.oemof
2019-10-29 14:39:21,166 - DEBUG - G1_oemof_create_model - Restore the energy system and the results.
2019-10-29 14:39:21,167 - INFO - energy_system - Restoring attributes will overwrite existing attributes.
2019-10-29 14:39:21,197 - DEBUG - energy_system - Attributes restored from: data/outputs/20191029133752/oemof\hoevelaken.oemof
2019-10-29 14:39:21,202 - DEBUG - G3_oemof_evaluate - Evaluate flow: demand
2019-10-29 14:39:21,215 - DEBUG - G3_oemof_evaluate - Evaluate flow: shortage
2019-10-29 14:39:21,233 - DEBUG - G3_oemof_evaluate - Evaluate excess: 
2019-10-29 14:39:21,247 - DEBUG - G3_oemof_evaluate - Evaluate flow: fuel
2019-10-29 14:39:21,248 - DEBUG - G3_oemof_evaluate - Evaluate flow: genset
2019-10-29 14:39:21,253 - DEBUG - G3_oemof_evaluate - Evaluate flow: main grid
2019-10-29 14:39:21,264 - DEBUG - G3_oemof_evaluate - Evaluate flow: wind
2019-10-29 14:39:21,267 - DEBUG - G3_oemof_evaluate - Evaluate flow: pv
2019-10-29 14:39:21,271 - DEBUG - G3_oemof_evaluate - Evaluate flow: storage
2019-10-29 14:39:21,288 - DEBUG - G3_oemof_evaluate - Evaluate flow: rectifier
2019-10-29 14:39:21,294 - DEBUG - G3_oemof_evaluate - Evaluate flow: rectifier
2019-10-29 14:39:21,299 - DEBUG - G3_oemof_evaluate - Evaluate: res share
2019-10-29 14:39:21,299 - DEBUG - G3b_plausability_tests - Plausibility test: Charge/Discharge
2019-10-29 14:39:21,392 - DEBUG - G3b_plausability_tests - Plausibility test: Demand/Supply/Shortage
2019-10-29 14:39:21,600 - DEBUG - G3b_plausability_tests - Plausibility test: Feedin/Consumption
2019-10-29 14:39:21,600 - DEBUG - G3b_plausability_tests - Plausibility test: Grid availability consumption
2019-10-29 14:39:21,600 - DEBUG - G3b_plausability_tests - Plausibility test: Grid availability/Feedin
2019-10-29 14:39:21,600 - DEBUG - G3b_plausability_tests - Plausibility test: Excess/shortage
2019-10-29 14:39:21,600 - DEBUG - G3b_plausability_tests - Plausibility test: Excess/Feedin
2019-10-29 14:39:23,005 - WARNING - G2b_constraints_custom - Stability criterion is strictly not fullfilled, but deviation is less then e6.
2019-10-29 14:39:23,005 - DEBUG - G4_output_functions - Saving flows MG.
2019-10-29 14:39:23,765 - DEBUG - _base - update_title_pos
2019-10-29 14:39:23,863 - DEBUG - font_manager - findfont: Matching :family=sans-serif:style=normal:variant=normal:weight=normal:stretch=normal:size=12.0 to DejaVu Sans ('C:\\Users\\bindu\\AppData\\Roaming\\Python\\Python36\\site-packages\\matplotlib\\mpl-data\\fonts\\ttf\\DejaVuSans.ttf') with score of 0.050000.
2019-10-29 14:39:23,883 - DEBUG - _base - update_title_pos
2019-10-29 14:39:23,982 - DEBUG - _base - update_title_pos
2019-10-29 14:39:24,033 - DEBUG - _base - update_title_pos
2019-10-29 14:39:24,145 - DEBUG - _base - update_title_pos
2019-10-29 14:39:24,200 - DEBUG - _base - update_title_pos
2019-10-29 14:39:24,231 - DEBUG - _base - update_title_pos
2019-10-29 14:39:24,344 - DEBUG - _base - update_title_pos
2019-10-29 14:39:24,688 - DEBUG - _base - update_title_pos
2019-10-29 14:39:24,727 - DEBUG - _base - update_title_pos
2019-10-29 14:39:24,763 - DEBUG - _base - update_title_pos
2019-10-29 14:39:24,778 - DEBUG - _base - update_title_pos
2019-10-29 14:39:24,807 - DEBUG - _base - update_title_pos
2019-10-29 14:39:24,823 - DEBUG - _base - update_title_pos
2019-10-29 14:39:24,835 - DEBUG - _base - update_title_pos
2019-10-29 14:39:24,870 - DEBUG - _base - update_title_pos
2019-10-29 14:39:24,963 - DEBUG - G4_output_functions - Saving flows storage.
2019-10-29 14:39:25,300 - DEBUG - _base - update_title_pos
2019-10-29 14:39:25,453 - DEBUG - _base - update_title_pos
2019-10-29 14:39:25,533 - DEBUG - _base - update_title_pos
2019-10-29 14:39:25,566 - DEBUG - _base - update_title_pos
2019-10-29 14:39:25,883 - DEBUG - _base - update_title_pos
2019-10-29 14:39:25,947 - DEBUG - _base - update_title_pos
2019-10-29 14:39:25,972 - DEBUG - _base - update_title_pos
2019-10-29 14:39:25,986 - DEBUG - _base - update_title_pos
2019-10-29 14:39:26,108 - DEBUG - G3a_economic_evaluation - Economic evaluation. Calculating investment costs over analysed timeframe.
2019-10-29 14:39:26,109 - DEBUG - G3a_economic_evaluation - Economic evaluation. Calculating O&M costs over analysed timeframe.
2019-10-29 14:39:26,109 - DEBUG - G3a_economic_evaluation - Economic evaluation. Scaling investment costs and O&M to year.
2019-10-29 14:39:26,109 - DEBUG - G3a_economic_evaluation - Economic evaluation. Calculating present costs.
2019-10-29 14:39:26,109 - DEBUG - G3a_economic_evaluation - Economic evaluation. Calculating fuel consumption and expenditures.
2019-10-29 14:39:26,109 - DEBUG - G3a_economic_evaluation - Economic evaluation. Calculating shortage and expenditures.
2019-10-29 14:39:26,109 - INFO - G0_oemof_simulate - Simulation of case "hoevelaken" resulted in : 
                  0.608 currency/kWh, at a renewable share of 28.72 percent with a reliability of 100.0 percent
2019-10-29 14:39:26,109 - INFO - G0_oemof_simulate -     Initial simulation time (s): 33.72 / Actual evaluation time (s): 78.17
2019-10-29 14:39:26,109 - DEBUG - G0_oemof_simulate -     Exact OEM results of case "hoevelaken" : 
                  5.126 kWh battery, 11.542 kWp PV, 0.0 kW wind, 4.547 kW genset at a renewable share of 28.72 percent with a reliability of 100.0 percent
2019-10-29 14:39:26,110 - DEBUG - G0_oemof_simulate -     Simulation of case hoevelaken complete.
2019-10-29 14:39:26,110 - DEBUG - G0_oemof_simulate - 

2019-10-29 14:39:26,233 - INFO - A_offgridders_wrapper -     Estimated simulation time left: 0.0 minutes.
2019-10-29 14:39:26,233 - INFO - A_offgridders_wrapper - 
 Simulation complete. Resulting parameters saved in "results.csv". 
 Overview over results:
2019-10-29 14:39:32,831 - INFO - _internal - 127.0.0.1 - - [29/Oct/2019 14:39:32] "GET /offgrid_simulator/get_result/20191029133752 HTTP/1.1" 500 -
2019-10-29 14:39:32,981 - ERROR - _internal - Error on request:
Traceback (most recent call last):
  File "D:\Downloads\Anaconda\Anaconda3\envs\logic-fork\lib\site-packages\werkzeug\serving.py", line 303, in run_wsgi
    execute(self.server.app)
  File "D:\Downloads\Anaconda\Anaconda3\envs\logic-fork\lib\site-packages\werkzeug\serving.py", line 291, in execute
    application_iter = app(environ, start_response)
  File "D:\Downloads\Anaconda\Anaconda3\envs\logic-fork\lib\site-packages\flask\app.py", line 2463, in __call__
    return self.wsgi_app(environ, start_response)
  File "D:\Downloads\Anaconda\Anaconda3\envs\logic-fork\lib\site-packages\flask\app.py", line 2449, in wsgi_app
    response = self.handle_exception(e)
  File "D:\Downloads\Anaconda\Anaconda3\envs\logic-fork\lib\site-packages\flask_cors\extension.py", line 161, in wrapped_function
    return cors_after_request(app.make_response(f(*args, **kwargs)))
  File "D:\Downloads\Anaconda\Anaconda3\envs\logic-fork\lib\site-packages\flask\app.py", line 1866, in handle_exception
    reraise(exc_type, exc_value, tb)
  File "D:\Downloads\Anaconda\Anaconda3\envs\logic-fork\lib\site-packages\flask\_compat.py", line 39, in reraise
    raise value
  File "D:\Downloads\Anaconda\Anaconda3\envs\logic-fork\lib\site-packages\flask\app.py", line 2446, in wsgi_app
    response = self.full_dispatch_request()
  File "D:\Downloads\Anaconda\Anaconda3\envs\logic-fork\lib\site-packages\flask\app.py", line 1951, in full_dispatch_request
    rv = self.handle_user_exception(e)
  File "D:\Downloads\Anaconda\Anaconda3\envs\logic-fork\lib\site-packages\flask_cors\extension.py", line 161, in wrapped_function
    return cors_after_request(app.make_response(f(*args, **kwargs)))
  File "D:\Downloads\Anaconda\Anaconda3\envs\logic-fork\lib\site-packages\flask\app.py", line 1820, in handle_user_exception
    reraise(exc_type, exc_value, tb)
  File "D:\Downloads\Anaconda\Anaconda3\envs\logic-fork\lib\site-packages\flask\_compat.py", line 39, in reraise
    raise value
  File "D:\Downloads\Anaconda\Anaconda3\envs\logic-fork\lib\site-packages\flask\app.py", line 1949, in full_dispatch_request
    rv = self.dispatch_request()
  File "D:\Downloads\Anaconda\Anaconda3\envs\logic-fork\lib\site-packages\flask\app.py", line 1935, in dispatch_request
    return self.view_functions[rule.endpoint](**req.view_args)
  File "D:\Documents\School\HBO\Year 3\Internship\LOGiC\logic\offgrid_simulator\controllers.py", line 63, in get_result
    results = pd.read_csv(file_path)
  File "D:\Downloads\Anaconda\Anaconda3\envs\logic-fork\lib\site-packages\pandas\io\parsers.py", line 678, in parser_f
    return _read(filepath_or_buffer, kwds)
  File "D:\Downloads\Anaconda\Anaconda3\envs\logic-fork\lib\site-packages\pandas\io\parsers.py", line 440, in _read
    parser = TextFileReader(filepath_or_buffer, **kwds)
  File "D:\Downloads\Anaconda\Anaconda3\envs\logic-fork\lib\site-packages\pandas\io\parsers.py", line 787, in __init__
    self._make_engine(self.engine)
  File "D:\Downloads\Anaconda\Anaconda3\envs\logic-fork\lib\site-packages\pandas\io\parsers.py", line 1014, in _make_engine
    self._engine = CParserWrapper(self.f, **self.options)
  File "D:\Downloads\Anaconda\Anaconda3\envs\logic-fork\lib\site-packages\pandas\io\parsers.py", line 1708, in __init__
    self._reader = parsers.TextReader(src, **kwds)
  File "pandas\_libs\parsers.pyx", line 384, in pandas._libs.parsers.TextReader.__cinit__
    
  File "pandas\_libs\parsers.pyx", line 695, in pandas._libs.parsers.TextReader._setup_parser_source
    
FileNotFoundError: File b'data/outputs/20191029133752/test_results.csv' does not exist
2019-10-29 14:39:42,930 - INFO - _internal - 127.0.0.1 - - [29/Oct/2019 14:39:42] "GET /offgrid_simulator/get_result/20191029133752 HTTP/1.1" 200 -
2019-10-29 14:40:49,524 - INFO - _internal - 127.0.0.1 - - [29/Oct/2019 14:40:49] "GET /offgrid_simulator/monthly_time_series/20191029133752 HTTP/1.1" 200 -
2019-10-29 14:41:02,475 - INFO - _internal - 127.0.0.1 - - [29/Oct/2019 14:41:02] "GET /offgrid_simulator/daily_time_series/20191029133752/mid_summer HTTP/1.1" 200 -
2019-10-29 14:41:14,220 - INFO - _internal - 127.0.0.1 - - [29/Oct/2019 14:41:14] "GET /offgrid_simulator/daily_time_series/20191029133752/mid_winter HTTP/1.1" 200 -
2019-10-29 14:41:41,204 - INFO - _internal - 127.0.0.1 - - [29/Oct/2019 14:41:41] "GET /offgrid_simulator/demand_series/20191029133752 HTTP/1.1" 200 -
2019-10-29 14:41:57,181 - INFO - _internal - 127.0.0.1 - - [29/Oct/2019 14:41:57] "GET /report/download/20191029133752 HTTP/1.1" 404 -
2019-10-29 14:42:08,806 - INFO - _internal - 127.0.0.1 - - [29/Oct/2019 14:42:08] "GET /report/download?session_id=20191029133752 HTTP/1.1" 200 -
2019-10-29 14:42:31,032 - INFO - _internal - 127.0.0.1 - - [29/Oct/2019 14:42:31] "GET /report/email/session_id=20191029133752&email=b.j.vanraak@gmail.com HTTP/1.1" 404 -
2019-10-29 14:42:45,939 - INFO - _internal - 127.0.0.1 - - [29/Oct/2019 14:42:45] "GET /report/email?session_id=20191029133752&email=b.j.vanraak@gmail.com HTTP/1.1" 200 -
