******************************************************
2019-11-11 22:46:34,613 - INFO - logger - Path for logging: data/outputs/20191111214617\micro_grid_design_logfile.log
2019-11-11 22:46:34,614 - INFO - logger - Used oemof version: 0.2.2
2019-11-11 22:46:34,614 - INFO - A_offgridders_wrapper - 
 
 MICRO GRID TOOL 3.0
 Version: 19.06.2019 
 Coded by: Martha M. Hoffmann 
 Reiner Lemoine Institute (Berlin) 
 
 
2019-11-11 22:46:34,616 - INFO - C_sensitivity_experiments - Parameters of sensitivity analysis
2019-11-11 22:46:34,620 - INFO - C_sensitivity_experiments - Randomized blackout timeseries for all combinations of blackout duration and frequency (1 experiments) will be generated.
2019-11-11 22:46:34,728 - INFO - _internal - 127.0.0.1 - - [11/Nov/2019 22:46:34] "GET /offgrid_simulator/get_result/20191111214617 HTTP/1.1" 404 -
2019-11-11 22:46:34,954 - DEBUG - C_sensitivity_experiments - Generating header for results.csv
2019-11-11 22:46:35,038 - INFO - C_sensitivity_experiments - For 1 project sites with 1 scenarios each, 1 sensitivity_experiment_s will be performed for each case.
2019-11-11 22:46:35,052 - INFO - E_blackouts_central_grid - Blackout experiment 1: Blackout duration 0 hrs, blackout frequency 0 per month
2019-11-11 22:46:35,053 - INFO - E_blackouts_central_grid - Number of blackouts in simulated timeframe: 0
2019-11-11 22:46:35,062 - INFO - E_blackouts_central_grid - Grid is not operational for 0 hours, with a reliability of 100.0 percent. 

2019-11-11 22:46:35,067 - INFO - E_blackouts_central_grid - Missing blackout timeseries added through auto-generation.
2019-11-11 22:46:35,159 - DEBUG - core - Creating PluginEnvironment 'pca'
2019-11-11 22:46:35,160 - DEBUG - core - Pushing environment 'pca' on the PluginGlobals stack
2019-11-11 22:46:36,159 - DEBUG - core - Pushing environment 'pca' on the PluginGlobals stack
2019-11-11 22:46:36,170 - DEBUG - core - Popping environment 'pca' from the PluginGlobals stack
2019-11-11 22:46:36,172 - DEBUG - core - Pushing environment 'pca' on the PluginGlobals stack
2019-11-11 22:46:37,769 - INFO - _internal - 127.0.0.1 - - [11/Nov/2019 22:46:37] "GET /offgrid_simulator/get_result/20191111214617 HTTP/1.1" 404 -
2019-11-11 22:46:43,451 - DEBUG - A_offgridders_wrapper - Using grid availability timeseries that was randomly generated.
2019-11-11 22:46:43,452 - INFO - A_offgridders_wrapper - Starting simulation, project site test_site.
2019-11-11 22:46:43,452 - DEBUG - G1_oemof_create_model - Complete case dictionary:
2019-11-11 22:46:43,452 - DEBUG - G1_oemof_create_model - {'case_name': 'Guernsey', 'filename': 'Guernsey', 'total_demand_ac': 3500000.0000000116, 'total_demand_dc': 0.0, 'peak_demand': 566.5948672643065, 'evaluated_days': 365, 'genset_with_minimal_loading': False, 'storage_fixed_capacity': None, 'storage_fixed_power': None, 'genset_fixed_capacity': False, 'pv_fixed_capacity': False, 'pcc_consumption_fixed_capacity': None, 'pcc_feedin_fixed_capacity': None, 'wind_fixed_capacity': False, 'rectifier_ac_dc_fixed_capacity': False, 'inverter_dc_ac_fixed_capacity': False, 'allow_shortage': True, 'max_shortage': 0, 'stability_constraint': 'share_hybrid', 'renewable_share_constraint': False, 'number_of_equal_generators': 1, 'evaluation_perspective': 'AC_system', 'force_charge_from_maingrid': False, 'discharge_only_when_blackout': False, 'enable_inverter_only_at_backout': False}
2019-11-11 22:46:43,452 - DEBUG - G1_oemof_create_model - Create oemof model by adding case-specific busses and components.
2019-11-11 22:46:43,455 - DEBUG - G1_oemof_create_model - Added to oemof model: Electricity bus of energy system, AC
2019-11-11 22:46:43,455 - DEBUG - G2a_oemof_busses_and_componets - Added to oemof model: demand AC
2019-11-11 22:46:43,464 - DEBUG - G1_oemof_create_model - Added to oemof model: Fuel bus
2019-11-11 22:46:43,465 - DEBUG - G2a_oemof_busses_and_componets - Added to oemof model: source fuel
2019-11-11 22:46:43,467 - DEBUG - G2a_oemof_busses_and_componets - Added to oemof model: genset oem no minload
2019-11-11 22:46:43,469 - DEBUG - G2a_oemof_busses_and_componets - Added to oemof model: wind
2019-11-11 22:46:43,473 - DEBUG - G1_oemof_create_model - Added to oemof model: Electricity bus of energy system, DC
2019-11-11 22:46:43,473 - DEBUG - G2a_oemof_busses_and_componets - Added to oemof model: demand DC
2019-11-11 22:46:43,474 - DEBUG - G2a_oemof_busses_and_componets - Added to oemof model: pv oem
2019-11-11 22:46:43,475 - DEBUG - G2a_oemof_busses_and_componets - Added to oemof model: rectifier oem
2019-11-11 22:46:43,475 - DEBUG - G2a_oemof_busses_and_componets - Added to oemof model: inverter_dc_ac oem
2019-11-11 22:46:43,476 - DEBUG - G2a_oemof_busses_and_componets - Added to oemof model: excess
2019-11-11 22:46:43,476 - DEBUG - G2a_oemof_busses_and_componets - Added to oemof model: source shortage
2019-11-11 22:46:43,476 - DEBUG - G1_oemof_create_model - Create oemof model based on created components and busses.
2019-11-11 22:47:06,114 - INFO - G1_oemof_create_model - Added constraint: Stability though actual generation of diesel generators and backup through batteries.
2019-11-11 22:47:10,452 - INFO - G1_oemof_create_model - Simulating...
