******************************************************
2019-10-22 11:49:36,079 - INFO - logger - Path for logging: data/outputs/20191022094925\micro_grid_design_logfile.log
2019-10-22 11:49:36,080 - INFO - logger - Used oemof version: 0.2.2
2019-10-22 11:49:36,080 - INFO - A_offgridders_wrapper - 
 
 MICRO GRID TOOL 3.0
 Version: 19.06.2019 
 Coded by: Martha M. Hoffmann 
 Reiner Lemoine Institute (Berlin) 
 
 
2019-10-22 11:49:36,081 - INFO - C_sensitivity_experiments - Parameters of sensitivity analysis
2019-10-22 11:49:36,083 - INFO - C_sensitivity_experiments - Randomized blackout timeseries for all combinations of blackout duration and frequency (1 experiments) will be generated.
2019-10-22 11:49:36,241 - DEBUG - C_sensitivity_experiments - Generating header for results.csv
2019-10-22 11:49:36,273 - INFO - C_sensitivity_experiments - For 1 project sites with 1 scenarios each, 1 sensitivity_experiment_s will be performed for each case.
2019-10-22 11:49:36,279 - INFO - E_blackouts_central_grid - Blackout experiment 1: Blackout duration 2.5 hrs, blackout frequency 0 per month
2019-10-22 11:49:36,279 - INFO - E_blackouts_central_grid - Number of blackouts in simulated timeframe: 0
2019-10-22 11:49:36,283 - INFO - E_blackouts_central_grid - Grid is not operational for 0 hours, with a reliability of 100.0 percent. 

2019-10-22 11:49:36,284 - INFO - E_blackouts_central_grid - Missing blackout timeseries added through auto-generation.
2019-10-22 11:49:36,326 - DEBUG - core - Creating PluginEnvironment 'pca'
2019-10-22 11:49:36,327 - DEBUG - core - Pushing environment 'pca' on the PluginGlobals stack
2019-10-22 11:49:36,453 - DEBUG - core - Pushing environment 'pca' on the PluginGlobals stack
2019-10-22 11:49:36,465 - DEBUG - core - Popping environment 'pca' from the PluginGlobals stack
2019-10-22 11:49:36,467 - DEBUG - core - Pushing environment 'pca' on the PluginGlobals stack
2019-10-22 11:49:37,361 - DEBUG - A_offgridders_wrapper - Using grid availability timeseries that was randomly generated.
2019-10-22 11:49:37,362 - INFO - A_offgridders_wrapper - Starting simulation, project site test_site.
2019-10-22 11:49:37,362 - DEBUG - G1_oemof_create_model - Complete case dictionary:
2019-10-22 11:49:37,362 - DEBUG - G1_oemof_create_model - {'case_name': 'hoevelaken', 'filename': 'hoevelaken', 'total_demand_ac': 35000.00000000003, 'total_demand_dc': 0.0, 'peak_demand': 5.665948672643064, 'evaluated_days': 365, 'genset_with_minimal_loading': False, 'storage_fixed_capacity': False, 'storage_fixed_power': False, 'genset_fixed_capacity': False, 'pv_fixed_capacity': False, 'pcc_consumption_fixed_capacity': None, 'pcc_feedin_fixed_capacity': None, 'wind_fixed_capacity': False, 'rectifier_ac_dc_fixed_capacity': False, 'inverter_dc_ac_fixed_capacity': False, 'allow_shortage': True, 'max_shortage': 0, 'stability_constraint': 'share_hybrid', 'renewable_share_constraint': False, 'number_of_equal_generators': 1, 'evaluation_perspective': 'AC_system', 'force_charge_from_maingrid': False, 'discharge_only_when_blackout': False, 'enable_inverter_only_at_backout': False}
2019-10-22 11:49:37,363 - DEBUG - G1_oemof_create_model - Create oemof model by adding case-specific busses and components.
2019-10-22 11:49:37,365 - DEBUG - G1_oemof_create_model - Added to oemof model: Electricity bus of energy system, AC
2019-10-22 11:49:37,366 - DEBUG - G2a_oemof_busses_and_componets - Added to oemof model: demand AC
2019-10-22 11:49:37,372 - DEBUG - G1_oemof_create_model - Added to oemof model: Fuel bus
2019-10-22 11:49:37,374 - DEBUG - G2a_oemof_busses_and_componets - Added to oemof model: source fuel
2019-10-22 11:49:37,375 - DEBUG - G2a_oemof_busses_and_componets - Added to oemof model: genset oem no minload
2019-10-22 11:49:37,376 - DEBUG - G2a_oemof_busses_and_componets - Added to oemof model: wind
2019-10-22 11:49:37,378 - DEBUG - G1_oemof_create_model - Added to oemof model: Electricity bus of energy system, DC
2019-10-22 11:49:37,378 - DEBUG - G2a_oemof_busses_and_componets - Added to oemof model: demand DC
2019-10-22 11:49:37,379 - DEBUG - G2a_oemof_busses_and_componets - Added to oemof model: pv oem
2019-10-22 11:49:37,379 - DEBUG - G2a_oemof_busses_and_componets - Added to oemof model: storage oem
2019-10-22 11:49:37,380 - DEBUG - G2a_oemof_busses_and_componets - Added to oemof model: rectifier oem
2019-10-22 11:49:37,382 - DEBUG - G2a_oemof_busses_and_componets - Added to oemof model: inverter_dc_ac oem
2019-10-22 11:49:37,382 - DEBUG - G2a_oemof_busses_and_componets - Added to oemof model: excess
2019-10-22 11:49:37,382 - DEBUG - G2a_oemof_busses_and_componets - Added to oemof model: source shortage
2019-10-22 11:49:37,383 - DEBUG - G1_oemof_create_model - Create oemof model based on created components and busses.
2019-10-22 11:49:53,679 - INFO - G1_oemof_create_model - Added constraint: Stability though actual generation of diesel generators and backup through batteries.
2019-10-22 11:49:57,840 - INFO - G1_oemof_create_model - Simulating...
2019-10-22 11:50:50,036 - INFO - models - Optimization successful...
2019-10-22 11:50:50,051 - DEBUG - G1_oemof_create_model - Problem solved
2019-10-22 11:50:52,190 - INFO - _internal - 127.0.0.1 - - [22/Oct/2019 11:50:52] "GET /offgrid_simulator/get_result/20191022094925 HTTP/1.1" 500 -
2019-10-22 11:50:54,544 - DEBUG - energy_system - Attributes dumped to: data/outputs/20191022094925/oemof\hoevelaken.oemof
2019-10-22 11:50:54,544 - DEBUG - G1_oemof_create_model - Stored results in data/outputs/20191022094925/oemof/hoevelaken.oemof
2019-10-22 11:50:54,544 - DEBUG - G1_oemof_create_model - Restore the energy system and the results.
2019-10-22 11:50:54,545 - INFO - energy_system - Restoring attributes will overwrite existing attributes.
2019-10-22 11:50:54,559 - DEBUG - energy_system - Attributes restored from: data/outputs/20191022094925/oemof\hoevelaken.oemof
2019-10-22 11:50:54,564 - DEBUG - G3_oemof_evaluate - Evaluate flow: demand
2019-10-22 11:50:54,579 - DEBUG - G3_oemof_evaluate - Evaluate flow: shortage
2019-10-22 11:50:54,593 - DEBUG - G3_oemof_evaluate - Evaluate excess: 
2019-10-22 11:50:54,608 - DEBUG - G3_oemof_evaluate - Evaluate flow: fuel
2019-10-22 11:50:54,609 - DEBUG - G3_oemof_evaluate - Evaluate flow: genset
2019-10-22 11:50:54,614 - DEBUG - G3_oemof_evaluate - Evaluate flow: main grid
2019-10-22 11:50:54,627 - DEBUG - G3_oemof_evaluate - Evaluate flow: wind
2019-10-22 11:50:54,631 - DEBUG - G3_oemof_evaluate - Evaluate flow: pv
2019-10-22 11:50:54,635 - DEBUG - G3_oemof_evaluate - Evaluate flow: storage
2019-10-22 11:50:54,652 - DEBUG - G3_oemof_evaluate - Evaluate flow: rectifier
2019-10-22 11:50:54,658 - DEBUG - G3_oemof_evaluate - Evaluate flow: rectifier
2019-10-22 11:50:54,662 - DEBUG - G3_oemof_evaluate - Evaluate: res share
2019-10-22 11:50:54,662 - DEBUG - G3b_plausability_tests - Plausibility test: Charge/Discharge
2019-10-22 11:50:54,761 - DEBUG - G3b_plausability_tests - Plausibility test: Demand/Supply/Shortage
2019-10-22 11:50:55,010 - DEBUG - G3b_plausability_tests - Plausibility test: Feedin/Consumption
2019-10-22 11:50:55,010 - DEBUG - G3b_plausability_tests - Plausibility test: Grid availability consumption
2019-10-22 11:50:55,010 - DEBUG - G3b_plausability_tests - Plausibility test: Grid availability/Feedin
2019-10-22 11:50:55,010 - DEBUG - G3b_plausability_tests - Plausibility test: Excess/shortage
2019-10-22 11:50:55,010 - DEBUG - G3b_plausability_tests - Plausibility test: Excess/Feedin
2019-10-22 11:50:56,607 - WARNING - G2b_constraints_custom - Stability criterion is strictly not fullfilled, but deviation is less then e6.
2019-10-22 11:50:56,608 - DEBUG - G4_output_functions - Saving flows MG.
2019-10-22 11:50:57,390 - DEBUG - _base - update_title_pos
2019-10-22 11:50:57,500 - DEBUG - font_manager - findfont: Matching :family=sans-serif:style=normal:variant=normal:weight=normal:stretch=normal:size=12.0 to DejaVu Sans ('C:\\Users\\bindu\\AppData\\Roaming\\Python\\Python36\\site-packages\\matplotlib\\mpl-data\\fonts\\ttf\\DejaVuSans.ttf') with score of 0.050000.
2019-10-22 11:50:57,524 - DEBUG - _base - update_title_pos
2019-10-22 11:50:57,645 - DEBUG - _base - update_title_pos
2019-10-22 11:50:57,713 - DEBUG - _base - update_title_pos
2019-10-22 11:50:57,847 - DEBUG - _base - update_title_pos
2019-10-22 11:50:57,921 - DEBUG - _base - update_title_pos
2019-10-22 11:50:57,963 - DEBUG - _base - update_title_pos
2019-10-22 11:50:58,093 - DEBUG - _base - update_title_pos
2019-10-22 11:50:58,473 - DEBUG - _base - update_title_pos
2019-10-22 11:50:58,521 - DEBUG - _base - update_title_pos
2019-10-22 11:50:58,566 - DEBUG - _base - update_title_pos
2019-10-22 11:50:58,586 - DEBUG - _base - update_title_pos
2019-10-22 11:50:58,626 - DEBUG - _base - update_title_pos
2019-10-22 11:50:58,646 - DEBUG - _base - update_title_pos
2019-10-22 11:50:58,662 - DEBUG - _base - update_title_pos
2019-10-22 11:50:58,707 - DEBUG - _base - update_title_pos
2019-10-22 11:50:58,818 - DEBUG - G4_output_functions - Saving flows storage.
2019-10-22 11:50:59,176 - DEBUG - _base - update_title_pos
2019-10-22 11:50:59,340 - DEBUG - _base - update_title_pos
2019-10-22 11:50:59,438 - DEBUG - _base - update_title_pos
2019-10-22 11:50:59,478 - DEBUG - _base - update_title_pos
2019-10-22 11:50:59,819 - DEBUG - _base - update_title_pos
2019-10-22 11:50:59,882 - DEBUG - _base - update_title_pos
2019-10-22 11:50:59,908 - DEBUG - _base - update_title_pos
2019-10-22 11:50:59,923 - DEBUG - _base - update_title_pos
2019-10-22 11:51:00,058 - DEBUG - G3a_economic_evaluation - Economic evaluation. Calculating investment costs over analysed timeframe.
2019-10-22 11:51:00,058 - DEBUG - G3a_economic_evaluation - Economic evaluation. Calculating O&M costs over analysed timeframe.
2019-10-22 11:51:00,058 - DEBUG - G3a_economic_evaluation - Economic evaluation. Scaling investment costs and O&M to year.
2019-10-22 11:51:00,059 - DEBUG - G3a_economic_evaluation - Economic evaluation. Calculating present costs.
2019-10-22 11:51:00,059 - DEBUG - G3a_economic_evaluation - Economic evaluation. Calculating fuel consumption and expenditures.
2019-10-22 11:51:00,059 - DEBUG - G3a_economic_evaluation - Economic evaluation. Calculating shortage and expenditures.
2019-10-22 11:51:00,059 - INFO - G0_oemof_simulate - Simulation of case "hoevelaken" resulted in : 
                  0.433 currency/kWh, at a renewable share of 79.17 percent with a reliability of 100.0 percent
2019-10-22 11:51:00,059 - INFO - G0_oemof_simulate -     Initial simulation time (s): 36.51 / Actual evaluation time (s): 82.7
2019-10-22 11:51:00,059 - DEBUG - G0_oemof_simulate -     Exact OEM results of case "hoevelaken" : 
                  8.274 kWh battery, 0.0 kWp PV, 21.269 kW wind, 3.542 kW genset at a renewable share of 79.17 percent with a reliability of 100.0 percent
2019-10-22 11:51:00,059 - DEBUG - G0_oemof_simulate -     Simulation of case hoevelaken complete.
2019-10-22 11:51:00,060 - DEBUG - G0_oemof_simulate - 

2019-10-22 11:51:00,176 - INFO - A_offgridders_wrapper -     Estimated simulation time left: 0.0 minutes.
2019-10-22 11:51:00,176 - INFO - A_offgridders_wrapper - 
 Simulation complete. Resulting parameters saved in "results.csv". 
 Overview over results:
2019-10-22 11:51:48,174 - INFO - _internal - 127.0.0.1 - - [22/Oct/2019 11:51:48] "GET /offgrid_simulator/get_result/20191022094925 HTTP/1.1" 200 -
2019-10-22 11:51:59,954 - INFO - _internal -  * Detected change in 'D:\\Documents\\School\\HBO\\Year 3\\Internship\\LOGiC\\logic\\offgrid_simulator\\controllers.py', reloading
