******************************************************
2019-10-21 11:49:00,289 - INFO - logger - Path for logging: data/outputs/20191021094849/micro_grid_design_logfile.log
2019-10-21 11:49:00,289 - INFO - logger - Used oemof version: 0.2.2
2019-10-21 11:49:00,289 - INFO - A_offgridders_wrapper - 
 
 MICRO GRID TOOL 3.0
 Version: 19.06.2019 
 Coded by: Martha M. Hoffmann 
 Reiner Lemoine Institute (Berlin) 
 
 
2019-10-21 11:49:00,291 - INFO - C_sensitivity_experiments - Parameters of sensitivity analysis
2019-10-21 11:49:00,293 - INFO - C_sensitivity_experiments - Randomized blackout timeseries for all combinations of blackout duration and frequency (1 experiments) will be generated.
2019-10-21 11:49:00,475 - DEBUG - C_sensitivity_experiments - Generating header for results.csv
2019-10-21 11:49:00,513 - INFO - C_sensitivity_experiments - For 1 project sites with 1 scenarios each, 1 sensitivity_experiment_s will be performed for each case.
2019-10-21 11:49:00,519 - INFO - E_blackouts_central_grid - Blackout experiment 1: Blackout duration 2.5 hrs, blackout frequency 0 per month
2019-10-21 11:49:00,519 - INFO - E_blackouts_central_grid - Number of blackouts in simulated timeframe: 0
2019-10-21 11:49:00,522 - INFO - E_blackouts_central_grid - Grid is not operational for 0 hours, with a reliability of 100.0 percent. 

2019-10-21 11:49:00,524 - INFO - E_blackouts_central_grid - Missing blackout timeseries added through auto-generation.
2019-10-21 11:49:01,270 - DEBUG - A_offgridders_wrapper - Using grid availability timeseries that was randomly generated.
2019-10-21 11:49:01,270 - INFO - A_offgridders_wrapper - Starting simulation, project site test_site.
2019-10-21 11:49:01,270 - DEBUG - G1_oemof_create_model - Complete case dictionary:
2019-10-21 11:49:01,270 - DEBUG - G1_oemof_create_model - {'case_name': 'hoevelaken', 'filename': 'hoevelaken', 'total_demand_ac': 35000.00000000003, 'total_demand_dc': 0.0, 'peak_demand': 5.665948672643064, 'evaluated_days': 365, 'genset_with_minimal_loading': False, 'storage_fixed_capacity': False, 'storage_fixed_power': False, 'genset_fixed_capacity': False, 'pv_fixed_capacity': False, 'pcc_consumption_fixed_capacity': None, 'pcc_feedin_fixed_capacity': None, 'wind_fixed_capacity': False, 'rectifier_ac_dc_fixed_capacity': False, 'inverter_dc_ac_fixed_capacity': False, 'allow_shortage': True, 'max_shortage': 0, 'stability_constraint': 'share_hybrid', 'renewable_share_constraint': False, 'number_of_equal_generators': 1, 'evaluation_perspective': 'AC_system', 'force_charge_from_maingrid': False, 'discharge_only_when_blackout': False, 'enable_inverter_only_at_backout': False}
2019-10-21 11:49:01,270 - DEBUG - G1_oemof_create_model - Create oemof model by adding case-specific busses and components.
2019-10-21 11:49:01,273 - DEBUG - G1_oemof_create_model - Added to oemof model: Electricity bus of energy system, AC
2019-10-21 11:49:01,273 - DEBUG - G2a_oemof_busses_and_componets - Added to oemof model: demand AC
2019-10-21 11:49:01,283 - DEBUG - G1_oemof_create_model - Added to oemof model: Fuel bus
2019-10-21 11:49:01,286 - DEBUG - G2a_oemof_busses_and_componets - Added to oemof model: source fuel
2019-10-21 11:49:01,288 - DEBUG - G2a_oemof_busses_and_componets - Added to oemof model: genset oem no minload
2019-10-21 11:49:01,291 - DEBUG - G2a_oemof_busses_and_componets - Added to oemof model: wind
2019-10-21 11:49:01,295 - DEBUG - G1_oemof_create_model - Added to oemof model: Electricity bus of energy system, DC
2019-10-21 11:49:01,296 - DEBUG - G2a_oemof_busses_and_componets - Added to oemof model: demand DC
2019-10-21 11:49:01,296 - DEBUG - G2a_oemof_busses_and_componets - Added to oemof model: pv oem
2019-10-21 11:49:01,298 - DEBUG - G2a_oemof_busses_and_componets - Added to oemof model: storage oem
2019-10-21 11:49:01,298 - DEBUG - G2a_oemof_busses_and_componets - Added to oemof model: rectifier oem
2019-10-21 11:49:01,301 - DEBUG - G2a_oemof_busses_and_componets - Added to oemof model: inverter_dc_ac oem
2019-10-21 11:49:01,302 - DEBUG - G2a_oemof_busses_and_componets - Added to oemof model: excess
2019-10-21 11:49:01,303 - DEBUG - G2a_oemof_busses_and_componets - Added to oemof model: source shortage
2019-10-21 11:49:01,303 - DEBUG - G1_oemof_create_model - Create oemof model based on created components and busses.
2019-10-21 11:49:25,723 - INFO - G1_oemof_create_model - Added constraint: Stability though actual generation of diesel generators and backup through batteries.
2019-10-21 11:49:31,089 - INFO - G1_oemof_create_model - Simulating...
2019-10-21 11:50:43,301 - INFO - models - Optimization successful...
2019-10-21 11:50:43,333 - DEBUG - G1_oemof_create_model - Problem solved
2019-10-21 11:50:49,817 - DEBUG - energy_system - Attributes dumped to: data/outputs/20191021094849/oemof/hoevelaken.oemof
2019-10-21 11:50:49,818 - DEBUG - G1_oemof_create_model - Stored results in data/outputs/20191021094849/oemof/hoevelaken.oemof
2019-10-21 11:50:49,818 - DEBUG - G1_oemof_create_model - Restore the energy system and the results.
2019-10-21 11:50:49,818 - INFO - energy_system - Restoring attributes will overwrite existing attributes.
2019-10-21 11:50:49,833 - DEBUG - energy_system - Attributes restored from: data/outputs/20191021094849/oemof/hoevelaken.oemof
2019-10-21 11:50:49,841 - DEBUG - G3_oemof_evaluate - Evaluate flow: demand
2019-10-21 11:50:49,860 - DEBUG - G3_oemof_evaluate - Evaluate flow: shortage
2019-10-21 11:50:49,882 - DEBUG - G3_oemof_evaluate - Evaluate excess: 
2019-10-21 11:50:49,905 - DEBUG - G3_oemof_evaluate - Evaluate flow: fuel
2019-10-21 11:50:49,906 - DEBUG - G3_oemof_evaluate - Evaluate flow: genset
2019-10-21 11:50:49,912 - DEBUG - G3_oemof_evaluate - Evaluate flow: main grid
2019-10-21 11:50:49,932 - DEBUG - G3_oemof_evaluate - Evaluate flow: wind
2019-10-21 11:50:49,935 - DEBUG - G3_oemof_evaluate - Evaluate flow: pv
2019-10-21 11:50:49,941 - DEBUG - G3_oemof_evaluate - Evaluate flow: storage
2019-10-21 11:50:49,966 - DEBUG - G3_oemof_evaluate - Evaluate flow: rectifier
2019-10-21 11:50:49,974 - DEBUG - G3_oemof_evaluate - Evaluate flow: rectifier
2019-10-21 11:50:49,982 - DEBUG - G3_oemof_evaluate - Evaluate: res share
2019-10-21 11:50:49,982 - DEBUG - G3b_plausability_tests - Plausibility test: Charge/Discharge
2019-10-21 11:50:50,169 - DEBUG - G3b_plausability_tests - Plausibility test: Demand/Supply/Shortage
2019-10-21 11:50:50,579 - DEBUG - G3b_plausability_tests - Plausibility test: Feedin/Consumption
2019-10-21 11:50:50,580 - DEBUG - G3b_plausability_tests - Plausibility test: Grid availability consumption
2019-10-21 11:50:50,580 - DEBUG - G3b_plausability_tests - Plausibility test: Grid availability/Feedin
2019-10-21 11:50:50,580 - DEBUG - G3b_plausability_tests - Plausibility test: Excess/shortage
2019-10-21 11:50:50,580 - DEBUG - G3b_plausability_tests - Plausibility test: Excess/Feedin
2019-10-21 11:50:53,230 - WARNING - G2b_constraints_custom - Stability criterion is strictly not fullfilled, but deviation is less then e6.
2019-10-21 11:50:53,230 - DEBUG - G4_output_functions - Saving flows MG.
2019-10-21 11:50:54,127 - DEBUG - _base - update_title_pos
2019-10-21 11:50:54,294 - DEBUG - font_manager - findfont: Matching :family=sans-serif:style=normal:variant=normal:weight=normal:stretch=normal:size=12.0 to DejaVu Sans ('/home/cabbage/anaconda3/envs/logic-fork/lib/python3.6/site-packages/matplotlib/mpl-data/fonts/ttf/DejaVuSans.ttf') with score of 0.050000.
2019-10-21 11:50:54,320 - DEBUG - _base - update_title_pos
2019-10-21 11:50:54,526 - DEBUG - _base - update_title_pos
2019-10-21 11:50:54,615 - DEBUG - _base - update_title_pos
2019-10-21 11:50:54,788 - DEBUG - _base - update_title_pos
2019-10-21 11:50:54,881 - DEBUG - _base - update_title_pos
2019-10-21 11:50:54,934 - DEBUG - _base - update_title_pos
2019-10-21 11:50:55,111 - DEBUG - _base - update_title_pos
2019-10-21 11:50:55,523 - DEBUG - _base - update_title_pos
2019-10-21 11:50:55,587 - DEBUG - _base - update_title_pos
2019-10-21 11:50:55,697 - DEBUG - _base - update_title_pos
2019-10-21 11:50:55,723 - DEBUG - _base - update_title_pos
2019-10-21 11:50:55,769 - DEBUG - _base - update_title_pos
2019-10-21 11:50:55,795 - DEBUG - _base - update_title_pos
2019-10-21 11:50:55,818 - DEBUG - _base - update_title_pos
2019-10-21 11:50:55,899 - DEBUG - _base - update_title_pos
2019-10-21 11:50:56,121 - DEBUG - G4_output_functions - Saving flows storage.
2019-10-21 11:50:56,483 - DEBUG - _base - update_title_pos
2019-10-21 11:50:56,732 - DEBUG - _base - update_title_pos
2019-10-21 11:50:56,867 - DEBUG - _base - update_title_pos
2019-10-21 11:50:56,923 - DEBUG - _base - update_title_pos
2019-10-21 11:50:57,325 - DEBUG - _base - update_title_pos
2019-10-21 11:50:57,471 - DEBUG - _base - update_title_pos
2019-10-21 11:50:57,511 - DEBUG - _base - update_title_pos
2019-10-21 11:50:57,536 - DEBUG - _base - update_title_pos
2019-10-21 11:50:57,767 - DEBUG - G3a_economic_evaluation - Economic evaluation. Calculating investment costs over analysed timeframe.
2019-10-21 11:50:57,767 - DEBUG - G3a_economic_evaluation - Economic evaluation. Calculating O&M costs over analysed timeframe.
2019-10-21 11:50:57,768 - DEBUG - G3a_economic_evaluation - Economic evaluation. Scaling investment costs and O&M to year.
2019-10-21 11:50:57,768 - DEBUG - G3a_economic_evaluation - Economic evaluation. Calculating present costs.
2019-10-21 11:50:57,768 - DEBUG - G3a_economic_evaluation - Economic evaluation. Calculating fuel consumption and expenditures.
2019-10-21 11:50:57,768 - DEBUG - G3a_economic_evaluation - Economic evaluation. Calculating shortage and expenditures.
2019-10-21 11:50:57,768 - INFO - G0_oemof_simulate - Simulation of case "hoevelaken" resulted in : 
                  0.433 currency/kWh, at a renewable share of 79.17 percent with a reliability of 100.0 percent
2019-10-21 11:50:57,768 - INFO - G0_oemof_simulate -     Initial simulation time (s): 50.36 / Actual evaluation time (s): 116.5
2019-10-21 11:50:57,768 - DEBUG - G0_oemof_simulate -     Exact OEM results of case "hoevelaken" : 
                  8.274 kWh battery, 0.0 kWp PV, 21.269 kW wind, 3.542 kW genset at a renewable share of 79.17 percent with a reliability of 100.0 percent
2019-10-21 11:50:57,768 - DEBUG - G0_oemof_simulate -     Simulation of case hoevelaken complete.
2019-10-21 11:50:57,768 - DEBUG - G0_oemof_simulate - 

2019-10-21 11:50:57,967 - INFO - A_offgridders_wrapper -     Estimated simulation time left: 0.0 minutes.
2019-10-21 11:50:57,967 - INFO - A_offgridders_wrapper - 
 Simulation complete. Resulting parameters saved in "results.csv". 
 Overview over results:
2019-10-21 11:50:57,971 - INFO - _internal - 127.0.0.1 - - [21/Oct/2019 11:50:57] "GET /offgrid_simulator/ HTTP/1.1" 200 -
2019-10-21 11:51:14,017 - INFO - _internal - 127.0.0.1 - - [21/Oct/2019 11:51:14] "GET /offgrid_simulator/get_time_series/20191021094849/midwinter HTTP/1.1" 500 -
2019-10-21 11:51:14,023 - ERROR - _internal - Error on request:
Traceback (most recent call last):
  File "/home/cabbage/anaconda3/envs/logic-fork/lib/python3.6/site-packages/werkzeug/serving.py", line 303, in run_wsgi
    execute(self.server.app)
  File "/home/cabbage/anaconda3/envs/logic-fork/lib/python3.6/site-packages/werkzeug/serving.py", line 291, in execute
    application_iter = app(environ, start_response)
  File "/home/cabbage/anaconda3/envs/logic-fork/lib/python3.6/site-packages/flask/app.py", line 2463, in __call__
    return self.wsgi_app(environ, start_response)
  File "/home/cabbage/anaconda3/envs/logic-fork/lib/python3.6/site-packages/flask/app.py", line 2449, in wsgi_app
    response = self.handle_exception(e)
  File "/home/cabbage/anaconda3/envs/logic-fork/lib/python3.6/site-packages/flask_cors/extension.py", line 161, in wrapped_function
    return cors_after_request(app.make_response(f(*args, **kwargs)))
  File "/home/cabbage/anaconda3/envs/logic-fork/lib/python3.6/site-packages/flask/app.py", line 1866, in handle_exception
    reraise(exc_type, exc_value, tb)
  File "/home/cabbage/anaconda3/envs/logic-fork/lib/python3.6/site-packages/flask/_compat.py", line 39, in reraise
    raise value
  File "/home/cabbage/anaconda3/envs/logic-fork/lib/python3.6/site-packages/flask/app.py", line 2446, in wsgi_app
    response = self.full_dispatch_request()
  File "/home/cabbage/anaconda3/envs/logic-fork/lib/python3.6/site-packages/flask/app.py", line 1952, in full_dispatch_request
    return self.finalize_request(rv)
  File "/home/cabbage/anaconda3/envs/logic-fork/lib/python3.6/site-packages/flask/app.py", line 1967, in finalize_request
    response = self.make_response(rv)
  File "/home/cabbage/anaconda3/envs/logic-fork/lib/python3.6/site-packages/flask/app.py", line 2130, in make_response
    " {rv.__class__.__name__}.".format(rv=rv)
TypeError: The view function did not return a valid response. The return type must be a string, dict, tuple, Response instance, or WSGI callable, but it was a int.
