******************************************************
2019-10-21 10:58:48,377 - INFO - logger - Path for logging: data/outputs/20191021085837/micro_grid_design_logfile.log
2019-10-21 10:58:48,378 - INFO - logger - Used oemof version: 0.2.2
2019-10-21 10:58:48,378 - INFO - A_offgridders_wrapper - 
 
 MICRO GRID TOOL 3.0
 Version: 19.06.2019 
 Coded by: Martha M. Hoffmann 
 Reiner Lemoine Institute (Berlin) 
 
 
2019-10-21 10:58:48,380 - INFO - C_sensitivity_experiments - Parameters of sensitivity analysis
2019-10-21 10:58:48,382 - INFO - C_sensitivity_experiments - Randomized blackout timeseries for all combinations of blackout duration and frequency (1 experiments) will be generated.
2019-10-21 10:58:48,553 - DEBUG - C_sensitivity_experiments - Generating header for results.csv
2019-10-21 10:58:48,592 - INFO - C_sensitivity_experiments - For 1 project sites with 1 scenarios each, 1 sensitivity_experiment_s will be performed for each case.
2019-10-21 10:58:48,596 - INFO - E_blackouts_central_grid - Blackout experiment 1: Blackout duration 2.5 hrs, blackout frequency 0 per month
2019-10-21 10:58:48,596 - INFO - E_blackouts_central_grid - Number of blackouts in simulated timeframe: 0
2019-10-21 10:58:48,597 - INFO - E_blackouts_central_grid - Grid is not operational for 0 hours, with a reliability of 100.0 percent. 

2019-10-21 10:58:48,599 - INFO - E_blackouts_central_grid - Missing blackout timeseries added through auto-generation.
2019-10-21 10:58:49,203 - DEBUG - A_offgridders_wrapper - Using grid availability timeseries that was randomly generated.
2019-10-21 10:58:49,203 - INFO - A_offgridders_wrapper - Starting simulation, project site test_site.
2019-10-21 10:58:49,204 - DEBUG - G1_oemof_create_model - Complete case dictionary:
2019-10-21 10:58:49,204 - DEBUG - G1_oemof_create_model - {'case_name': 'hoevelaken', 'filename': 'hoevelaken', 'total_demand_ac': 1457.106725433258, 'total_demand_dc': 0.0, 'peak_demand': 5.462680481809254, 'evaluated_days': 14, 'genset_with_minimal_loading': False, 'storage_fixed_capacity': False, 'storage_fixed_power': False, 'genset_fixed_capacity': False, 'pv_fixed_capacity': False, 'pcc_consumption_fixed_capacity': None, 'pcc_feedin_fixed_capacity': None, 'wind_fixed_capacity': False, 'rectifier_ac_dc_fixed_capacity': False, 'inverter_dc_ac_fixed_capacity': False, 'allow_shortage': True, 'max_shortage': 0, 'stability_constraint': 'share_hybrid', 'renewable_share_constraint': False, 'number_of_equal_generators': 1, 'evaluation_perspective': 'AC_system', 'force_charge_from_maingrid': False, 'discharge_only_when_blackout': False, 'enable_inverter_only_at_backout': False}
2019-10-21 10:58:49,204 - DEBUG - G1_oemof_create_model - Create oemof model by adding case-specific busses and components.
2019-10-21 10:58:49,205 - DEBUG - G1_oemof_create_model - Added to oemof model: Electricity bus of energy system, AC
2019-10-21 10:58:49,205 - DEBUG - G2a_oemof_busses_and_componets - Added to oemof model: demand AC
2019-10-21 10:58:49,213 - DEBUG - G1_oemof_create_model - Added to oemof model: Fuel bus
2019-10-21 10:58:49,216 - DEBUG - G2a_oemof_busses_and_componets - Added to oemof model: source fuel
2019-10-21 10:58:49,218 - DEBUG - G2a_oemof_busses_and_componets - Added to oemof model: genset oem no minload
2019-10-21 10:58:49,220 - DEBUG - G2a_oemof_busses_and_componets - Added to oemof model: wind
2019-10-21 10:58:49,222 - DEBUG - G1_oemof_create_model - Added to oemof model: Electricity bus of energy system, DC
2019-10-21 10:58:49,222 - DEBUG - G2a_oemof_busses_and_componets - Added to oemof model: demand DC
2019-10-21 10:58:49,223 - DEBUG - G2a_oemof_busses_and_componets - Added to oemof model: pv oem
2019-10-21 10:58:49,223 - DEBUG - G2a_oemof_busses_and_componets - Added to oemof model: storage oem
2019-10-21 10:58:49,224 - DEBUG - G2a_oemof_busses_and_componets - Added to oemof model: rectifier oem
2019-10-21 10:58:49,226 - DEBUG - G2a_oemof_busses_and_componets - Added to oemof model: inverter_dc_ac oem
2019-10-21 10:58:49,226 - DEBUG - G2a_oemof_busses_and_componets - Added to oemof model: excess
2019-10-21 10:58:49,227 - DEBUG - G2a_oemof_busses_and_componets - Added to oemof model: source shortage
2019-10-21 10:58:49,227 - DEBUG - G1_oemof_create_model - Create oemof model based on created components and busses.
2019-10-21 10:58:50,073 - INFO - G1_oemof_create_model - Added constraint: Stability though actual generation of diesel generators and backup through batteries.
2019-10-21 10:58:50,274 - INFO - G1_oemof_create_model - Simulating...
2019-10-21 10:58:51,395 - INFO - models - Optimization successful...
2019-10-21 10:58:51,397 - DEBUG - G1_oemof_create_model - Problem solved
2019-10-21 10:58:51,812 - DEBUG - energy_system - Attributes dumped to: data/outputs/20191021085837/oemof/hoevelaken.oemof
2019-10-21 10:58:51,813 - DEBUG - G1_oemof_create_model - Stored results in data/outputs/20191021085837/oemof/hoevelaken.oemof
2019-10-21 10:58:51,813 - DEBUG - G1_oemof_create_model - Restore the energy system and the results.
2019-10-21 10:58:51,813 - INFO - energy_system - Restoring attributes will overwrite existing attributes.
2019-10-21 10:58:51,825 - DEBUG - energy_system - Attributes restored from: data/outputs/20191021085837/oemof/hoevelaken.oemof
2019-10-21 10:58:51,830 - DEBUG - G3_oemof_evaluate - Evaluate flow: demand
2019-10-21 10:58:51,837 - DEBUG - G3_oemof_evaluate - Evaluate flow: shortage
2019-10-21 10:58:51,844 - DEBUG - G3_oemof_evaluate - Evaluate excess: 
2019-10-21 10:58:51,848 - DEBUG - G3_oemof_evaluate - Evaluate flow: fuel
2019-10-21 10:58:51,851 - DEBUG - G3_oemof_evaluate - Evaluate flow: genset
2019-10-21 10:58:51,855 - DEBUG - G3_oemof_evaluate - Evaluate flow: main grid
2019-10-21 10:58:51,861 - DEBUG - G3_oemof_evaluate - Evaluate flow: wind
2019-10-21 10:58:51,863 - DEBUG - G3_oemof_evaluate - Evaluate flow: pv
2019-10-21 10:58:51,866 - DEBUG - G3_oemof_evaluate - Evaluate flow: storage
2019-10-21 10:58:51,888 - DEBUG - G3_oemof_evaluate - Evaluate flow: rectifier
2019-10-21 10:58:51,891 - DEBUG - G3_oemof_evaluate - Evaluate flow: rectifier
2019-10-21 10:58:51,895 - DEBUG - G3_oemof_evaluate - Evaluate: res share
2019-10-21 10:58:51,895 - DEBUG - G3b_plausability_tests - Plausibility test: Charge/Discharge
2019-10-21 10:58:51,904 - DEBUG - G3b_plausability_tests - Plausibility test: Demand/Supply/Shortage
2019-10-21 10:58:51,920 - DEBUG - G3b_plausability_tests - Plausibility test: Feedin/Consumption
2019-10-21 10:58:51,920 - DEBUG - G3b_plausability_tests - Plausibility test: Grid availability consumption
2019-10-21 10:58:51,920 - DEBUG - G3b_plausability_tests - Plausibility test: Grid availability/Feedin
2019-10-21 10:58:51,920 - DEBUG - G3b_plausability_tests - Plausibility test: Excess/shortage
2019-10-21 10:58:51,920 - DEBUG - G3b_plausability_tests - Plausibility test: Excess/Feedin
2019-10-21 10:58:51,972 - DEBUG - G2b_constraints_custom - Stability criterion is fullfilled.
2019-10-21 10:58:51,972 - DEBUG - G4_output_functions - Saving flows MG.
2019-10-21 10:58:52,202 - DEBUG - _base - update_title_pos
2019-10-21 10:58:52,284 - DEBUG - font_manager - findfont: Matching :family=sans-serif:style=normal:variant=normal:weight=normal:stretch=normal:size=12.0 to DejaVu Sans ('/home/cabbage/anaconda3/envs/logic-fork/lib/python3.6/site-packages/matplotlib/mpl-data/fonts/ttf/DejaVuSans.ttf') with score of 0.050000.
2019-10-21 10:58:52,323 - DEBUG - _base - update_title_pos
2019-10-21 10:58:52,446 - DEBUG - _base - update_title_pos
2019-10-21 10:58:52,481 - DEBUG - _base - update_title_pos
2019-10-21 10:58:52,547 - DEBUG - _base - update_title_pos
2019-10-21 10:58:52,582 - DEBUG - _base - update_title_pos
2019-10-21 10:58:52,611 - DEBUG - _base - update_title_pos
2019-10-21 10:58:52,691 - DEBUG - _base - update_title_pos
2019-10-21 10:58:53,006 - DEBUG - _base - update_title_pos
2019-10-21 10:58:53,060 - DEBUG - _base - update_title_pos
2019-10-21 10:58:53,172 - DEBUG - _base - update_title_pos
2019-10-21 10:58:53,197 - DEBUG - _base - update_title_pos
2019-10-21 10:58:53,240 - DEBUG - _base - update_title_pos
2019-10-21 10:58:53,264 - DEBUG - _base - update_title_pos
2019-10-21 10:58:53,284 - DEBUG - _base - update_title_pos
2019-10-21 10:58:53,365 - DEBUG - _base - update_title_pos
2019-10-21 10:58:53,558 - DEBUG - G4_output_functions - Saving flows storage.
2019-10-21 10:58:53,669 - DEBUG - _base - update_title_pos
2019-10-21 10:58:53,845 - DEBUG - _base - update_title_pos
2019-10-21 10:58:53,903 - DEBUG - _base - update_title_pos
2019-10-21 10:58:53,933 - DEBUG - _base - update_title_pos
2019-10-21 10:58:54,317 - DEBUG - _base - update_title_pos
2019-10-21 10:58:54,461 - DEBUG - _base - update_title_pos
2019-10-21 10:58:54,497 - DEBUG - _base - update_title_pos
2019-10-21 10:58:54,520 - DEBUG - _base - update_title_pos
2019-10-21 10:58:54,711 - DEBUG - G3a_economic_evaluation - Economic evaluation. Calculating investment costs over analysed timeframe.
2019-10-21 10:58:54,711 - DEBUG - G3a_economic_evaluation - Economic evaluation. Calculating O&M costs over analysed timeframe.
2019-10-21 10:58:54,712 - DEBUG - G3a_economic_evaluation - Economic evaluation. Scaling investment costs and O&M to year.
2019-10-21 10:58:54,712 - DEBUG - G3a_economic_evaluation - Economic evaluation. Calculating present costs.
2019-10-21 10:58:54,712 - DEBUG - G3a_economic_evaluation - Economic evaluation. Calculating fuel consumption and expenditures.
2019-10-21 10:58:54,712 - DEBUG - G3a_economic_evaluation - Economic evaluation. Calculating shortage and expenditures.
2019-10-21 10:58:54,712 - INFO - G0_oemof_simulate - Simulation of case "hoevelaken" resulted in : 
                  0.319 currency/kWh, at a renewable share of 91.02 percent with a reliability of 100.0 percent
2019-10-21 10:58:54,712 - INFO - G0_oemof_simulate -     Initial simulation time (s): 0.18 / Actual evaluation time (s): 5.51
2019-10-21 10:58:54,712 - DEBUG - G0_oemof_simulate -     Exact OEM results of case "hoevelaken" : 
                  10.167 kWh battery, 0.0 kWp PV, 20.529 kW wind, 2.133 kW genset at a renewable share of 91.02 percent with a reliability of 100.0 percent
2019-10-21 10:58:54,712 - DEBUG - G0_oemof_simulate -     Simulation of case hoevelaken complete.
2019-10-21 10:58:54,712 - DEBUG - G0_oemof_simulate - 

2019-10-21 10:58:54,786 - INFO - A_offgridders_wrapper -     Estimated simulation time left: 0.0 minutes.
2019-10-21 10:58:54,787 - INFO - A_offgridders_wrapper - 
 Simulation complete. Resulting parameters saved in "results.csv". 
 Overview over results:
2019-10-21 10:58:54,790 - INFO - _internal - 127.0.0.1 - - [21/Oct/2019 10:58:54] "GET /offgrid_simulator/ HTTP/1.1" 200 -
2019-10-21 11:02:15,755 - INFO - _internal - 127.0.0.1 - - [21/Oct/2019 11:02:15] "GET /offgrid_simulator/get_result/20191021085837 HTTP/1.1" 200 -
