******************************************************
2019-11-08 14:28:56,895 - INFO - logger - Path for logging: data/outputs/20191108132841\micro_grid_design_logfile.log
2019-11-08 14:28:56,895 - INFO - logger - Used oemof version: 0.2.2
2019-11-08 14:28:56,895 - INFO - A_offgridders_wrapper - 
 
 MICRO GRID TOOL 3.0
 Version: 19.06.2019 
 Coded by: Martha M. Hoffmann 
 Reiner Lemoine Institute (Berlin) 
 
 
2019-11-08 14:28:56,895 - INFO - C_sensitivity_experiments - Parameters of sensitivity analysis
2019-11-08 14:28:56,895 - INFO - C_sensitivity_experiments - Randomized blackout timeseries for all combinations of blackout duration and frequency (1 experiments) will be generated.
2019-11-08 14:28:57,083 - DEBUG - C_sensitivity_experiments - Generating header for results.csv
2019-11-08 14:28:57,245 - INFO - C_sensitivity_experiments - For 1 project sites with 1 scenarios each, 1 sensitivity_experiment_s will be performed for each case.
2019-11-08 14:28:57,295 - INFO - E_blackouts_central_grid - Blackout experiment 1: Blackout duration 2.5 hrs, blackout frequency 4 per month
2019-11-08 14:28:57,342 - INFO - E_blackouts_central_grid - Number of blackouts in simulated timeframe: 48
2019-11-08 14:28:57,394 - DEBUG - E_blackouts_central_grid - Blackouts events occur on following dates: 2019-01-11 17:00:00, 2019-01-23 22:00:00, 2019-01-25 09:00:00, 2019-02-01 03:00:00, 2019-02-18 12:00:00, 2019-02-19 02:00:00, 2019-03-16 15:00:00, 2019-03-18 01:00:00, 2019-03-31 10:00:00, 2019-04-01 10:00:00, 2019-04-11 13:00:00, 2019-05-11 10:00:00, 2019-05-15 05:00:00, 2019-05-28 18:00:00, 2019-06-11 12:00:00, 2019-06-11 20:00:00, 2019-06-18 15:00:00, 2019-07-03 22:00:00, 2019-07-05 17:00:00, 2019-07-07 11:00:00, 2019-07-15 13:00:00, 2019-07-17 20:00:00, 2019-07-18 05:00:00, 2019-07-25 17:00:00, 2019-07-30 02:00:00, 2019-08-06 00:00:00, 2019-08-06 13:00:00, 2019-08-08 19:00:00, 2019-08-13 09:00:00, 2019-08-14 23:00:00, 2019-08-16 04:00:00, 2019-08-21 12:00:00, 2019-08-29 00:00:00, 2019-09-02 12:00:00, 2019-09-08 07:00:00, 2019-09-16 04:00:00, 2019-09-16 16:00:00, 2019-09-18 15:00:00, 2019-09-21 23:00:00, 2019-10-08 05:00:00, 2019-10-20 23:00:00, 2019-10-24 06:00:00, 2019-10-24 08:00:00, 2019-11-01 09:00:00, 2019-11-06 23:00:00, 2019-11-21 20:00:00, 2019-12-09 07:00:00, 2019-12-14 07:00:00
2019-11-08 14:28:57,395 - INFO - E_blackouts_central_grid - Accumulated blackout duration: 120.0
2019-11-08 14:28:57,413 - INFO - E_blackouts_central_grid - Accumulated blackout duration (rounded to timestep): 96.0
2019-11-08 14:28:59,184 - INFO - _internal - 127.0.0.1 - - [08/Nov/2019 14:28:59] "GET /offgrid_simulator/get_result/20191108132841 HTTP/1.1" 404 -
2019-11-08 14:29:02,285 - INFO - _internal - 127.0.0.1 - - [08/Nov/2019 14:29:02] "GET /offgrid_simulator/get_result/20191108132841 HTTP/1.1" 404 -
2019-11-08 14:29:05,108 - DEBUG - E_blackouts_central_grid - A blackout event overlaps with another!
2019-11-08 14:29:05,395 - INFO - _internal - 127.0.0.1 - - [08/Nov/2019 14:29:05] "GET /offgrid_simulator/get_result/20191108132841 HTTP/1.1" 404 -
2019-11-08 14:29:06,988 - INFO - E_blackouts_central_grid - Grid is not operational for 96 hours, with a reliability of 98.9 percent. 

2019-11-08 14:29:06,988 - INFO - E_blackouts_central_grid - Missing blackout timeseries added through auto-generation.
2019-11-08 14:29:07,051 - DEBUG - core - Creating PluginEnvironment 'pca'
2019-11-08 14:29:07,051 - DEBUG - core - Pushing environment 'pca' on the PluginGlobals stack
2019-11-08 14:29:07,650 - DEBUG - core - Pushing environment 'pca' on the PluginGlobals stack
2019-11-08 14:29:07,656 - DEBUG - core - Popping environment 'pca' from the PluginGlobals stack
2019-11-08 14:29:07,672 - DEBUG - core - Pushing environment 'pca' on the PluginGlobals stack
2019-11-08 14:29:08,469 - INFO - _internal - 127.0.0.1 - - [08/Nov/2019 14:29:08] "GET /offgrid_simulator/get_result/20191108132841 HTTP/1.1" 404 -
2019-11-08 14:29:11,328 - DEBUG - A_offgridders_wrapper - Using grid availability timeseries that was randomly generated.
2019-11-08 14:29:11,328 - INFO - A_offgridders_wrapper - Starting simulation, project site test_site.
2019-11-08 14:29:11,328 - DEBUG - G1_oemof_create_model - Complete case dictionary:
2019-11-08 14:29:11,328 - DEBUG - G1_oemof_create_model - {'case_name': 'hoevelaken', 'filename': 'hoevelaken', 'total_demand_ac': 365250.00000000105, 'total_demand_dc': 0.0, 'peak_demand': 59.12822150522512, 'evaluated_days': 365, 'genset_with_minimal_loading': False, 'storage_fixed_capacity': None, 'storage_fixed_power': None, 'genset_fixed_capacity': False, 'pv_fixed_capacity': False, 'pcc_consumption_fixed_capacity': None, 'pcc_feedin_fixed_capacity': None, 'wind_fixed_capacity': False, 'rectifier_ac_dc_fixed_capacity': False, 'inverter_dc_ac_fixed_capacity': False, 'allow_shortage': True, 'max_shortage': 0, 'stability_constraint': 'share_hybrid', 'renewable_share_constraint': False, 'number_of_equal_generators': 1, 'evaluation_perspective': 'AC_system', 'force_charge_from_maingrid': False, 'discharge_only_when_blackout': False, 'enable_inverter_only_at_backout': False}
2019-11-08 14:29:11,328 - DEBUG - G1_oemof_create_model - Create oemof model by adding case-specific busses and components.
2019-11-08 14:29:11,328 - DEBUG - G1_oemof_create_model - Added to oemof model: Electricity bus of energy system, AC
2019-11-08 14:29:11,328 - DEBUG - G2a_oemof_busses_and_componets - Added to oemof model: demand AC
2019-11-08 14:29:11,328 - DEBUG - G1_oemof_create_model - Added to oemof model: Fuel bus
2019-11-08 14:29:11,328 - DEBUG - G2a_oemof_busses_and_componets - Added to oemof model: source fuel
2019-11-08 14:29:11,344 - DEBUG - G2a_oemof_busses_and_componets - Added to oemof model: genset oem no minload
2019-11-08 14:29:11,344 - DEBUG - G2a_oemof_busses_and_componets - Added to oemof model: wind
2019-11-08 14:29:11,344 - DEBUG - G1_oemof_create_model - Added to oemof model: Electricity bus of energy system, DC
2019-11-08 14:29:11,344 - DEBUG - G2a_oemof_busses_and_componets - Added to oemof model: demand DC
2019-11-08 14:29:11,344 - DEBUG - G2a_oemof_busses_and_componets - Added to oemof model: pv oem
2019-11-08 14:29:11,344 - DEBUG - G2a_oemof_busses_and_componets - Added to oemof model: rectifier oem
2019-11-08 14:29:11,344 - DEBUG - G2a_oemof_busses_and_componets - Added to oemof model: inverter_dc_ac oem
2019-11-08 14:29:11,344 - DEBUG - G2a_oemof_busses_and_componets - Added to oemof model: excess
2019-11-08 14:29:11,344 - DEBUG - G2a_oemof_busses_and_componets - Added to oemof model: source shortage
2019-11-08 14:29:11,344 - DEBUG - G1_oemof_create_model - Create oemof model based on created components and busses.
2019-11-08 14:29:12,016 - INFO - _internal - 127.0.0.1 - - [08/Nov/2019 14:29:12] "GET /offgrid_simulator/get_result/20191108132841 HTTP/1.1" 404 -
2019-11-08 14:29:15,625 - INFO - _internal - 127.0.0.1 - - [08/Nov/2019 14:29:15] "GET /offgrid_simulator/get_result/20191108132841 HTTP/1.1" 404 -
2019-11-08 14:29:19,219 - INFO - _internal - 127.0.0.1 - - [08/Nov/2019 14:29:19] "GET /offgrid_simulator/get_result/20191108132841 HTTP/1.1" 404 -
2019-11-08 14:29:22,750 - INFO - _internal - 127.0.0.1 - - [08/Nov/2019 14:29:22] "GET /offgrid_simulator/get_result/20191108132841 HTTP/1.1" 404 -
2019-11-08 14:29:26,324 - INFO - _internal - 127.0.0.1 - - [08/Nov/2019 14:29:26] "GET /offgrid_simulator/get_result/20191108132841 HTTP/1.1" 404 -
2019-11-08 14:29:27,090 - INFO - G1_oemof_create_model - Added constraint: Stability though actual generation of diesel generators and backup through batteries.
2019-11-08 14:29:29,871 - INFO - _internal - 127.0.0.1 - - [08/Nov/2019 14:29:29] "GET /offgrid_simulator/get_result/20191108132841 HTTP/1.1" 404 -
2019-11-08 14:29:30,668 - INFO - G1_oemof_create_model - Simulating...
2019-11-08 14:29:33,142 - INFO - _internal - 127.0.0.1 - - [08/Nov/2019 14:29:33] "GET /offgrid_simulator/get_result/20191108132841 HTTP/1.1" 404 -
2019-11-08 14:29:36,376 - INFO - _internal - 127.0.0.1 - - [08/Nov/2019 14:29:36] "GET /offgrid_simulator/get_result/20191108132841 HTTP/1.1" 404 -
2019-11-08 14:29:39,610 - INFO - _internal - 127.0.0.1 - - [08/Nov/2019 14:29:39] "GET /offgrid_simulator/get_result/20191108132841 HTTP/1.1" 404 -
2019-11-08 14:29:42,708 - INFO - _internal - 127.0.0.1 - - [08/Nov/2019 14:29:42] "GET /offgrid_simulator/get_result/20191108132841 HTTP/1.1" 404 -
2019-11-08 14:29:45,755 - INFO - _internal - 127.0.0.1 - - [08/Nov/2019 14:29:45] "GET /offgrid_simulator/get_result/20191108132841 HTTP/1.1" 404 -
2019-11-08 14:29:48,805 - INFO - _internal - 127.0.0.1 - - [08/Nov/2019 14:29:48] "GET /offgrid_simulator/get_result/20191108132841 HTTP/1.1" 404 -
2019-11-08 14:29:52,301 - INFO - _internal - 127.0.0.1 - - [08/Nov/2019 14:29:52] "GET /offgrid_simulator/get_result/20191108132841 HTTP/1.1" 404 -
2019-11-08 14:29:52,754 - INFO - models - Optimization successful...
2019-11-08 14:29:52,770 - DEBUG - G1_oemof_create_model - Problem solved
2019-11-08 14:29:55,565 - INFO - _internal - 127.0.0.1 - - [08/Nov/2019 14:29:55] "GET /offgrid_simulator/get_result/20191108132841 HTTP/1.1" 404 -
2019-11-08 14:29:57,284 - DEBUG - energy_system - Attributes dumped to: data/outputs/20191108132841/oemof\hoevelaken.oemof
2019-11-08 14:29:57,284 - DEBUG - G1_oemof_create_model - Stored results in data/outputs/20191108132841/oemof/hoevelaken.oemof
2019-11-08 14:29:57,284 - DEBUG - G1_oemof_create_model - Restore the energy system and the results.
2019-11-08 14:29:57,284 - INFO - energy_system - Restoring attributes will overwrite existing attributes.
2019-11-08 14:29:57,315 - DEBUG - energy_system - Attributes restored from: data/outputs/20191108132841/oemof\hoevelaken.oemof
2019-11-08 14:29:57,315 - DEBUG - G3_oemof_evaluate - Evaluate flow: demand
2019-11-08 14:29:57,346 - DEBUG - G3_oemof_evaluate - Evaluate flow: shortage
2019-11-08 14:29:57,378 - DEBUG - G3_oemof_evaluate - Evaluate excess: 
2019-11-08 14:29:57,393 - DEBUG - G3_oemof_evaluate - Evaluate flow: fuel
2019-11-08 14:29:57,409 - DEBUG - G3_oemof_evaluate - Evaluate flow: genset
2019-11-08 14:29:57,409 - DEBUG - G3_oemof_evaluate - Evaluate flow: main grid
2019-11-08 14:29:57,440 - DEBUG - G3_oemof_evaluate - Evaluate flow: wind
2019-11-08 14:29:57,440 - DEBUG - G3_oemof_evaluate - Evaluate flow: pv
2019-11-08 14:29:57,440 - DEBUG - G3_oemof_evaluate - Evaluate flow: storage
2019-11-08 14:29:57,471 - DEBUG - G3_oemof_evaluate - Evaluate flow: rectifier
2019-11-08 14:29:57,471 - DEBUG - G3_oemof_evaluate - Evaluate flow: rectifier
2019-11-08 14:29:57,487 - DEBUG - G3_oemof_evaluate - Evaluate: res share
2019-11-08 14:29:57,487 - DEBUG - G3b_plausability_tests - Plausibility test: Charge/Discharge
2019-11-08 14:29:57,487 - DEBUG - G3b_plausability_tests - Plausibility test: Demand/Supply/Shortage
2019-11-08 14:29:58,079 - DEBUG - G3b_plausability_tests - Plausibility test: Feedin/Consumption
2019-11-08 14:29:58,079 - DEBUG - G3b_plausability_tests - Plausibility test: Grid availability consumption
2019-11-08 14:29:58,079 - DEBUG - G3b_plausability_tests - Plausibility test: Grid availability/Feedin
2019-11-08 14:29:58,079 - DEBUG - G3b_plausability_tests - Plausibility test: Excess/shortage
2019-11-08 14:29:58,079 - DEBUG - G3b_plausability_tests - Plausibility test: Excess/Feedin
2019-11-08 14:29:58,874 - INFO - _internal - 127.0.0.1 - - [08/Nov/2019 14:29:58] "GET /offgrid_simulator/get_result/20191108132841 HTTP/1.1" 404 -
2019-11-08 14:30:00,376 - WARNING - G2b_constraints_custom - Stability criterion is strictly not fullfilled, but deviation is less then e6.
2019-11-08 14:30:00,377 - DEBUG - G4_output_functions - Saving flows MG.
2019-11-08 14:30:01,287 - DEBUG - _base - update_title_pos
2019-11-08 14:30:01,414 - DEBUG - font_manager - findfont: Matching :family=sans-serif:style=normal:variant=normal:weight=normal:stretch=normal:size=12.0 to DejaVu Sans ('C:\\Users\\marie\\Anaconda3\\envs\\logic\\lib\\site-packages\\matplotlib\\mpl-data\\fonts\\ttf\\DejaVuSans.ttf') with score of 0.050000.
2019-11-08 14:30:01,478 - DEBUG - _base - update_title_pos
2019-11-08 14:30:01,587 - DEBUG - _base - update_title_pos
2019-11-08 14:30:01,625 - DEBUG - _base - update_title_pos
2019-11-08 14:30:01,923 - INFO - _internal - 127.0.0.1 - - [08/Nov/2019 14:30:01] "GET /offgrid_simulator/get_result/20191108132841 HTTP/1.1" 404 -
2019-11-08 14:30:02,239 - DEBUG - _base - update_title_pos
2019-11-08 14:30:02,343 - DEBUG - _base - update_title_pos
2019-11-08 14:30:02,413 - DEBUG - _base - update_title_pos
2019-11-08 14:30:02,445 - DEBUG - _base - update_title_pos
2019-11-08 14:30:02,638 - DEBUG - G4_output_functions - Saving flows storage.
2019-11-08 14:30:02,638 - DEBUG - G3a_economic_evaluation - Economic evaluation. Calculating investment costs over analysed timeframe.
2019-11-08 14:30:02,639 - DEBUG - G3a_economic_evaluation - Economic evaluation. Calculating O&M costs over analysed timeframe.
2019-11-08 14:30:02,639 - DEBUG - G3a_economic_evaluation - Economic evaluation. Scaling investment costs and O&M to year.
2019-11-08 14:30:02,639 - DEBUG - G3a_economic_evaluation - Economic evaluation. Calculating present costs.
2019-11-08 14:30:02,639 - DEBUG - G3a_economic_evaluation - Economic evaluation. Calculating fuel consumption and expenditures.
2019-11-08 14:30:02,639 - DEBUG - G3a_economic_evaluation - Economic evaluation. Calculating shortage and expenditures.
2019-11-08 14:30:02,639 - INFO - G0_oemof_simulate - Simulation of case "hoevelaken" resulted in : 
                  0.413 currency/kWh, at a renewable share of 68.82 percent with a reliability of 100.0 percent
2019-11-08 14:30:02,641 - INFO - G0_oemof_simulate -     Initial simulation time (s): 7.77 / Actual evaluation time (s): 51.31
2019-11-08 14:30:02,642 - DEBUG - G0_oemof_simulate -     Exact OEM results of case "hoevelaken" : 
                  0 kWh battery, 65.653 kWp PV, 169.718 kW wind, 56.853 kW genset at a renewable share of 68.82 percent with a reliability of 100.0 percent
2019-11-08 14:30:02,643 - DEBUG - G0_oemof_simulate -     Simulation of case hoevelaken complete.
2019-11-08 14:30:02,643 - DEBUG - G0_oemof_simulate - 

2019-11-08 14:30:02,911 - INFO - A_offgridders_wrapper -     Estimated simulation time left: 0.0 minutes.
2019-11-08 14:30:02,914 - INFO - A_offgridders_wrapper - 
 Simulation complete. Resulting parameters saved in "results.csv". 
 Overview over results:
2019-11-08 14:30:04,941 - INFO - _internal - 127.0.0.1 - - [08/Nov/2019 14:30:04] "GET /offgrid_simulator/get_result/20191108132841 HTTP/1.1" 404 -
2019-11-08 14:30:07,957 - INFO - _internal - 127.0.0.1 - - [08/Nov/2019 14:30:07] "GET /offgrid_simulator/get_result/20191108132841 HTTP/1.1" 404 -
2019-11-08 14:30:10,978 - INFO - _internal - 127.0.0.1 - - [08/Nov/2019 14:30:10] "GET /offgrid_simulator/get_result/20191108132841 HTTP/1.1" 404 -
2019-11-08 14:30:14,005 - INFO - _internal - 127.0.0.1 - - [08/Nov/2019 14:30:14] "GET /offgrid_simulator/get_result/20191108132841 HTTP/1.1" 404 -
2019-11-08 14:30:17,054 - INFO - _internal - 127.0.0.1 - - [08/Nov/2019 14:30:17] "GET /offgrid_simulator/get_result/20191108132841 HTTP/1.1" 200 -
2019-11-08 14:30:19,164 - INFO - _internal - 127.0.0.1 - - [08/Nov/2019 14:30:19] "GET /offgrid_simulator/daily_time_series/20191108132841/mid_summer HTTP/1.1" 500 -
2019-11-08 14:30:19,176 - ERROR - _internal - Error on request:
Traceback (most recent call last):
  File "C:\Users\marie\Anaconda3\envs\logic\lib\site-packages\werkzeug\serving.py", line 303, in run_wsgi
    execute(self.server.app)
  File "C:\Users\marie\Anaconda3\envs\logic\lib\site-packages\werkzeug\serving.py", line 291, in execute
    application_iter = app(environ, start_response)
  File "C:\Users\marie\Anaconda3\envs\logic\lib\site-packages\flask\app.py", line 2463, in __call__
    return self.wsgi_app(environ, start_response)
  File "C:\Users\marie\Anaconda3\envs\logic\lib\site-packages\flask\app.py", line 2449, in wsgi_app
    response = self.handle_exception(e)
  File "C:\Users\marie\Anaconda3\envs\logic\lib\site-packages\flask_cors\extension.py", line 161, in wrapped_function
    return cors_after_request(app.make_response(f(*args, **kwargs)))
  File "C:\Users\marie\Anaconda3\envs\logic\lib\site-packages\flask\app.py", line 1866, in handle_exception
    reraise(exc_type, exc_value, tb)
  File "C:\Users\marie\Anaconda3\envs\logic\lib\site-packages\flask\_compat.py", line 39, in reraise
    raise value
  File "C:\Users\marie\Anaconda3\envs\logic\lib\site-packages\flask\app.py", line 2446, in wsgi_app
    response = self.full_dispatch_request()
  File "C:\Users\marie\Anaconda3\envs\logic\lib\site-packages\flask\app.py", line 1951, in full_dispatch_request
    rv = self.handle_user_exception(e)
  File "C:\Users\marie\Anaconda3\envs\logic\lib\site-packages\flask_cors\extension.py", line 161, in wrapped_function
    return cors_after_request(app.make_response(f(*args, **kwargs)))
  File "C:\Users\marie\Anaconda3\envs\logic\lib\site-packages\flask\app.py", line 1820, in handle_user_exception
    reraise(exc_type, exc_value, tb)
  File "C:\Users\marie\Anaconda3\envs\logic\lib\site-packages\flask\_compat.py", line 39, in reraise
    raise value
  File "C:\Users\marie\Anaconda3\envs\logic\lib\site-packages\flask\app.py", line 1949, in full_dispatch_request
    rv = self.dispatch_request()
  File "C:\Users\marie\Anaconda3\envs\logic\lib\site-packages\flask\app.py", line 1935, in dispatch_request
    return self.view_functions[rule.endpoint](**req.view_args)
  File "C:\repositories\LOGiC\logic\offgrid_simulator\controllers.py", line 107, in get_daily_time_series
    relevant_data = time_series[settings.RELEVANT_COLUMNS].copy()
  File "C:\Users\marie\Anaconda3\envs\logic\lib\site-packages\pandas\core\frame.py", line 2682, in __getitem__
    return self._getitem_array(key)
  File "C:\Users\marie\Anaconda3\envs\logic\lib\site-packages\pandas\core\frame.py", line 2726, in _getitem_array
    indexer = self.loc._convert_to_indexer(key, axis=1)
  File "C:\Users\marie\Anaconda3\envs\logic\lib\site-packages\pandas\core\indexing.py", line 1327, in _convert_to_indexer
    .format(mask=objarr[mask]))
KeyError: "['Storage charge' 'Storage discharge'] not in index"
2019-11-08 14:30:21,347 - INFO - _internal - 127.0.0.1 - - [08/Nov/2019 14:30:21] "GET /offgrid_simulator/monthly_time_series/20191108132841 HTTP/1.1" 200 -
2019-11-08 14:30:23,534 - INFO - _internal - 127.0.0.1 - - [08/Nov/2019 14:30:23] "GET /offgrid_simulator/demand_series/20191108132841 HTTP/1.1" 200 -
2019-11-08 14:30:37,207 - INFO - _internal - 127.0.0.1 - - [08/Nov/2019 14:30:37] "POST /report/email HTTP/1.1" 404 -
2019-11-08 14:30:39,234 - INFO - _internal - 127.0.0.1 - - [08/Nov/2019 14:30:39] "GET /report/download/20191108132841 HTTP/1.1" 200 -
