******************************************************
2019-11-11 09:17:24,602 - INFO - logger - Path for logging: data/outputs/20191111081707\micro_grid_design_logfile.log
2019-11-11 09:17:24,607 - INFO - logger - Used oemof version: 0.2.2
2019-11-11 09:17:24,609 - INFO - A_offgridders_wrapper - 
 
 MICRO GRID TOOL 3.0
 Version: 19.06.2019 
 Coded by: Martha M. Hoffmann 
 Reiner Lemoine Institute (Berlin) 
 
 
2019-11-11 09:17:24,609 - INFO - C_sensitivity_experiments - Parameters of sensitivity analysis
2019-11-11 09:17:24,617 - INFO - C_sensitivity_experiments - Randomized blackout timeseries for all combinations of blackout duration and frequency (1 experiments) will be generated.
2019-11-11 09:17:24,802 - INFO - _internal - 127.0.0.1 - - [11/Nov/2019 09:17:24] "GET /offgrid_simulator/get_result/20191111081707 HTTP/1.1" 404 -
2019-11-11 09:17:24,937 - DEBUG - C_sensitivity_experiments - Generating header for results.csv
2019-11-11 09:17:25,034 - INFO - C_sensitivity_experiments - For 1 project sites with 1 scenarios each, 1 sensitivity_experiment_s will be performed for each case.
2019-11-11 09:17:25,052 - INFO - E_blackouts_central_grid - Blackout experiment 1: Blackout duration 2.5 hrs, blackout frequency 4 per month
2019-11-11 09:17:25,052 - INFO - E_blackouts_central_grid - Number of blackouts in simulated timeframe: 48
2019-11-11 09:17:25,067 - DEBUG - E_blackouts_central_grid - Blackouts events occur on following dates: 2019-01-10 06:00:00, 2019-01-12 15:00:00, 2019-01-12 16:00:00, 2019-01-15 11:00:00, 2019-01-18 01:00:00, 2019-01-20 16:00:00, 2019-01-30 07:00:00, 2019-02-01 00:00:00, 2019-02-22 13:00:00, 2019-02-23 06:00:00, 2019-03-07 23:00:00, 2019-03-14 08:00:00, 2019-03-23 13:00:00, 2019-03-30 12:00:00, 2019-04-14 14:00:00, 2019-04-15 06:00:00, 2019-04-17 04:00:00, 2019-04-24 20:00:00, 2019-04-27 10:00:00, 2019-04-27 13:00:00, 2019-05-02 23:00:00, 2019-05-06 20:00:00, 2019-05-18 15:00:00, 2019-05-19 08:00:00, 2019-05-22 19:00:00, 2019-06-06 03:00:00, 2019-07-03 01:00:00, 2019-07-04 04:00:00, 2019-07-19 02:00:00, 2019-07-26 14:00:00, 2019-07-31 09:00:00, 2019-08-01 20:00:00, 2019-08-13 17:00:00, 2019-09-02 05:00:00, 2019-09-04 05:00:00, 2019-09-10 16:00:00, 2019-09-28 01:00:00, 2019-09-28 10:00:00, 2019-09-29 06:00:00, 2019-10-10 17:00:00, 2019-10-16 16:00:00, 2019-11-01 16:00:00, 2019-11-06 18:00:00, 2019-11-26 11:00:00, 2019-12-19 19:00:00, 2019-12-25 03:00:00, 2019-12-25 07:00:00, 2019-12-30 13:00:00
2019-11-11 09:17:25,067 - INFO - E_blackouts_central_grid - Accumulated blackout duration: 120.0
2019-11-11 09:17:25,067 - INFO - E_blackouts_central_grid - Accumulated blackout duration (rounded to timestep): 96.0
2019-11-11 09:17:25,352 - DEBUG - E_blackouts_central_grid - A blackout event overlaps with another!
2019-11-11 09:17:27,922 - INFO - _internal - 127.0.0.1 - - [11/Nov/2019 09:17:27] "GET /offgrid_simulator/get_result/20191111081707 HTTP/1.1" 404 -
2019-11-11 09:17:31,187 - INFO - _internal - 127.0.0.1 - - [11/Nov/2019 09:17:31] "GET /offgrid_simulator/get_result/20191111081707 HTTP/1.1" 404 -
2019-11-11 09:17:31,632 - INFO - E_blackouts_central_grid - Due to 1 overlapping blackouts, the total random blackout duration is not equal with the real grid availability.
2019-11-11 09:17:31,632 - INFO - E_blackouts_central_grid - Grid is not operational for 95 hours, with a reliability of 98.92 percent. 

2019-11-11 09:17:31,632 - INFO - E_blackouts_central_grid - Missing blackout timeseries added through auto-generation.
2019-11-11 09:17:31,697 - DEBUG - core - Creating PluginEnvironment 'pca'
2019-11-11 09:17:31,697 - DEBUG - core - Pushing environment 'pca' on the PluginGlobals stack
2019-11-11 09:17:32,827 - DEBUG - core - Pushing environment 'pca' on the PluginGlobals stack
2019-11-11 09:17:32,837 - DEBUG - core - Popping environment 'pca' from the PluginGlobals stack
2019-11-11 09:17:32,837 - DEBUG - core - Pushing environment 'pca' on the PluginGlobals stack
2019-11-11 09:17:34,267 - INFO - _internal - 127.0.0.1 - - [11/Nov/2019 09:17:34] "GET /offgrid_simulator/get_result/20191111081707 HTTP/1.1" 404 -
2019-11-11 09:17:37,357 - INFO - _internal - 127.0.0.1 - - [11/Nov/2019 09:17:37] "GET /offgrid_simulator/get_result/20191111081707 HTTP/1.1" 404 -
2019-11-11 09:17:38,367 - DEBUG - A_offgridders_wrapper - Using grid availability timeseries that was randomly generated.
2019-11-11 09:17:38,367 - INFO - A_offgridders_wrapper - Starting simulation, project site test_site.
2019-11-11 09:17:38,367 - DEBUG - G1_oemof_create_model - Complete case dictionary:
2019-11-11 09:17:38,377 - DEBUG - G1_oemof_create_model - {'case_name': 'koog', 'filename': 'koog', 'total_demand_ac': 365250.00000000105, 'total_demand_dc': 0.0, 'peak_demand': 59.12822150522512, 'evaluated_days': 365, 'genset_with_minimal_loading': False, 'storage_fixed_capacity': None, 'storage_fixed_power': None, 'genset_fixed_capacity': False, 'pv_fixed_capacity': False, 'pcc_consumption_fixed_capacity': None, 'pcc_feedin_fixed_capacity': None, 'wind_fixed_capacity': False, 'rectifier_ac_dc_fixed_capacity': False, 'inverter_dc_ac_fixed_capacity': False, 'allow_shortage': True, 'max_shortage': 0, 'stability_constraint': 'share_hybrid', 'renewable_share_constraint': False, 'number_of_equal_generators': 1, 'evaluation_perspective': 'AC_system', 'force_charge_from_maingrid': False, 'discharge_only_when_blackout': False, 'enable_inverter_only_at_backout': False}
2019-11-11 09:17:38,377 - DEBUG - G1_oemof_create_model - Create oemof model by adding case-specific busses and components.
2019-11-11 09:17:38,377 - DEBUG - G1_oemof_create_model - Added to oemof model: Electricity bus of energy system, AC
2019-11-11 09:17:38,377 - DEBUG - G2a_oemof_busses_and_componets - Added to oemof model: demand AC
2019-11-11 09:17:38,377 - DEBUG - G1_oemof_create_model - Added to oemof model: Fuel bus
2019-11-11 09:17:38,387 - DEBUG - G2a_oemof_busses_and_componets - Added to oemof model: source fuel
2019-11-11 09:17:38,387 - DEBUG - G2a_oemof_busses_and_componets - Added to oemof model: genset oem no minload
2019-11-11 09:17:38,397 - DEBUG - G2a_oemof_busses_and_componets - Added to oemof model: wind
2019-11-11 09:17:38,402 - DEBUG - G1_oemof_create_model - Added to oemof model: Electricity bus of energy system, DC
2019-11-11 09:17:38,407 - DEBUG - G2a_oemof_busses_and_componets - Added to oemof model: demand DC
2019-11-11 09:17:38,412 - DEBUG - G2a_oemof_busses_and_componets - Added to oemof model: pv oem
2019-11-11 09:17:38,412 - DEBUG - G2a_oemof_busses_and_componets - Added to oemof model: rectifier oem
2019-11-11 09:17:38,412 - DEBUG - G2a_oemof_busses_and_componets - Added to oemof model: inverter_dc_ac oem
2019-11-11 09:17:38,412 - DEBUG - G2a_oemof_busses_and_componets - Added to oemof model: excess
2019-11-11 09:17:38,412 - DEBUG - G2a_oemof_busses_and_componets - Added to oemof model: source shortage
2019-11-11 09:17:38,417 - DEBUG - G1_oemof_create_model - Create oemof model based on created components and busses.
2019-11-11 09:17:40,847 - INFO - _internal - 127.0.0.1 - - [11/Nov/2019 09:17:40] "GET /offgrid_simulator/get_result/20191111081707 HTTP/1.1" 404 -
2019-11-11 09:17:44,367 - INFO - _internal - 127.0.0.1 - - [11/Nov/2019 09:17:44] "GET /offgrid_simulator/get_result/20191111081707 HTTP/1.1" 404 -
2019-11-11 09:17:47,908 - INFO - _internal - 127.0.0.1 - - [11/Nov/2019 09:17:47] "GET /offgrid_simulator/get_result/20191111081707 HTTP/1.1" 404 -
2019-11-11 09:17:51,547 - INFO - _internal - 127.0.0.1 - - [11/Nov/2019 09:17:51] "GET /offgrid_simulator/get_result/20191111081707 HTTP/1.1" 404 -
2019-11-11 09:17:55,087 - INFO - _internal - 127.0.0.1 - - [11/Nov/2019 09:17:55] "GET /offgrid_simulator/get_result/20191111081707 HTTP/1.1" 404 -
2019-11-11 09:17:57,917 - INFO - G1_oemof_create_model - Added constraint: Stability though actual generation of diesel generators and backup through batteries.
2019-11-11 09:17:58,767 - INFO - _internal - 127.0.0.1 - - [11/Nov/2019 09:17:58] "GET /offgrid_simulator/get_result/20191111081707 HTTP/1.1" 404 -
2019-11-11 09:18:02,367 - INFO - G1_oemof_create_model - Simulating...
2019-11-11 09:18:02,367 - INFO - _internal - 127.0.0.1 - - [11/Nov/2019 09:18:02] "GET /offgrid_simulator/get_result/20191111081707 HTTP/1.1" 404 -
2019-11-11 09:18:05,557 - INFO - _internal - 127.0.0.1 - - [11/Nov/2019 09:18:05] "GET /offgrid_simulator/get_result/20191111081707 HTTP/1.1" 404 -
2019-11-11 09:18:08,847 - INFO - _internal - 127.0.0.1 - - [11/Nov/2019 09:18:08] "GET /offgrid_simulator/get_result/20191111081707 HTTP/1.1" 404 -
2019-11-11 09:18:12,097 - INFO - _internal - 127.0.0.1 - - [11/Nov/2019 09:18:12] "GET /offgrid_simulator/get_result/20191111081707 HTTP/1.1" 404 -
2019-11-11 09:18:15,307 - INFO - _internal - 127.0.0.1 - - [11/Nov/2019 09:18:15] "GET /offgrid_simulator/get_result/20191111081707 HTTP/1.1" 404 -
2019-11-11 09:18:18,412 - INFO - _internal - 127.0.0.1 - - [11/Nov/2019 09:18:18] "GET /offgrid_simulator/get_result/20191111081707 HTTP/1.1" 404 -
2019-11-11 09:18:21,507 - INFO - _internal - 127.0.0.1 - - [11/Nov/2019 09:18:21] "GET /offgrid_simulator/get_result/20191111081707 HTTP/1.1" 404 -
2019-11-11 09:18:24,552 - INFO - _internal - 127.0.0.1 - - [11/Nov/2019 09:18:24] "GET /offgrid_simulator/get_result/20191111081707 HTTP/1.1" 404 -
2019-11-11 09:18:28,057 - INFO - _internal - 127.0.0.1 - - [11/Nov/2019 09:18:28] "GET /offgrid_simulator/get_result/20191111081707 HTTP/1.1" 404 -
2019-11-11 09:18:28,867 - INFO - models - Optimization successful...
2019-11-11 09:18:28,887 - DEBUG - G1_oemof_create_model - Problem solved
2019-11-11 09:18:31,587 - INFO - _internal - 127.0.0.1 - - [11/Nov/2019 09:18:31] "GET /offgrid_simulator/get_result/20191111081707 HTTP/1.1" 404 -
2019-11-11 09:18:33,727 - DEBUG - energy_system - Attributes dumped to: data/outputs/20191111081707/oemof\koog.oemof
2019-11-11 09:18:33,727 - DEBUG - G1_oemof_create_model - Stored results in data/outputs/20191111081707/oemof/koog.oemof
2019-11-11 09:18:33,727 - DEBUG - G1_oemof_create_model - Restore the energy system and the results.
2019-11-11 09:18:33,727 - INFO - energy_system - Restoring attributes will overwrite existing attributes.
2019-11-11 09:18:33,772 - DEBUG - energy_system - Attributes restored from: data/outputs/20191111081707/oemof\koog.oemof
2019-11-11 09:18:33,782 - DEBUG - G3_oemof_evaluate - Evaluate flow: demand
2019-11-11 09:18:33,832 - DEBUG - G3_oemof_evaluate - Evaluate flow: shortage
2019-11-11 09:18:33,867 - DEBUG - G3_oemof_evaluate - Evaluate excess: 
2019-11-11 09:18:33,907 - DEBUG - G3_oemof_evaluate - Evaluate flow: fuel
2019-11-11 09:18:33,913 - DEBUG - G3_oemof_evaluate - Evaluate flow: genset
2019-11-11 09:18:33,923 - DEBUG - G3_oemof_evaluate - Evaluate flow: main grid
2019-11-11 09:18:33,961 - DEBUG - G3_oemof_evaluate - Evaluate flow: wind
2019-11-11 09:18:33,963 - DEBUG - G3_oemof_evaluate - Evaluate flow: pv
2019-11-11 09:18:33,971 - DEBUG - G3_oemof_evaluate - Evaluate flow: storage
2019-11-11 09:18:34,002 - DEBUG - G3_oemof_evaluate - Evaluate flow: rectifier
2019-11-11 09:18:34,012 - DEBUG - G3_oemof_evaluate - Evaluate flow: rectifier
2019-11-11 09:18:34,017 - DEBUG - G3_oemof_evaluate - Evaluate: res share
2019-11-11 09:18:34,017 - DEBUG - G3b_plausability_tests - Plausibility test: Charge/Discharge
2019-11-11 09:18:34,017 - DEBUG - G3b_plausability_tests - Plausibility test: Demand/Supply/Shortage
2019-11-11 09:18:34,528 - DEBUG - G3b_plausability_tests - Plausibility test: Feedin/Consumption
2019-11-11 09:18:34,528 - DEBUG - G3b_plausability_tests - Plausibility test: Grid availability consumption
2019-11-11 09:18:34,528 - DEBUG - G3b_plausability_tests - Plausibility test: Grid availability/Feedin
2019-11-11 09:18:34,528 - DEBUG - G3b_plausability_tests - Plausibility test: Excess/shortage
2019-11-11 09:18:34,528 - DEBUG - G3b_plausability_tests - Plausibility test: Excess/Feedin
2019-11-11 09:18:35,232 - INFO - _internal - 127.0.0.1 - - [11/Nov/2019 09:18:35] "GET /offgrid_simulator/get_result/20191111081707 HTTP/1.1" 404 -
2019-11-11 09:18:36,927 - WARNING - G2b_constraints_custom - Stability criterion is strictly not fullfilled, but deviation is less then e6.
2019-11-11 09:18:36,927 - DEBUG - G4_output_functions - Saving flows MG.
2019-11-11 09:18:38,117 - DEBUG - _base - update_title_pos
2019-11-11 09:18:38,232 - DEBUG - font_manager - findfont: Matching :family=sans-serif:style=normal:variant=normal:weight=normal:stretch=normal:size=12.0 to DejaVu Sans ('C:\\Users\\marie\\Anaconda3\\envs\\logic\\lib\\site-packages\\matplotlib\\mpl-data\\fonts\\ttf\\DejaVuSans.ttf') with score of 0.050000.
2019-11-11 09:18:38,277 - DEBUG - _base - update_title_pos
2019-11-11 09:18:38,377 - DEBUG - _base - update_title_pos
2019-11-11 09:18:38,427 - DEBUG - _base - update_title_pos
2019-11-11 09:18:38,437 - INFO - _internal - 127.0.0.1 - - [11/Nov/2019 09:18:38] "GET /offgrid_simulator/get_result/20191111081707 HTTP/1.1" 404 -
2019-11-11 09:18:39,058 - DEBUG - _base - update_title_pos
2019-11-11 09:18:39,170 - DEBUG - _base - update_title_pos
2019-11-11 09:18:39,218 - DEBUG - _base - update_title_pos
2019-11-11 09:18:39,240 - DEBUG - _base - update_title_pos
2019-11-11 09:18:39,450 - DEBUG - G4_output_functions - Saving flows storage.
2019-11-11 09:18:39,450 - DEBUG - G3a_economic_evaluation - Economic evaluation. Calculating investment costs over analysed timeframe.
2019-11-11 09:18:39,450 - DEBUG - G3a_economic_evaluation - Economic evaluation. Calculating O&M costs over analysed timeframe.
2019-11-11 09:18:39,450 - DEBUG - G3a_economic_evaluation - Economic evaluation. Scaling investment costs and O&M to year.
2019-11-11 09:18:39,450 - DEBUG - G3a_economic_evaluation - Economic evaluation. Calculating present costs.
2019-11-11 09:18:39,450 - DEBUG - G3a_economic_evaluation - Economic evaluation. Calculating fuel consumption and expenditures.
2019-11-11 09:18:39,450 - DEBUG - G3a_economic_evaluation - Economic evaluation. Calculating shortage and expenditures.
2019-11-11 09:18:39,450 - INFO - G0_oemof_simulate - Simulation of case "koog" resulted in : 
                  0.413 currency/kWh, at a renewable share of 68.82 percent with a reliability of 100.0 percent
2019-11-11 09:18:39,452 - INFO - G0_oemof_simulate -     Initial simulation time (s): 7.86 / Actual evaluation time (s): 61.08
2019-11-11 09:18:39,452 - DEBUG - G0_oemof_simulate -     Exact OEM results of case "koog" : 
                  0 kWh battery, 65.653 kWp PV, 169.718 kW wind, 56.853 kW genset at a renewable share of 68.82 percent with a reliability of 100.0 percent
2019-11-11 09:18:39,452 - DEBUG - G0_oemof_simulate -     Simulation of case koog complete.
2019-11-11 09:18:39,452 - DEBUG - G0_oemof_simulate - 

2019-11-11 09:18:39,817 - INFO - A_offgridders_wrapper -     Estimated simulation time left: 0.0 minutes.
2019-11-11 09:18:39,823 - INFO - A_offgridders_wrapper - 
 Simulation complete. Resulting parameters saved in "results.csv". 
 Overview over results:
2019-11-11 09:18:41,490 - INFO - _internal - 127.0.0.1 - - [11/Nov/2019 09:18:41] "GET /offgrid_simulator/get_result/20191111081707 HTTP/1.1" 404 -
2019-11-11 09:18:44,547 - INFO - _internal - 127.0.0.1 - - [11/Nov/2019 09:18:44] "GET /offgrid_simulator/get_result/20191111081707 HTTP/1.1" 404 -
2019-11-11 09:18:47,597 - INFO - _internal - 127.0.0.1 - - [11/Nov/2019 09:18:47] "GET /offgrid_simulator/get_result/20191111081707 HTTP/1.1" 404 -
2019-11-11 09:18:50,654 - INFO - _internal - 127.0.0.1 - - [11/Nov/2019 09:18:50] "GET /offgrid_simulator/get_result/20191111081707 HTTP/1.1" 404 -
2019-11-11 09:18:53,727 - INFO - _internal - 127.0.0.1 - - [11/Nov/2019 09:18:53] "GET /offgrid_simulator/get_result/20191111081707 HTTP/1.1" 404 -
2019-11-11 09:18:56,816 - INFO - _internal - 127.0.0.1 - - [11/Nov/2019 09:18:56] "GET /offgrid_simulator/get_result/20191111081707 HTTP/1.1" 404 -
2019-11-11 09:18:59,892 - INFO - _internal - 127.0.0.1 - - [11/Nov/2019 09:18:59] "GET /offgrid_simulator/get_result/20191111081707 HTTP/1.1" 200 -
2019-11-11 09:19:02,037 - INFO - _internal - 127.0.0.1 - - [11/Nov/2019 09:19:02] "GET /offgrid_simulator/daily_time_series/20191111081707/mid_summer HTTP/1.1" 500 -
2019-11-11 09:19:02,107 - ERROR - _internal - Error on request:
Traceback (most recent call last):
  File "C:\Users\marie\Anaconda3\envs\logic\lib\site-packages\werkzeug\serving.py", line 303, in run_wsgi
    execute(self.server.app)
  File "C:\Users\marie\Anaconda3\envs\logic\lib\site-packages\werkzeug\serving.py", line 291, in execute
    application_iter = app(environ, start_response)
  File "C:\Users\marie\Anaconda3\envs\logic\lib\site-packages\flask\app.py", line 2463, in __call__
    return self.wsgi_app(environ, start_response)
  File "C:\Users\marie\Anaconda3\envs\logic\lib\site-packages\flask\app.py", line 2449, in wsgi_app
    response = self.handle_exception(e)
  File "C:\Users\marie\Anaconda3\envs\logic\lib\site-packages\flask_cors\extension.py", line 161, in wrapped_function
    return cors_after_request(app.make_response(f(*args, **kwargs)))
  File "C:\Users\marie\Anaconda3\envs\logic\lib\site-packages\flask\app.py", line 1866, in handle_exception
    reraise(exc_type, exc_value, tb)
  File "C:\Users\marie\Anaconda3\envs\logic\lib\site-packages\flask\_compat.py", line 39, in reraise
    raise value
  File "C:\Users\marie\Anaconda3\envs\logic\lib\site-packages\flask\app.py", line 2446, in wsgi_app
    response = self.full_dispatch_request()
  File "C:\Users\marie\Anaconda3\envs\logic\lib\site-packages\flask\app.py", line 1951, in full_dispatch_request
    rv = self.handle_user_exception(e)
  File "C:\Users\marie\Anaconda3\envs\logic\lib\site-packages\flask_cors\extension.py", line 161, in wrapped_function
    return cors_after_request(app.make_response(f(*args, **kwargs)))
  File "C:\Users\marie\Anaconda3\envs\logic\lib\site-packages\flask\app.py", line 1820, in handle_user_exception
    reraise(exc_type, exc_value, tb)
  File "C:\Users\marie\Anaconda3\envs\logic\lib\site-packages\flask\_compat.py", line 39, in reraise
    raise value
  File "C:\Users\marie\Anaconda3\envs\logic\lib\site-packages\flask\app.py", line 1949, in full_dispatch_request
    rv = self.dispatch_request()
  File "C:\Users\marie\Anaconda3\envs\logic\lib\site-packages\flask\app.py", line 1935, in dispatch_request
    return self.view_functions[rule.endpoint](**req.view_args)
  File "C:\repositories\LOGiC\logic\offgrid_simulator\controllers.py", line 107, in get_daily_time_series
    relevant_data = time_series[settings.RELEVANT_COLUMNS].copy()
  File "C:\Users\marie\Anaconda3\envs\logic\lib\site-packages\pandas\core\frame.py", line 2682, in __getitem__
    return self._getitem_array(key)
  File "C:\Users\marie\Anaconda3\envs\logic\lib\site-packages\pandas\core\frame.py", line 2726, in _getitem_array
    indexer = self.loc._convert_to_indexer(key, axis=1)
  File "C:\Users\marie\Anaconda3\envs\logic\lib\site-packages\pandas\core\indexing.py", line 1327, in _convert_to_indexer
    .format(mask=objarr[mask]))
KeyError: "['Storage charge' 'Storage discharge'] not in index"
2019-11-11 09:19:04,267 - INFO - _internal - 127.0.0.1 - - [11/Nov/2019 09:19:04] "GET /offgrid_simulator/monthly_time_series/20191111081707 HTTP/1.1" 200 -
2019-11-11 09:19:06,572 - INFO - _internal - 127.0.0.1 - - [11/Nov/2019 09:19:06] "GET /offgrid_simulator/demand_series/20191111081707 HTTP/1.1" 200 -
2019-11-11 09:19:20,167 - INFO - _internal - 127.0.0.1 - - [11/Nov/2019 09:19:20] "POST /report/email HTTP/1.1" 404 -
2019-11-11 09:19:22,237 - INFO - _internal - 127.0.0.1 - - [11/Nov/2019 09:19:22] "GET /report/download/20191111081707 HTTP/1.1" 200 -
