******************************************************
2019-11-11 09:22:46,656 - INFO - logger - Path for logging: data/outputs/20191111082228\micro_grid_design_logfile.log
2019-11-11 09:22:46,687 - INFO - logger - Used oemof version: 0.2.2
2019-11-11 09:22:46,693 - INFO - A_offgridders_wrapper - 
 
 MICRO GRID TOOL 3.0
 Version: 19.06.2019 
 Coded by: Martha M. Hoffmann 
 Reiner Lemoine Institute (Berlin) 
 
 
2019-11-11 09:22:46,701 - INFO - C_sensitivity_experiments - Parameters of sensitivity analysis
2019-11-11 09:22:46,703 - INFO - C_sensitivity_experiments - Randomized blackout timeseries for all combinations of blackout duration and frequency (1 experiments) will be generated.
2019-11-11 09:22:46,944 - DEBUG - C_sensitivity_experiments - Generating header for results.csv
2019-11-11 09:22:46,997 - INFO - C_sensitivity_experiments - For 1 project sites with 1 scenarios each, 1 sensitivity_experiment_s will be performed for each case.
2019-11-11 09:22:47,012 - INFO - E_blackouts_central_grid - Blackout experiment 1: Blackout duration 2.5 hrs, blackout frequency 4 per month
2019-11-11 09:22:47,012 - INFO - E_blackouts_central_grid - Number of blackouts in simulated timeframe: 48
2019-11-11 09:22:47,027 - DEBUG - E_blackouts_central_grid - Blackouts events occur on following dates: 2019-01-05 06:00:00, 2019-01-06 09:00:00, 2019-01-26 18:00:00, 2019-02-03 15:00:00, 2019-02-04 19:00:00, 2019-02-11 03:00:00, 2019-02-20 00:00:00, 2019-03-01 09:00:00, 2019-03-04 11:00:00, 2019-03-11 02:00:00, 2019-03-12 08:00:00, 2019-03-13 19:00:00, 2019-03-22 08:00:00, 2019-03-27 06:00:00, 2019-04-04 19:00:00, 2019-04-05 17:00:00, 2019-04-05 18:00:00, 2019-04-06 02:00:00, 2019-04-06 23:00:00, 2019-04-08 14:00:00, 2019-04-14 18:00:00, 2019-04-23 07:00:00, 2019-05-05 20:00:00, 2019-05-18 18:00:00, 2019-05-29 00:00:00, 2019-06-17 17:00:00, 2019-06-22 10:00:00, 2019-07-01 00:00:00, 2019-07-05 14:00:00, 2019-07-11 21:00:00, 2019-07-13 18:00:00, 2019-08-16 23:00:00, 2019-08-19 09:00:00, 2019-08-20 17:00:00, 2019-08-21 13:00:00, 2019-08-24 23:00:00, 2019-09-02 02:00:00, 2019-09-07 12:00:00, 2019-09-18 06:00:00, 2019-09-27 16:00:00, 2019-10-19 02:00:00, 2019-11-08 08:00:00, 2019-11-08 16:00:00, 2019-11-09 19:00:00, 2019-11-13 07:00:00, 2019-11-21 18:00:00, 2019-11-23 02:00:00, 2019-11-29 01:00:00
2019-11-11 09:22:47,027 - INFO - E_blackouts_central_grid - Accumulated blackout duration: 120.0
2019-11-11 09:22:47,027 - INFO - E_blackouts_central_grid - Accumulated blackout duration (rounded to timestep): 96.0
2019-11-11 09:22:48,677 - DEBUG - E_blackouts_central_grid - A blackout event overlaps with another!
2019-11-11 09:22:49,587 - INFO - _internal - 127.0.0.1 - - [11/Nov/2019 09:22:49] "GET /offgrid_simulator/get_result/20191111082228 HTTP/1.1" 404 -
2019-11-11 09:22:52,452 - INFO - E_blackouts_central_grid - Due to 1 overlapping blackouts, the total random blackout duration is not equal with the real grid availability.
2019-11-11 09:22:52,452 - INFO - E_blackouts_central_grid - Grid is not operational for 95 hours, with a reliability of 98.92 percent. 

2019-11-11 09:22:52,457 - INFO - E_blackouts_central_grid - Missing blackout timeseries added through auto-generation.
2019-11-11 09:22:52,537 - DEBUG - core - Creating PluginEnvironment 'pca'
2019-11-11 09:22:52,537 - DEBUG - core - Pushing environment 'pca' on the PluginGlobals stack
2019-11-11 09:22:52,687 - INFO - _internal - 127.0.0.1 - - [11/Nov/2019 09:22:52] "GET /offgrid_simulator/get_result/20191111082228 HTTP/1.1" 404 -
2019-11-11 09:22:53,027 - DEBUG - core - Pushing environment 'pca' on the PluginGlobals stack
2019-11-11 09:22:53,047 - DEBUG - core - Popping environment 'pca' from the PluginGlobals stack
2019-11-11 09:22:53,047 - DEBUG - core - Pushing environment 'pca' on the PluginGlobals stack
2019-11-11 09:22:55,737 - INFO - _internal - 127.0.0.1 - - [11/Nov/2019 09:22:55] "GET /offgrid_simulator/get_result/20191111082228 HTTP/1.1" 404 -
2019-11-11 09:22:56,852 - DEBUG - A_offgridders_wrapper - Using grid availability timeseries that was randomly generated.
2019-11-11 09:22:56,852 - INFO - A_offgridders_wrapper - Starting simulation, project site test_site.
2019-11-11 09:22:56,852 - DEBUG - G1_oemof_create_model - Complete case dictionary:
2019-11-11 09:22:56,852 - DEBUG - G1_oemof_create_model - {'case_name': 'Helgoland', 'filename': 'Helgoland', 'total_demand_ac': 11781000.000000063, 'total_demand_dc': 0.0, 'peak_demand': 1907.1583232116554, 'evaluated_days': 365, 'genset_with_minimal_loading': False, 'storage_fixed_capacity': None, 'storage_fixed_power': None, 'genset_fixed_capacity': False, 'pv_fixed_capacity': False, 'pcc_consumption_fixed_capacity': False, 'pcc_feedin_fixed_capacity': False, 'wind_fixed_capacity': False, 'rectifier_ac_dc_fixed_capacity': False, 'inverter_dc_ac_fixed_capacity': False, 'allow_shortage': True, 'max_shortage': 0, 'stability_constraint': 'share_hybrid', 'renewable_share_constraint': False, 'number_of_equal_generators': 1, 'evaluation_perspective': 'AC_system', 'force_charge_from_maingrid': False, 'discharge_only_when_blackout': False, 'enable_inverter_only_at_backout': False}
2019-11-11 09:22:56,852 - DEBUG - G1_oemof_create_model - Create oemof model by adding case-specific busses and components.
2019-11-11 09:22:56,857 - DEBUG - G1_oemof_create_model - Added to oemof model: Electricity bus of energy system, AC
2019-11-11 09:22:56,857 - DEBUG - G2a_oemof_busses_and_componets - Added to oemof model: demand AC
2019-11-11 09:22:56,867 - DEBUG - G1_oemof_create_model - Added to oemof model: Fuel bus
2019-11-11 09:22:56,872 - DEBUG - G2a_oemof_busses_and_componets - Added to oemof model: source fuel
2019-11-11 09:22:56,877 - DEBUG - G2a_oemof_busses_and_componets - Added to oemof model: genset oem no minload
2019-11-11 09:22:56,882 - DEBUG - G2a_oemof_busses_and_componets - Added to oemof model: wind
2019-11-11 09:22:56,882 - DEBUG - G2a_oemof_busses_and_componets - Added to oemof model: maingrid consumption
2019-11-11 09:22:56,887 - DEBUG - G2a_oemof_busses_and_componets - Added to oemof model: maingrid feedin
2019-11-11 09:22:56,887 - DEBUG - G2a_oemof_busses_and_componets - Added to oemof model: pcc consumption oem
2019-11-11 09:22:56,887 - DEBUG - G2a_oemof_busses_and_componets - Added to oemof model: pcc feedin oem
2019-11-11 09:22:56,887 - DEBUG - G1_oemof_create_model - Added to oemof model: Electricity bus of energy system, DC
2019-11-11 09:22:56,887 - DEBUG - G2a_oemof_busses_and_componets - Added to oemof model: demand DC
2019-11-11 09:22:56,887 - DEBUG - G2a_oemof_busses_and_componets - Added to oemof model: pv oem
2019-11-11 09:22:56,892 - DEBUG - G2a_oemof_busses_and_componets - Added to oemof model: rectifier oem
2019-11-11 09:22:56,892 - DEBUG - G2a_oemof_busses_and_componets - Added to oemof model: inverter_dc_ac oem
2019-11-11 09:22:56,892 - DEBUG - G2a_oemof_busses_and_componets - Added to oemof model: excess
2019-11-11 09:22:56,892 - DEBUG - G2a_oemof_busses_and_componets - Added to oemof model: source shortage
2019-11-11 09:22:56,892 - DEBUG - G1_oemof_create_model - Create oemof model based on created components and busses.
2019-11-11 09:22:59,357 - INFO - _internal - 127.0.0.1 - - [11/Nov/2019 09:22:59] "GET /offgrid_simulator/get_result/20191111082228 HTTP/1.1" 404 -
2019-11-11 09:23:03,067 - INFO - _internal - 127.0.0.1 - - [11/Nov/2019 09:23:03] "GET /offgrid_simulator/get_result/20191111082228 HTTP/1.1" 404 -
2019-11-11 09:23:06,752 - INFO - _internal - 127.0.0.1 - - [11/Nov/2019 09:23:06] "GET /offgrid_simulator/get_result/20191111082228 HTTP/1.1" 404 -
2019-11-11 09:23:10,442 - INFO - _internal - 127.0.0.1 - - [11/Nov/2019 09:23:10] "GET /offgrid_simulator/get_result/20191111082228 HTTP/1.1" 404 -
2019-11-11 09:23:14,047 - INFO - _internal - 127.0.0.1 - - [11/Nov/2019 09:23:14] "GET /offgrid_simulator/get_result/20191111082228 HTTP/1.1" 404 -
2019-11-11 09:23:17,747 - INFO - _internal - 127.0.0.1 - - [11/Nov/2019 09:23:17] "GET /offgrid_simulator/get_result/20191111082228 HTTP/1.1" 404 -
2019-11-11 09:23:21,061 - INFO - _internal - 127.0.0.1 - - [11/Nov/2019 09:23:21] "GET /offgrid_simulator/get_result/20191111082228 HTTP/1.1" 404 -
2019-11-11 09:23:22,187 - INFO - G1_oemof_create_model - Added constraint: Stability though actual generation of diesel generators and backup through batteries.
2019-11-11 09:23:24,314 - INFO - _internal - 127.0.0.1 - - [11/Nov/2019 09:23:24] "GET /offgrid_simulator/get_result/20191111082228 HTTP/1.1" 404 -
2019-11-11 09:23:26,492 - INFO - G1_oemof_create_model - Simulating...
2019-11-11 09:23:27,947 - INFO - _internal - 127.0.0.1 - - [11/Nov/2019 09:23:27] "GET /offgrid_simulator/get_result/20191111082228 HTTP/1.1" 404 -
2019-11-11 09:23:31,247 - INFO - _internal - 127.0.0.1 - - [11/Nov/2019 09:23:31] "GET /offgrid_simulator/get_result/20191111082228 HTTP/1.1" 404 -
2019-11-11 09:23:34,418 - INFO - _internal - 127.0.0.1 - - [11/Nov/2019 09:23:34] "GET /offgrid_simulator/get_result/20191111082228 HTTP/1.1" 404 -
2019-11-11 09:23:37,607 - INFO - _internal - 127.0.0.1 - - [11/Nov/2019 09:23:37] "GET /offgrid_simulator/get_result/20191111082228 HTTP/1.1" 404 -
2019-11-11 09:23:40,847 - INFO - _internal - 127.0.0.1 - - [11/Nov/2019 09:23:40] "GET /offgrid_simulator/get_result/20191111082228 HTTP/1.1" 404 -
2019-11-11 09:23:44,037 - INFO - _internal - 127.0.0.1 - - [11/Nov/2019 09:23:44] "GET /offgrid_simulator/get_result/20191111082228 HTTP/1.1" 404 -
2019-11-11 09:23:47,112 - INFO - _internal - 127.0.0.1 - - [11/Nov/2019 09:23:47] "GET /offgrid_simulator/get_result/20191111082228 HTTP/1.1" 404 -
2019-11-11 09:23:50,157 - INFO - _internal - 127.0.0.1 - - [11/Nov/2019 09:23:50] "GET /offgrid_simulator/get_result/20191111082228 HTTP/1.1" 404 -
2019-11-11 09:23:53,212 - INFO - _internal - 127.0.0.1 - - [11/Nov/2019 09:23:53] "GET /offgrid_simulator/get_result/20191111082228 HTTP/1.1" 404 -
2019-11-11 09:23:56,267 - INFO - _internal - 127.0.0.1 - - [11/Nov/2019 09:23:56] "GET /offgrid_simulator/get_result/20191111082228 HTTP/1.1" 404 -
2019-11-11 09:23:59,327 - INFO - _internal - 127.0.0.1 - - [11/Nov/2019 09:23:59] "GET /offgrid_simulator/get_result/20191111082228 HTTP/1.1" 404 -
2019-11-11 09:24:02,412 - INFO - _internal - 127.0.0.1 - - [11/Nov/2019 09:24:02] "GET /offgrid_simulator/get_result/20191111082228 HTTP/1.1" 404 -
2019-11-11 09:24:05,449 - INFO - _internal - 127.0.0.1 - - [11/Nov/2019 09:24:05] "GET /offgrid_simulator/get_result/20191111082228 HTTP/1.1" 404 -
2019-11-11 09:24:08,737 - INFO - _internal - 127.0.0.1 - - [11/Nov/2019 09:24:08] "GET /offgrid_simulator/get_result/20191111082228 HTTP/1.1" 404 -
2019-11-11 09:24:12,162 - INFO - _internal - 127.0.0.1 - - [11/Nov/2019 09:24:12] "GET /offgrid_simulator/get_result/20191111082228 HTTP/1.1" 404 -
2019-11-11 09:24:14,187 - INFO - models - Optimization successful...
2019-11-11 09:24:14,222 - DEBUG - G1_oemof_create_model - Problem solved
2019-11-11 09:24:15,782 - INFO - _internal - 127.0.0.1 - - [11/Nov/2019 09:24:15] "GET /offgrid_simulator/get_result/20191111082228 HTTP/1.1" 404 -
2019-11-11 09:24:19,427 - INFO - _internal - 127.0.0.1 - - [11/Nov/2019 09:24:19] "GET /offgrid_simulator/get_result/20191111082228 HTTP/1.1" 404 -
2019-11-11 09:24:21,347 - DEBUG - energy_system - Attributes dumped to: data/outputs/20191111082228/oemof\Helgoland.oemof
2019-11-11 09:24:21,357 - DEBUG - G1_oemof_create_model - Stored results in data/outputs/20191111082228/oemof/Helgoland.oemof
2019-11-11 09:24:21,357 - DEBUG - G1_oemof_create_model - Restore the energy system and the results.
2019-11-11 09:24:21,357 - INFO - energy_system - Restoring attributes will overwrite existing attributes.
2019-11-11 09:24:21,397 - DEBUG - energy_system - Attributes restored from: data/outputs/20191111082228/oemof\Helgoland.oemof
2019-11-11 09:24:21,407 - DEBUG - G3_oemof_evaluate - Evaluate flow: demand
2019-11-11 09:24:21,437 - DEBUG - G3_oemof_evaluate - Evaluate flow: shortage
2019-11-11 09:24:21,467 - DEBUG - G3_oemof_evaluate - Evaluate excess: 
2019-11-11 09:24:21,487 - DEBUG - G3_oemof_evaluate - Evaluate flow: fuel
2019-11-11 09:24:21,487 - DEBUG - G3_oemof_evaluate - Evaluate flow: genset
2019-11-11 09:24:21,497 - DEBUG - G3_oemof_evaluate - Evaluate flow: main grid
2019-11-11 09:24:21,522 - DEBUG - G3_oemof_evaluate - Evaluate flow: wind
2019-11-11 09:24:21,527 - DEBUG - G3_oemof_evaluate - Evaluate flow: pv
2019-11-11 09:24:21,532 - DEBUG - G3_oemof_evaluate - Evaluate flow: storage
2019-11-11 09:24:21,552 - DEBUG - G3_oemof_evaluate - Evaluate flow: rectifier
2019-11-11 09:24:21,562 - DEBUG - G3_oemof_evaluate - Evaluate flow: rectifier
2019-11-11 09:24:21,567 - DEBUG - G3_oemof_evaluate - Evaluate: res share
2019-11-11 09:24:21,572 - DEBUG - G3b_plausability_tests - Plausibility test: Charge/Discharge
2019-11-11 09:24:21,572 - DEBUG - G3b_plausability_tests - Plausibility test: Demand/Supply/Shortage
2019-11-11 09:24:22,057 - DEBUG - G3b_plausability_tests - Plausibility test: Feedin/Consumption
2019-11-11 09:24:22,057 - DEBUG - G3b_plausability_tests - Plausibility test: Grid availability consumption
2019-11-11 09:24:22,057 - DEBUG - G3b_plausability_tests - Plausibility test: Grid availability/Feedin
2019-11-11 09:24:22,057 - DEBUG - G3b_plausability_tests - Plausibility test: Excess/shortage
2019-11-11 09:24:22,057 - DEBUG - G3b_plausability_tests - Plausibility test: Excess/Feedin
2019-11-11 09:24:23,072 - INFO - _internal - 127.0.0.1 - - [11/Nov/2019 09:24:23] "GET /offgrid_simulator/get_result/20191111082228 HTTP/1.1" 404 -
2019-11-11 09:24:23,562 - DEBUG - G2b_constraints_custom - Stability criterion is fullfilled.
2019-11-11 09:24:23,562 - DEBUG - G4_output_functions - Saving flows MG.
2019-11-11 09:24:24,912 - DEBUG - _base - update_title_pos
2019-11-11 09:24:25,012 - DEBUG - font_manager - findfont: Matching :family=sans-serif:style=normal:variant=normal:weight=normal:stretch=normal:size=12.0 to DejaVu Sans ('C:\\Users\\marie\\Anaconda3\\envs\\logic\\lib\\site-packages\\matplotlib\\mpl-data\\fonts\\ttf\\DejaVuSans.ttf') with score of 0.050000.
2019-11-11 09:24:25,032 - DEBUG - _base - update_title_pos
2019-11-11 09:24:25,142 - DEBUG - _base - update_title_pos
2019-11-11 09:24:25,207 - DEBUG - _base - update_title_pos
2019-11-11 09:24:25,327 - DEBUG - _base - update_title_pos
2019-11-11 09:24:25,387 - DEBUG - _base - update_title_pos
2019-11-11 09:24:25,427 - DEBUG - _base - update_title_pos
2019-11-11 09:24:25,532 - DEBUG - _base - update_title_pos
2019-11-11 09:24:26,124 - DEBUG - _base - update_title_pos
2019-11-11 09:24:26,214 - INFO - _internal - 127.0.0.1 - - [11/Nov/2019 09:24:26] "GET /offgrid_simulator/get_result/20191111082228 HTTP/1.1" 404 -
2019-11-11 09:24:26,227 - DEBUG - _base - update_title_pos
2019-11-11 09:24:26,285 - DEBUG - _base - update_title_pos
2019-11-11 09:24:26,307 - DEBUG - _base - update_title_pos
2019-11-11 09:24:26,357 - DEBUG - _base - update_title_pos
2019-11-11 09:24:26,377 - DEBUG - _base - update_title_pos
2019-11-11 09:24:26,397 - DEBUG - _base - update_title_pos
2019-11-11 09:24:26,452 - DEBUG - _base - update_title_pos
2019-11-11 09:24:26,636 - DEBUG - G4_output_functions - Saving flows storage.
2019-11-11 09:24:26,636 - DEBUG - G3a_economic_evaluation - Economic evaluation. Calculating investment costs over analysed timeframe.
2019-11-11 09:24:26,636 - DEBUG - G3a_economic_evaluation - Economic evaluation. Calculating O&M costs over analysed timeframe.
2019-11-11 09:24:26,636 - DEBUG - G3a_economic_evaluation - Economic evaluation. Scaling investment costs and O&M to year.
2019-11-11 09:24:26,637 - DEBUG - G3a_economic_evaluation - Economic evaluation. Calculating present costs.
2019-11-11 09:24:26,638 - DEBUG - G3a_economic_evaluation - Economic evaluation. Calculating fuel consumption and expenditures.
2019-11-11 09:24:26,638 - DEBUG - G3a_economic_evaluation - Economic evaluation. Calculating shortage and expenditures.
2019-11-11 09:24:26,638 - DEBUG - G3a_economic_evaluation - Economic evaluation. Calculating main grid consumption and expenditures.
2019-11-11 09:24:26,638 - DEBUG - G3a_economic_evaluation - Economic evaluation. Calculating feeding and revenues.
2019-11-11 09:24:26,638 - INFO - G0_oemof_simulate - Simulation of case "Helgoland" resulted in : 
                  0.246 currency/kWh, at a renewable share of 5.83 percent with a reliability of 100.0 percent
2019-11-11 09:24:26,639 - INFO - G0_oemof_simulate -     Initial simulation time (s): 22.3 / Actual evaluation time (s): 89.78
2019-11-11 09:24:26,639 - DEBUG - G0_oemof_simulate -     Exact OEM results of case "Helgoland" : 
                  0 kWh battery, 1.592 kWp PV, 0.0 kW wind, 1803.299 kW genset at a renewable share of 5.83 percent with a reliability of 100.0 percent
2019-11-11 09:24:26,647 - DEBUG - G0_oemof_simulate -     Simulation of case Helgoland complete.
2019-11-11 09:24:26,647 - DEBUG - G0_oemof_simulate - 

2019-11-11 09:24:26,862 - INFO - A_offgridders_wrapper -     Estimated simulation time left: 0.0 minutes.
2019-11-11 09:24:26,868 - INFO - A_offgridders_wrapper - 
 Simulation complete. Resulting parameters saved in "results.csv". 
 Overview over results:
2019-11-11 09:24:29,327 - INFO - _internal - 127.0.0.1 - - [11/Nov/2019 09:24:29] "GET /offgrid_simulator/get_result/20191111082228 HTTP/1.1" 200 -
2019-11-11 09:24:31,477 - INFO - _internal - 127.0.0.1 - - [11/Nov/2019 09:24:31] "GET /offgrid_simulator/daily_time_series/20191111082228/mid_summer HTTP/1.1" 500 -
2019-11-11 09:24:31,487 - ERROR - _internal - Error on request:
Traceback (most recent call last):
  File "C:\Users\marie\Anaconda3\envs\logic\lib\site-packages\werkzeug\serving.py", line 303, in run_wsgi
    execute(self.server.app)
  File "C:\Users\marie\Anaconda3\envs\logic\lib\site-packages\werkzeug\serving.py", line 291, in execute
    application_iter = app(environ, start_response)
  File "C:\Users\marie\Anaconda3\envs\logic\lib\site-packages\flask\app.py", line 2463, in __call__
    return self.wsgi_app(environ, start_response)
  File "C:\Users\marie\Anaconda3\envs\logic\lib\site-packages\flask\app.py", line 2449, in wsgi_app
    response = self.handle_exception(e)
  File "C:\Users\marie\Anaconda3\envs\logic\lib\site-packages\flask_cors\extension.py", line 161, in wrapped_function
    return cors_after_request(app.make_response(f(*args, **kwargs)))
  File "C:\Users\marie\Anaconda3\envs\logic\lib\site-packages\flask\app.py", line 1866, in handle_exception
    reraise(exc_type, exc_value, tb)
  File "C:\Users\marie\Anaconda3\envs\logic\lib\site-packages\flask\_compat.py", line 39, in reraise
    raise value
  File "C:\Users\marie\Anaconda3\envs\logic\lib\site-packages\flask\app.py", line 2446, in wsgi_app
    response = self.full_dispatch_request()
  File "C:\Users\marie\Anaconda3\envs\logic\lib\site-packages\flask\app.py", line 1951, in full_dispatch_request
    rv = self.handle_user_exception(e)
  File "C:\Users\marie\Anaconda3\envs\logic\lib\site-packages\flask_cors\extension.py", line 161, in wrapped_function
    return cors_after_request(app.make_response(f(*args, **kwargs)))
  File "C:\Users\marie\Anaconda3\envs\logic\lib\site-packages\flask\app.py", line 1820, in handle_user_exception
    reraise(exc_type, exc_value, tb)
  File "C:\Users\marie\Anaconda3\envs\logic\lib\site-packages\flask\_compat.py", line 39, in reraise
    raise value
  File "C:\Users\marie\Anaconda3\envs\logic\lib\site-packages\flask\app.py", line 1949, in full_dispatch_request
    rv = self.dispatch_request()
  File "C:\Users\marie\Anaconda3\envs\logic\lib\site-packages\flask\app.py", line 1935, in dispatch_request
    return self.view_functions[rule.endpoint](**req.view_args)
  File "C:\repositories\LOGiC\logic\offgrid_simulator\controllers.py", line 107, in get_daily_time_series
    relevant_data = time_series[settings.RELEVANT_COLUMNS].copy()
  File "C:\Users\marie\Anaconda3\envs\logic\lib\site-packages\pandas\core\frame.py", line 2682, in __getitem__
    return self._getitem_array(key)
  File "C:\Users\marie\Anaconda3\envs\logic\lib\site-packages\pandas\core\frame.py", line 2726, in _getitem_array
    indexer = self.loc._convert_to_indexer(key, axis=1)
  File "C:\Users\marie\Anaconda3\envs\logic\lib\site-packages\pandas\core\indexing.py", line 1327, in _convert_to_indexer
    .format(mask=objarr[mask]))
KeyError: "['Storage charge' 'Storage discharge'] not in index"
2019-11-11 09:24:33,737 - INFO - _internal - 127.0.0.1 - - [11/Nov/2019 09:24:33] "GET /offgrid_simulator/monthly_time_series/20191111082228 HTTP/1.1" 200 -
2019-11-11 09:24:36,059 - INFO - _internal - 127.0.0.1 - - [11/Nov/2019 09:24:36] "GET /offgrid_simulator/demand_series/20191111082228 HTTP/1.1" 200 -
2019-11-11 09:24:38,382 - INFO - _internal - 127.0.0.1 - - [11/Nov/2019 09:24:38] "POST /report/email HTTP/1.1" 404 -
2019-11-11 09:24:40,437 - INFO - _internal - 127.0.0.1 - - [11/Nov/2019 09:24:40] "GET /report/download/20191111082228 HTTP/1.1" 404 -
