******************************************************
2019-11-11 14:12:10,588 - INFO - logger - Path for logging: data/outputs/20191111131156\micro_grid_design_logfile.log
2019-11-11 14:12:10,593 - INFO - logger - Used oemof version: 0.2.2
2019-11-11 14:12:10,593 - INFO - A_offgridders_wrapper - 
 
 MICRO GRID TOOL 3.0
 Version: 19.06.2019 
 Coded by: Martha M. Hoffmann 
 Reiner Lemoine Institute (Berlin) 
 
 
2019-11-11 14:12:10,598 - INFO - C_sensitivity_experiments - Parameters of sensitivity analysis
2019-11-11 14:12:10,603 - INFO - C_sensitivity_experiments - Randomized blackout timeseries for all combinations of blackout duration and frequency (1 experiments) will be generated.
2019-11-11 14:12:10,857 - DEBUG - C_sensitivity_experiments - Generating header for results.csv
2019-11-11 14:12:10,907 - INFO - C_sensitivity_experiments - For 1 project sites with 1 scenarios each, 1 sensitivity_experiment_s will be performed for each case.
2019-11-11 14:12:10,927 - INFO - E_blackouts_central_grid - Blackout experiment 1: Blackout duration 2.5 hrs, blackout frequency 4 per month
2019-11-11 14:12:10,927 - INFO - E_blackouts_central_grid - Number of blackouts in simulated timeframe: 48
2019-11-11 14:12:10,937 - DEBUG - E_blackouts_central_grid - Blackouts events occur on following dates: 2019-02-01 12:00:00, 2019-02-01 19:00:00, 2019-02-04 10:00:00, 2019-02-06 11:00:00, 2019-02-11 00:00:00, 2019-02-12 07:00:00, 2019-02-14 15:00:00, 2019-02-19 06:00:00, 2019-03-02 23:00:00, 2019-03-08 16:00:00, 2019-03-11 18:00:00, 2019-03-18 08:00:00, 2019-03-20 15:00:00, 2019-03-26 10:00:00, 2019-03-29 09:00:00, 2019-04-12 07:00:00, 2019-04-17 12:00:00, 2019-04-22 11:00:00, 2019-04-28 15:00:00, 2019-05-18 06:00:00, 2019-05-25 16:00:00, 2019-05-27 11:00:00, 2019-06-11 11:00:00, 2019-06-12 09:00:00, 2019-06-22 03:00:00, 2019-06-25 16:00:00, 2019-07-08 06:00:00, 2019-07-11 19:00:00, 2019-07-29 05:00:00, 2019-08-07 04:00:00, 2019-08-07 22:00:00, 2019-08-21 16:00:00, 2019-08-27 14:00:00, 2019-08-31 11:00:00, 2019-08-31 13:00:00, 2019-09-02 17:00:00, 2019-09-05 06:00:00, 2019-09-28 14:00:00, 2019-09-29 20:00:00, 2019-10-07 02:00:00, 2019-11-14 05:00:00, 2019-11-17 04:00:00, 2019-11-19 19:00:00, 2019-11-23 12:00:00, 2019-11-27 21:00:00, 2019-12-01 19:00:00, 2019-12-14 20:00:00, 2019-12-25 03:00:00
2019-11-11 14:12:10,937 - INFO - E_blackouts_central_grid - Accumulated blackout duration: 120.0
2019-11-11 14:12:10,943 - INFO - E_blackouts_central_grid - Accumulated blackout duration (rounded to timestep): 96.0
2019-11-11 14:12:11,453 - INFO - _internal - 127.0.0.1 - - [11/Nov/2019 14:12:11] "GET /offgrid_simulator/get_result/20191111131156 HTTP/1.1" 404 -
2019-11-11 14:12:14,601 - DEBUG - E_blackouts_central_grid - A blackout event overlaps with another!
2019-11-11 14:12:15,001 - INFO - _internal - 127.0.0.1 - - [11/Nov/2019 14:12:15] "GET /offgrid_simulator/get_result/20191111131156 HTTP/1.1" 404 -
2019-11-11 14:12:15,903 - INFO - E_blackouts_central_grid - Grid is not operational for 96 hours, with a reliability of 98.9 percent. 

2019-11-11 14:12:15,908 - INFO - E_blackouts_central_grid - Missing blackout timeseries added through auto-generation.
2019-11-11 14:12:15,983 - DEBUG - core - Creating PluginEnvironment 'pca'
2019-11-11 14:12:15,983 - DEBUG - core - Pushing environment 'pca' on the PluginGlobals stack
2019-11-11 14:12:17,103 - DEBUG - core - Pushing environment 'pca' on the PluginGlobals stack
2019-11-11 14:12:17,119 - DEBUG - core - Popping environment 'pca' from the PluginGlobals stack
2019-11-11 14:12:17,123 - DEBUG - core - Pushing environment 'pca' on the PluginGlobals stack
2019-11-11 14:12:18,093 - INFO - _internal - 127.0.0.1 - - [11/Nov/2019 14:12:18] "GET /offgrid_simulator/get_result/20191111131156 HTTP/1.1" 404 -
2019-11-11 14:12:21,173 - INFO - _internal - 127.0.0.1 - - [11/Nov/2019 14:12:21] "GET /offgrid_simulator/get_result/20191111131156 HTTP/1.1" 404 -
2019-11-11 14:12:22,973 - DEBUG - A_offgridders_wrapper - Using grid availability timeseries that was randomly generated.
2019-11-11 14:12:22,973 - INFO - A_offgridders_wrapper - Starting simulation, project site test_site.
2019-11-11 14:12:22,973 - DEBUG - G1_oemof_create_model - Complete case dictionary:
2019-11-11 14:12:22,973 - DEBUG - G1_oemof_create_model - {'case_name': 'Helgoland', 'filename': 'Helgoland', 'total_demand_ac': 11781000.000000063, 'total_demand_dc': 0.0, 'peak_demand': 1907.1583232116554, 'evaluated_days': 365, 'genset_with_minimal_loading': False, 'storage_fixed_capacity': None, 'storage_fixed_power': None, 'genset_fixed_capacity': False, 'pv_fixed_capacity': False, 'pcc_consumption_fixed_capacity': False, 'pcc_feedin_fixed_capacity': False, 'wind_fixed_capacity': False, 'rectifier_ac_dc_fixed_capacity': False, 'inverter_dc_ac_fixed_capacity': False, 'allow_shortage': True, 'max_shortage': 0, 'stability_constraint': 'share_hybrid', 'renewable_share_constraint': False, 'number_of_equal_generators': 1, 'evaluation_perspective': 'AC_system', 'force_charge_from_maingrid': False, 'discharge_only_when_blackout': False, 'enable_inverter_only_at_backout': False}
2019-11-11 14:12:22,973 - DEBUG - G1_oemof_create_model - Create oemof model by adding case-specific busses and components.
2019-11-11 14:12:22,973 - DEBUG - G1_oemof_create_model - Added to oemof model: Electricity bus of energy system, AC
2019-11-11 14:12:22,973 - DEBUG - G2a_oemof_busses_and_componets - Added to oemof model: demand AC
2019-11-11 14:12:22,993 - DEBUG - G1_oemof_create_model - Added to oemof model: Fuel bus
2019-11-11 14:12:22,993 - DEBUG - G2a_oemof_busses_and_componets - Added to oemof model: source fuel
2019-11-11 14:12:22,998 - DEBUG - G2a_oemof_busses_and_componets - Added to oemof model: genset oem no minload
2019-11-11 14:12:23,003 - DEBUG - G2a_oemof_busses_and_componets - Added to oemof model: wind
2019-11-11 14:12:23,003 - DEBUG - G2a_oemof_busses_and_componets - Added to oemof model: maingrid consumption
2019-11-11 14:12:23,008 - DEBUG - G2a_oemof_busses_and_componets - Added to oemof model: maingrid feedin
2019-11-11 14:12:23,008 - DEBUG - G2a_oemof_busses_and_componets - Added to oemof model: pcc consumption oem
2019-11-11 14:12:23,008 - DEBUG - G2a_oemof_busses_and_componets - Added to oemof model: pcc feedin oem
2019-11-11 14:12:23,008 - DEBUG - G1_oemof_create_model - Added to oemof model: Electricity bus of energy system, DC
2019-11-11 14:12:23,008 - DEBUG - G2a_oemof_busses_and_componets - Added to oemof model: demand DC
2019-11-11 14:12:23,013 - DEBUG - G2a_oemof_busses_and_componets - Added to oemof model: pv oem
2019-11-11 14:12:23,013 - DEBUG - G2a_oemof_busses_and_componets - Added to oemof model: rectifier oem
2019-11-11 14:12:23,013 - DEBUG - G2a_oemof_busses_and_componets - Added to oemof model: inverter_dc_ac oem
2019-11-11 14:12:23,013 - DEBUG - G2a_oemof_busses_and_componets - Added to oemof model: excess
2019-11-11 14:12:23,018 - DEBUG - G2a_oemof_busses_and_componets - Added to oemof model: source shortage
2019-11-11 14:12:23,018 - DEBUG - G1_oemof_create_model - Create oemof model based on created components and busses.
2019-11-11 14:12:24,858 - INFO - _internal - 127.0.0.1 - - [11/Nov/2019 14:12:24] "GET /offgrid_simulator/get_result/20191111131156 HTTP/1.1" 404 -
2019-11-11 14:12:28,493 - INFO - _internal - 127.0.0.1 - - [11/Nov/2019 14:12:28] "GET /offgrid_simulator/get_result/20191111131156 HTTP/1.1" 404 -
2019-11-11 14:12:32,133 - INFO - _internal - 127.0.0.1 - - [11/Nov/2019 14:12:32] "GET /offgrid_simulator/get_result/20191111131156 HTTP/1.1" 404 -
2019-11-11 14:12:35,853 - INFO - _internal - 127.0.0.1 - - [11/Nov/2019 14:12:35] "GET /offgrid_simulator/get_result/20191111131156 HTTP/1.1" 404 -
2019-11-11 14:12:39,498 - INFO - _internal - 127.0.0.1 - - [11/Nov/2019 14:12:39] "GET /offgrid_simulator/get_result/20191111131156 HTTP/1.1" 404 -
2019-11-11 14:12:43,053 - INFO - _internal - 127.0.0.1 - - [11/Nov/2019 14:12:43] "GET /offgrid_simulator/get_result/20191111131156 HTTP/1.1" 404 -
2019-11-11 14:12:46,753 - INFO - _internal - 127.0.0.1 - - [11/Nov/2019 14:12:46] "GET /offgrid_simulator/get_result/20191111131156 HTTP/1.1" 404 -
2019-11-11 14:12:49,223 - INFO - G1_oemof_create_model - Added constraint: Stability though actual generation of diesel generators and backup through batteries.
2019-11-11 14:12:50,433 - INFO - _internal - 127.0.0.1 - - [11/Nov/2019 14:12:50] "GET /offgrid_simulator/get_result/20191111131156 HTTP/1.1" 404 -
2019-11-11 14:12:52,969 - INFO - G1_oemof_create_model - Simulating...
2019-11-11 14:12:53,583 - INFO - _internal - 127.0.0.1 - - [11/Nov/2019 14:12:53] "GET /offgrid_simulator/get_result/20191111131156 HTTP/1.1" 404 -
2019-11-11 14:12:56,763 - INFO - _internal - 127.0.0.1 - - [11/Nov/2019 14:12:56] "GET /offgrid_simulator/get_result/20191111131156 HTTP/1.1" 404 -
2019-11-11 14:13:00,198 - INFO - _internal - 127.0.0.1 - - [11/Nov/2019 14:13:00] "GET /offgrid_simulator/get_result/20191111131156 HTTP/1.1" 404 -
2019-11-11 14:13:03,487 - INFO - _internal - 127.0.0.1 - - [11/Nov/2019 14:13:03] "GET /offgrid_simulator/get_result/20191111131156 HTTP/1.1" 404 -
2019-11-11 14:13:06,703 - INFO - _internal - 127.0.0.1 - - [11/Nov/2019 14:13:06] "GET /offgrid_simulator/get_result/20191111131156 HTTP/1.1" 404 -
2019-11-11 14:13:09,893 - INFO - _internal - 127.0.0.1 - - [11/Nov/2019 14:13:09] "GET /offgrid_simulator/get_result/20191111131156 HTTP/1.1" 404 -
2019-11-11 14:13:12,986 - INFO - _internal - 127.0.0.1 - - [11/Nov/2019 14:13:12] "GET /offgrid_simulator/get_result/20191111131156 HTTP/1.1" 404 -
2019-11-11 14:13:16,053 - INFO - _internal - 127.0.0.1 - - [11/Nov/2019 14:13:16] "GET /offgrid_simulator/get_result/20191111131156 HTTP/1.1" 404 -
2019-11-11 14:13:19,128 - INFO - _internal - 127.0.0.1 - - [11/Nov/2019 14:13:19] "GET /offgrid_simulator/get_result/20191111131156 HTTP/1.1" 404 -
2019-11-11 14:13:22,193 - INFO - _internal - 127.0.0.1 - - [11/Nov/2019 14:13:22] "GET /offgrid_simulator/get_result/20191111131156 HTTP/1.1" 404 -
2019-11-11 14:13:25,263 - INFO - _internal - 127.0.0.1 - - [11/Nov/2019 14:13:25] "GET /offgrid_simulator/get_result/20191111131156 HTTP/1.1" 404 -
2019-11-11 14:13:28,320 - INFO - _internal - 127.0.0.1 - - [11/Nov/2019 14:13:28] "GET /offgrid_simulator/get_result/20191111131156 HTTP/1.1" 404 -
2019-11-11 14:13:31,373 - INFO - _internal - 127.0.0.1 - - [11/Nov/2019 14:13:31] "GET /offgrid_simulator/get_result/20191111131156 HTTP/1.1" 404 -
2019-11-11 14:13:34,458 - INFO - _internal - 127.0.0.1 - - [11/Nov/2019 14:13:34] "GET /offgrid_simulator/get_result/20191111131156 HTTP/1.1" 404 -
2019-11-11 14:13:37,568 - INFO - _internal - 127.0.0.1 - - [11/Nov/2019 14:13:37] "GET /offgrid_simulator/get_result/20191111131156 HTTP/1.1" 404 -
2019-11-11 14:13:41,158 - INFO - models - Optimization successful...
2019-11-11 14:13:41,188 - DEBUG - G1_oemof_create_model - Problem solved
2019-11-11 14:13:41,233 - INFO - _internal - 127.0.0.1 - - [11/Nov/2019 14:13:41] "GET /offgrid_simulator/get_result/20191111131156 HTTP/1.1" 404 -
2019-11-11 14:13:45,348 - INFO - _internal - 127.0.0.1 - - [11/Nov/2019 14:13:45] "GET /offgrid_simulator/get_result/20191111131156 HTTP/1.1" 404 -
2019-11-11 14:13:48,056 - DEBUG - energy_system - Attributes dumped to: data/outputs/20191111131156/oemof\Helgoland.oemof
2019-11-11 14:13:48,058 - DEBUG - G1_oemof_create_model - Stored results in data/outputs/20191111131156/oemof/Helgoland.oemof
2019-11-11 14:13:48,058 - DEBUG - G1_oemof_create_model - Restore the energy system and the results.
2019-11-11 14:13:48,058 - INFO - energy_system - Restoring attributes will overwrite existing attributes.
2019-11-11 14:13:48,088 - DEBUG - energy_system - Attributes restored from: data/outputs/20191111131156/oemof\Helgoland.oemof
2019-11-11 14:13:48,098 - DEBUG - G3_oemof_evaluate - Evaluate flow: demand
2019-11-11 14:13:48,129 - DEBUG - G3_oemof_evaluate - Evaluate flow: shortage
2019-11-11 14:13:48,159 - DEBUG - G3_oemof_evaluate - Evaluate excess: 
2019-11-11 14:13:48,193 - DEBUG - G3_oemof_evaluate - Evaluate flow: fuel
2019-11-11 14:13:48,197 - DEBUG - G3_oemof_evaluate - Evaluate flow: genset
2019-11-11 14:13:48,203 - DEBUG - G3_oemof_evaluate - Evaluate flow: main grid
2019-11-11 14:13:48,230 - DEBUG - G3_oemof_evaluate - Evaluate flow: wind
2019-11-11 14:13:48,233 - DEBUG - G3_oemof_evaluate - Evaluate flow: pv
2019-11-11 14:13:48,240 - DEBUG - G3_oemof_evaluate - Evaluate flow: storage
2019-11-11 14:13:48,263 - DEBUG - G3_oemof_evaluate - Evaluate flow: rectifier
2019-11-11 14:13:48,270 - DEBUG - G3_oemof_evaluate - Evaluate flow: rectifier
2019-11-11 14:13:48,278 - DEBUG - G3_oemof_evaluate - Evaluate: res share
2019-11-11 14:13:48,278 - DEBUG - G3b_plausability_tests - Plausibility test: Charge/Discharge
2019-11-11 14:13:48,278 - DEBUG - G3b_plausability_tests - Plausibility test: Demand/Supply/Shortage
2019-11-11 14:13:48,718 - DEBUG - G3b_plausability_tests - Plausibility test: Feedin/Consumption
2019-11-11 14:13:48,718 - DEBUG - G3b_plausability_tests - Plausibility test: Grid availability consumption
2019-11-11 14:13:48,718 - DEBUG - G3b_plausability_tests - Plausibility test: Grid availability/Feedin
2019-11-11 14:13:48,718 - DEBUG - G3b_plausability_tests - Plausibility test: Excess/shortage
2019-11-11 14:13:48,718 - DEBUG - G3b_plausability_tests - Plausibility test: Excess/Feedin
2019-11-11 14:13:48,893 - INFO - _internal - 127.0.0.1 - - [11/Nov/2019 14:13:48] "GET /offgrid_simulator/get_result/20191111131156 HTTP/1.1" 404 -
2019-11-11 14:13:50,923 - WARNING - G2b_constraints_custom - Stability criterion is strictly not fullfilled, but deviation is less then e6.
2019-11-11 14:13:50,923 - DEBUG - G4_output_functions - Saving flows MG.
2019-11-11 14:13:52,103 - DEBUG - _base - update_title_pos
2019-11-11 14:13:52,133 - INFO - _internal - 127.0.0.1 - - [11/Nov/2019 14:13:52] "GET /offgrid_simulator/get_result/20191111131156 HTTP/1.1" 404 -
2019-11-11 14:13:52,223 - DEBUG - font_manager - findfont: Matching :family=sans-serif:style=normal:variant=normal:weight=normal:stretch=normal:size=12.0 to DejaVu Sans ('C:\\Users\\marie\\Anaconda3\\envs\\logic\\lib\\site-packages\\matplotlib\\mpl-data\\fonts\\ttf\\DejaVuSans.ttf') with score of 0.050000.
2019-11-11 14:13:52,243 - DEBUG - _base - update_title_pos
2019-11-11 14:13:52,353 - DEBUG - _base - update_title_pos
2019-11-11 14:13:52,418 - DEBUG - _base - update_title_pos
2019-11-11 14:13:52,555 - DEBUG - _base - update_title_pos
2019-11-11 14:13:52,628 - DEBUG - _base - update_title_pos
2019-11-11 14:13:52,671 - DEBUG - _base - update_title_pos
2019-11-11 14:13:52,795 - DEBUG - _base - update_title_pos
2019-11-11 14:13:53,406 - DEBUG - _base - update_title_pos
2019-11-11 14:13:53,488 - DEBUG - _base - update_title_pos
2019-11-11 14:13:53,533 - DEBUG - _base - update_title_pos
2019-11-11 14:13:53,568 - DEBUG - _base - update_title_pos
2019-11-11 14:13:53,625 - DEBUG - _base - update_title_pos
2019-11-11 14:13:53,655 - DEBUG - _base - update_title_pos
2019-11-11 14:13:53,675 - DEBUG - _base - update_title_pos
2019-11-11 14:13:53,736 - DEBUG - _base - update_title_pos
2019-11-11 14:13:53,893 - DEBUG - G4_output_functions - Saving flows storage.
2019-11-11 14:13:53,893 - DEBUG - G3a_economic_evaluation - Economic evaluation. Calculating investment costs over analysed timeframe.
2019-11-11 14:13:53,893 - DEBUG - G3a_economic_evaluation - Economic evaluation. Calculating O&M costs over analysed timeframe.
2019-11-11 14:13:53,893 - DEBUG - G3a_economic_evaluation - Economic evaluation. Scaling investment costs and O&M to year.
2019-11-11 14:13:53,893 - DEBUG - G3a_economic_evaluation - Economic evaluation. Calculating present costs.
2019-11-11 14:13:53,893 - DEBUG - G3a_economic_evaluation - Economic evaluation. Calculating fuel consumption and expenditures.
2019-11-11 14:13:53,893 - DEBUG - G3a_economic_evaluation - Economic evaluation. Calculating shortage and expenditures.
2019-11-11 14:13:53,893 - DEBUG - G3a_economic_evaluation - Economic evaluation. Calculating main grid consumption and expenditures.
2019-11-11 14:13:53,893 - DEBUG - G3a_economic_evaluation - Economic evaluation. Calculating feeding and revenues.
2019-11-11 14:13:53,895 - INFO - G0_oemof_simulate - Simulation of case "Helgoland" resulted in : 
                  0.222 currency/kWh, at a renewable share of 31.02 percent with a reliability of 100.0 percent
2019-11-11 14:13:53,897 - INFO - G0_oemof_simulate -     Initial simulation time (s): 22.83 / Actual evaluation time (s): 90.92
2019-11-11 14:13:53,897 - DEBUG - G0_oemof_simulate -     Exact OEM results of case "Helgoland" : 
                  0 kWh battery, 3872.872 kWp PV, 0.0 kW wind, 1698.62 kW genset at a renewable share of 31.02 percent with a reliability of 100.0 percent
2019-11-11 14:13:53,897 - DEBUG - G0_oemof_simulate -     Simulation of case Helgoland complete.
2019-11-11 14:13:53,897 - DEBUG - G0_oemof_simulate - 

2019-11-11 14:13:54,128 - INFO - A_offgridders_wrapper -     Estimated simulation time left: 0.0 minutes.
2019-11-11 14:13:54,133 - INFO - A_offgridders_wrapper - 
 Simulation complete. Resulting parameters saved in "results.csv". 
 Overview over results:
2019-11-11 14:13:55,223 - INFO - _internal - 127.0.0.1 - - [11/Nov/2019 14:13:55] "GET /offgrid_simulator/get_result/20191111131156 HTTP/1.1" 200 -
2019-11-11 14:13:57,393 - INFO - _internal - 127.0.0.1 - - [11/Nov/2019 14:13:57] "GET /offgrid_simulator/daily_time_series/20191111131156/mid_summer HTTP/1.1" 500 -
2019-11-11 14:13:57,474 - ERROR - _internal - Error on request:
Traceback (most recent call last):
  File "C:\Users\marie\Anaconda3\envs\logic\lib\site-packages\werkzeug\serving.py", line 303, in run_wsgi
    execute(self.server.app)
  File "C:\Users\marie\Anaconda3\envs\logic\lib\site-packages\werkzeug\serving.py", line 291, in execute
    application_iter = app(environ, start_response)
  File "C:\Users\marie\Anaconda3\envs\logic\lib\site-packages\flask\app.py", line 2463, in __call__
    return self.wsgi_app(environ, start_response)
  File "C:\Users\marie\Anaconda3\envs\logic\lib\site-packages\flask\app.py", line 2449, in wsgi_app
    response = self.handle_exception(e)
  File "C:\Users\marie\Anaconda3\envs\logic\lib\site-packages\flask_cors\extension.py", line 161, in wrapped_function
    return cors_after_request(app.make_response(f(*args, **kwargs)))
  File "C:\Users\marie\Anaconda3\envs\logic\lib\site-packages\flask\app.py", line 1866, in handle_exception
    reraise(exc_type, exc_value, tb)
  File "C:\Users\marie\Anaconda3\envs\logic\lib\site-packages\flask\_compat.py", line 39, in reraise
    raise value
  File "C:\Users\marie\Anaconda3\envs\logic\lib\site-packages\flask\app.py", line 2446, in wsgi_app
    response = self.full_dispatch_request()
  File "C:\Users\marie\Anaconda3\envs\logic\lib\site-packages\flask\app.py", line 1951, in full_dispatch_request
    rv = self.handle_user_exception(e)
  File "C:\Users\marie\Anaconda3\envs\logic\lib\site-packages\flask_cors\extension.py", line 161, in wrapped_function
    return cors_after_request(app.make_response(f(*args, **kwargs)))
  File "C:\Users\marie\Anaconda3\envs\logic\lib\site-packages\flask\app.py", line 1820, in handle_user_exception
    reraise(exc_type, exc_value, tb)
  File "C:\Users\marie\Anaconda3\envs\logic\lib\site-packages\flask\_compat.py", line 39, in reraise
    raise value
  File "C:\Users\marie\Anaconda3\envs\logic\lib\site-packages\flask\app.py", line 1949, in full_dispatch_request
    rv = self.dispatch_request()
  File "C:\Users\marie\Anaconda3\envs\logic\lib\site-packages\flask\app.py", line 1935, in dispatch_request
    return self.view_functions[rule.endpoint](**req.view_args)
  File "C:\repositories\LOGiC\logic\offgrid_simulator\controllers.py", line 107, in get_daily_time_series
    relevant_data = time_series[settings.RELEVANT_COLUMNS].copy()
  File "C:\Users\marie\Anaconda3\envs\logic\lib\site-packages\pandas\core\frame.py", line 2682, in __getitem__
    return self._getitem_array(key)
  File "C:\Users\marie\Anaconda3\envs\logic\lib\site-packages\pandas\core\frame.py", line 2726, in _getitem_array
    indexer = self.loc._convert_to_indexer(key, axis=1)
  File "C:\Users\marie\Anaconda3\envs\logic\lib\site-packages\pandas\core\indexing.py", line 1327, in _convert_to_indexer
    .format(mask=objarr[mask]))
KeyError: "['Storage charge' 'Storage discharge'] not in index"
2019-11-11 14:13:59,728 - INFO - _internal - 127.0.0.1 - - [11/Nov/2019 14:13:59] "GET /offgrid_simulator/monthly_time_series/20191111131156 HTTP/1.1" 200 -
2019-11-11 14:14:02,003 - INFO - _internal - 127.0.0.1 - - [11/Nov/2019 14:14:02] "GET /offgrid_simulator/demand_series/20191111131156 HTTP/1.1" 200 -
2019-11-11 14:14:04,293 - INFO - _internal - 127.0.0.1 - - [11/Nov/2019 14:14:04] "POST /report/email HTTP/1.1" 404 -
2019-11-11 14:14:06,354 - INFO - _internal - 127.0.0.1 - - [11/Nov/2019 14:14:06] "GET /report/download/20191111131156 HTTP/1.1" 404 -
