******************************************************
2019-10-22 08:46:19,347 - INFO - logger - Path for logging: data/outputs/20191022064606\micro_grid_design_logfile.log
2019-10-22 08:46:19,348 - INFO - logger - Used oemof version: 0.2.2
2019-10-22 08:46:19,348 - INFO - A_offgridders_wrapper - 
 
 MICRO GRID TOOL 3.0
 Version: 19.06.2019 
 Coded by: Martha M. Hoffmann 
 Reiner Lemoine Institute (Berlin) 
 
 
2019-10-22 08:46:19,349 - INFO - C_sensitivity_experiments - Parameters of sensitivity analysis
2019-10-22 08:46:19,382 - INFO - C_sensitivity_experiments - Randomized blackout timeseries for all combinations of blackout duration and frequency (1 experiments) will be generated.
2019-10-22 08:46:19,550 - DEBUG - C_sensitivity_experiments - Generating header for results.csv
2019-10-22 08:46:19,583 - INFO - C_sensitivity_experiments - For 1 project sites with 1 scenarios each, 1 sensitivity_experiment_s will be performed for each case.
2019-10-22 08:46:19,626 - INFO - E_blackouts_central_grid - Blackout experiment 1: Blackout duration 2.5 hrs, blackout frequency 0 per month
2019-10-22 08:46:19,628 - INFO - E_blackouts_central_grid - Number of blackouts in simulated timeframe: 0
2019-10-22 08:46:19,631 - INFO - E_blackouts_central_grid - Grid is not operational for 0 hours, with a reliability of 100.0 percent. 

2019-10-22 08:46:19,659 - INFO - E_blackouts_central_grid - Missing blackout timeseries added through auto-generation.
2019-10-22 08:46:22,806 - DEBUG - A_offgridders_wrapper - Using grid availability timeseries that was randomly generated.
2019-10-22 08:46:22,806 - INFO - A_offgridders_wrapper - Starting simulation, project site test_site.
2019-10-22 08:46:22,806 - DEBUG - G1_oemof_create_model - Complete case dictionary:
2019-10-22 08:46:22,806 - DEBUG - G1_oemof_create_model - {'case_name': 'hoevelaken', 'filename': 'hoevelaken', 'total_demand_ac': 35000.00000000003, 'total_demand_dc': 0.0, 'peak_demand': 5.665948672643064, 'evaluated_days': 365, 'genset_with_minimal_loading': False, 'storage_fixed_capacity': False, 'storage_fixed_power': False, 'genset_fixed_capacity': False, 'pv_fixed_capacity': False, 'pcc_consumption_fixed_capacity': None, 'pcc_feedin_fixed_capacity': None, 'wind_fixed_capacity': False, 'rectifier_ac_dc_fixed_capacity': False, 'inverter_dc_ac_fixed_capacity': False, 'allow_shortage': True, 'max_shortage': 0, 'stability_constraint': 'share_hybrid', 'renewable_share_constraint': False, 'number_of_equal_generators': 1, 'evaluation_perspective': 'AC_system', 'force_charge_from_maingrid': False, 'discharge_only_when_blackout': False, 'enable_inverter_only_at_backout': False}
2019-10-22 08:46:22,807 - DEBUG - G1_oemof_create_model - Create oemof model by adding case-specific busses and components.
2019-10-22 08:46:22,808 - DEBUG - G1_oemof_create_model - Added to oemof model: Electricity bus of energy system, AC
2019-10-22 08:46:22,808 - DEBUG - G2a_oemof_busses_and_componets - Added to oemof model: demand AC
2019-10-22 08:46:22,813 - DEBUG - G1_oemof_create_model - Added to oemof model: Fuel bus
2019-10-22 08:46:22,815 - DEBUG - G2a_oemof_busses_and_componets - Added to oemof model: source fuel
2019-10-22 08:46:22,816 - DEBUG - G2a_oemof_busses_and_componets - Added to oemof model: genset oem no minload
2019-10-22 08:46:22,817 - DEBUG - G2a_oemof_busses_and_componets - Added to oemof model: wind
2019-10-22 08:46:22,820 - DEBUG - G1_oemof_create_model - Added to oemof model: Electricity bus of energy system, DC
2019-10-22 08:46:22,820 - DEBUG - G2a_oemof_busses_and_componets - Added to oemof model: demand DC
2019-10-22 08:46:22,821 - DEBUG - G2a_oemof_busses_and_componets - Added to oemof model: pv oem
2019-10-22 08:46:22,821 - DEBUG - G2a_oemof_busses_and_componets - Added to oemof model: storage oem
2019-10-22 08:46:22,822 - DEBUG - G2a_oemof_busses_and_componets - Added to oemof model: rectifier oem
2019-10-22 08:46:22,823 - DEBUG - G2a_oemof_busses_and_componets - Added to oemof model: inverter_dc_ac oem
2019-10-22 08:46:22,824 - DEBUG - G2a_oemof_busses_and_componets - Added to oemof model: excess
2019-10-22 08:46:22,824 - DEBUG - G2a_oemof_busses_and_componets - Added to oemof model: source shortage
2019-10-22 08:46:22,824 - DEBUG - G1_oemof_create_model - Create oemof model based on created components and busses.
2019-10-22 08:46:40,069 - INFO - G1_oemof_create_model - Added constraint: Stability though actual generation of diesel generators and backup through batteries.
2019-10-22 08:46:44,423 - INFO - G1_oemof_create_model - Simulating...
2019-10-22 08:47:41,329 - INFO - models - Optimization successful...
2019-10-22 08:47:41,345 - DEBUG - G1_oemof_create_model - Problem solved
2019-10-22 08:47:46,233 - DEBUG - energy_system - Attributes dumped to: data/outputs/20191022064606/oemof\hoevelaken.oemof
2019-10-22 08:47:46,233 - DEBUG - G1_oemof_create_model - Stored results in data/outputs/20191022064606/oemof/hoevelaken.oemof
2019-10-22 08:47:46,233 - DEBUG - G1_oemof_create_model - Restore the energy system and the results.
2019-10-22 08:47:46,234 - INFO - energy_system - Restoring attributes will overwrite existing attributes.
2019-10-22 08:47:46,271 - DEBUG - energy_system - Attributes restored from: data/outputs/20191022064606/oemof\hoevelaken.oemof
2019-10-22 08:47:46,278 - DEBUG - G3_oemof_evaluate - Evaluate flow: demand
2019-10-22 08:47:46,293 - DEBUG - G3_oemof_evaluate - Evaluate flow: shortage
2019-10-22 08:47:46,311 - DEBUG - G3_oemof_evaluate - Evaluate excess: 
2019-10-22 08:47:46,327 - DEBUG - G3_oemof_evaluate - Evaluate flow: fuel
2019-10-22 08:47:46,328 - DEBUG - G3_oemof_evaluate - Evaluate flow: genset
2019-10-22 08:47:46,331 - DEBUG - G3_oemof_evaluate - Evaluate flow: main grid
2019-10-22 08:47:46,344 - DEBUG - G3_oemof_evaluate - Evaluate flow: wind
2019-10-22 08:47:46,346 - DEBUG - G3_oemof_evaluate - Evaluate flow: pv
2019-10-22 08:47:46,350 - DEBUG - G3_oemof_evaluate - Evaluate flow: storage
2019-10-22 08:47:46,369 - DEBUG - G3_oemof_evaluate - Evaluate flow: rectifier
2019-10-22 08:47:46,374 - DEBUG - G3_oemof_evaluate - Evaluate flow: rectifier
2019-10-22 08:47:46,379 - DEBUG - G3_oemof_evaluate - Evaluate: res share
2019-10-22 08:47:46,379 - DEBUG - G3b_plausability_tests - Plausibility test: Charge/Discharge
2019-10-22 08:47:46,481 - DEBUG - G3b_plausability_tests - Plausibility test: Demand/Supply/Shortage
2019-10-22 08:47:46,721 - DEBUG - G3b_plausability_tests - Plausibility test: Feedin/Consumption
2019-10-22 08:47:46,721 - DEBUG - G3b_plausability_tests - Plausibility test: Grid availability consumption
2019-10-22 08:47:46,721 - DEBUG - G3b_plausability_tests - Plausibility test: Grid availability/Feedin
2019-10-22 08:47:46,721 - DEBUG - G3b_plausability_tests - Plausibility test: Excess/shortage
2019-10-22 08:47:46,722 - DEBUG - G3b_plausability_tests - Plausibility test: Excess/Feedin
2019-10-22 08:47:48,267 - WARNING - G2b_constraints_custom - Stability criterion is strictly not fullfilled, but deviation is less then e6.
2019-10-22 08:47:48,268 - DEBUG - G4_output_functions - Saving flows MG.
2019-10-22 08:47:49,028 - DEBUG - _base - update_title_pos
2019-10-22 08:47:49,121 - DEBUG - font_manager - findfont: Matching :family=sans-serif:style=normal:variant=normal:weight=normal:stretch=normal:size=12.0 to DejaVu Sans ('C:\\Users\\bindu\\AppData\\Roaming\\Python\\Python36\\site-packages\\matplotlib\\mpl-data\\fonts\\ttf\\DejaVuSans.ttf') with score of 0.050000.
2019-10-22 08:47:49,144 - DEBUG - _base - update_title_pos
2019-10-22 08:47:49,250 - DEBUG - _base - update_title_pos
2019-10-22 08:47:49,308 - DEBUG - _base - update_title_pos
2019-10-22 08:47:49,418 - DEBUG - _base - update_title_pos
2019-10-22 08:47:49,482 - DEBUG - _base - update_title_pos
2019-10-22 08:47:49,520 - DEBUG - _base - update_title_pos
2019-10-22 08:47:49,636 - DEBUG - _base - update_title_pos
2019-10-22 08:47:50,003 - DEBUG - _base - update_title_pos
2019-10-22 08:47:50,054 - DEBUG - _base - update_title_pos
2019-10-22 08:47:50,098 - DEBUG - _base - update_title_pos
2019-10-22 08:47:50,117 - DEBUG - _base - update_title_pos
2019-10-22 08:47:50,151 - DEBUG - _base - update_title_pos
2019-10-22 08:47:50,171 - DEBUG - _base - update_title_pos
2019-10-22 08:47:50,186 - DEBUG - _base - update_title_pos
2019-10-22 08:47:50,228 - DEBUG - _base - update_title_pos
2019-10-22 08:47:50,337 - DEBUG - G4_output_functions - Saving flows storage.
2019-10-22 08:47:50,689 - DEBUG - _base - update_title_pos
2019-10-22 08:47:50,851 - DEBUG - _base - update_title_pos
2019-10-22 08:47:50,936 - DEBUG - _base - update_title_pos
2019-10-22 08:47:50,973 - DEBUG - _base - update_title_pos
2019-10-22 08:47:51,288 - DEBUG - _base - update_title_pos
2019-10-22 08:47:51,349 - DEBUG - _base - update_title_pos
2019-10-22 08:47:51,375 - DEBUG - _base - update_title_pos
2019-10-22 08:47:51,391 - DEBUG - _base - update_title_pos
2019-10-22 08:47:51,512 - DEBUG - G3a_economic_evaluation - Economic evaluation. Calculating investment costs over analysed timeframe.
2019-10-22 08:47:51,512 - DEBUG - G3a_economic_evaluation - Economic evaluation. Calculating O&M costs over analysed timeframe.
2019-10-22 08:47:51,512 - DEBUG - G3a_economic_evaluation - Economic evaluation. Scaling investment costs and O&M to year.
2019-10-22 08:47:51,512 - DEBUG - G3a_economic_evaluation - Economic evaluation. Calculating present costs.
2019-10-22 08:47:51,512 - DEBUG - G3a_economic_evaluation - Economic evaluation. Calculating fuel consumption and expenditures.
2019-10-22 08:47:51,512 - DEBUG - G3a_economic_evaluation - Economic evaluation. Calculating shortage and expenditures.
2019-10-22 08:47:51,513 - INFO - G0_oemof_simulate - Simulation of case "hoevelaken" resulted in : 
                  0.433 currency/kWh, at a renewable share of 79.17 percent with a reliability of 100.0 percent
2019-10-22 08:47:51,513 - INFO - G0_oemof_simulate -     Initial simulation time (s): 40.17 / Actual evaluation time (s): 88.71
2019-10-22 08:47:51,513 - DEBUG - G0_oemof_simulate -     Exact OEM results of case "hoevelaken" : 
                  8.274 kWh battery, 0.0 kWp PV, 21.269 kW wind, 3.542 kW genset at a renewable share of 79.17 percent with a reliability of 100.0 percent
2019-10-22 08:47:51,513 - DEBUG - G0_oemof_simulate -     Simulation of case hoevelaken complete.
2019-10-22 08:47:51,513 - DEBUG - G0_oemof_simulate - 

2019-10-22 08:47:51,630 - INFO - A_offgridders_wrapper -     Estimated simulation time left: 0.0 minutes.
2019-10-22 08:47:51,630 - INFO - A_offgridders_wrapper - 
 Simulation complete. Resulting parameters saved in "results.csv". 
 Overview over results:
2019-10-22 08:47:51,633 - INFO - _internal - 127.0.0.1 - - [22/Oct/2019 08:47:51] "GET /offgrid_simulator/ HTTP/1.1" 200 -
2019-10-22 08:57:03,064 - INFO - _internal - 127.0.0.1 - - [22/Oct/2019 08:57:03] "GET /offgrid_simulator/get_result/20191022064606 HTTP/1.1" 200 -
2019-10-22 08:57:30,105 - INFO - _internal - 127.0.0.1 - - [22/Oct/2019 08:57:30] "GET /offgrid_simulator/daily_time_series/20191022064606/mid_summer HTTP/1.1" 200 -
