******************************************************
2019-10-21 09:26:20,385 - INFO - logger - Path for logging: data/outputs/20191021072609/micro_grid_design_logfile.log
2019-10-21 09:26:20,386 - INFO - logger - Used oemof version: 0.2.2
2019-10-21 09:26:20,386 - INFO - A_offgridders_wrapper - 
 
 MICRO GRID TOOL 3.0
 Version: 19.06.2019 
 Coded by: Martha M. Hoffmann 
 Reiner Lemoine Institute (Berlin) 
 
 
2019-10-21 09:26:20,388 - INFO - C_sensitivity_experiments - Parameters of sensitivity analysis
2019-10-21 09:26:20,391 - INFO - C_sensitivity_experiments - Randomized blackout timeseries for all combinations of blackout duration and frequency (1 experiments) will be generated.
2019-10-21 09:26:20,580 - DEBUG - C_sensitivity_experiments - Generating header for results.csv
2019-10-21 09:26:20,623 - INFO - C_sensitivity_experiments - For 1 project sites with 1 scenarios each, 1 sensitivity_experiment_s will be performed for each case.
2019-10-21 09:26:20,628 - INFO - E_blackouts_central_grid - Blackout experiment 1: Blackout duration 2.5 hrs, blackout frequency 0 per month
2019-10-21 09:26:20,653 - INFO - E_blackouts_central_grid - Number of blackouts in simulated timeframe: 0
2019-10-21 09:26:20,653 - INFO - E_blackouts_central_grid - Grid is not operational for 0 hours, with a reliability of 100.0 percent. 

2019-10-21 09:26:20,675 - INFO - E_blackouts_central_grid - Missing blackout timeseries added through auto-generation.
2019-10-21 09:26:28,281 - DEBUG - A_offgridders_wrapper - Using grid availability timeseries that was randomly generated.
2019-10-21 09:26:28,281 - INFO - A_offgridders_wrapper - Starting simulation, project site test_site.
2019-10-21 09:26:28,281 - DEBUG - G1_oemof_create_model - Complete case dictionary:
2019-10-21 09:26:28,281 - DEBUG - G1_oemof_create_model - {'case_name': 'hoevelaken', 'filename': 'hoevelaken', 'total_demand_ac': 512.7284923996475, 'total_demand_dc': 0.0, 'peak_demand': 5.382346945312058, 'evaluated_days': 5, 'genset_with_minimal_loading': False, 'storage_fixed_capacity': False, 'storage_fixed_power': False, 'genset_fixed_capacity': False, 'pv_fixed_capacity': False, 'pcc_consumption_fixed_capacity': None, 'pcc_feedin_fixed_capacity': None, 'wind_fixed_capacity': False, 'rectifier_ac_dc_fixed_capacity': False, 'inverter_dc_ac_fixed_capacity': False, 'allow_shortage': True, 'max_shortage': 0, 'stability_constraint': 'share_hybrid', 'renewable_share_constraint': False, 'number_of_equal_generators': 1, 'evaluation_perspective': 'AC_system', 'force_charge_from_maingrid': False, 'discharge_only_when_blackout': False, 'enable_inverter_only_at_backout': False}
2019-10-21 09:26:28,282 - DEBUG - G1_oemof_create_model - Create oemof model by adding case-specific busses and components.
2019-10-21 09:26:28,285 - DEBUG - G1_oemof_create_model - Added to oemof model: Electricity bus of energy system, AC
2019-10-21 09:26:28,285 - DEBUG - G2a_oemof_busses_and_componets - Added to oemof model: demand AC
2019-10-21 09:26:28,301 - DEBUG - G1_oemof_create_model - Added to oemof model: Fuel bus
2019-10-21 09:26:28,305 - DEBUG - G2a_oemof_busses_and_componets - Added to oemof model: source fuel
2019-10-21 09:26:28,308 - DEBUG - G2a_oemof_busses_and_componets - Added to oemof model: genset oem no minload
2019-10-21 09:26:28,311 - DEBUG - G2a_oemof_busses_and_componets - Added to oemof model: wind
2019-10-21 09:26:28,315 - DEBUG - G1_oemof_create_model - Added to oemof model: Electricity bus of energy system, DC
2019-10-21 09:26:28,316 - DEBUG - G2a_oemof_busses_and_componets - Added to oemof model: demand DC
2019-10-21 09:26:28,316 - DEBUG - G2a_oemof_busses_and_componets - Added to oemof model: pv oem
2019-10-21 09:26:28,318 - DEBUG - G2a_oemof_busses_and_componets - Added to oemof model: storage oem
2019-10-21 09:26:28,319 - DEBUG - G2a_oemof_busses_and_componets - Added to oemof model: rectifier oem
2019-10-21 09:26:28,323 - DEBUG - G2a_oemof_busses_and_componets - Added to oemof model: inverter_dc_ac oem
2019-10-21 09:26:28,324 - DEBUG - G2a_oemof_busses_and_componets - Added to oemof model: excess
2019-10-21 09:26:28,324 - DEBUG - G2a_oemof_busses_and_componets - Added to oemof model: source shortage
2019-10-21 09:26:28,325 - DEBUG - G1_oemof_create_model - Create oemof model based on created components and busses.
2019-10-21 09:26:28,645 - INFO - G1_oemof_create_model - Added constraint: Stability though actual generation of diesel generators and backup through batteries.
2019-10-21 09:26:28,724 - INFO - G1_oemof_create_model - Simulating...
2019-10-21 09:26:29,742 - INFO - models - Optimization successful...
2019-10-21 09:26:29,743 - DEBUG - G1_oemof_create_model - Problem solved
2019-10-21 09:26:30,097 - DEBUG - energy_system - Attributes dumped to: data/outputs/20191021072609/oemof/hoevelaken.oemof
2019-10-21 09:26:30,097 - DEBUG - G1_oemof_create_model - Stored results in data/outputs/20191021072609/oemof/hoevelaken.oemof
2019-10-21 09:26:30,097 - DEBUG - G1_oemof_create_model - Restore the energy system and the results.
2019-10-21 09:26:30,098 - INFO - energy_system - Restoring attributes will overwrite existing attributes.
2019-10-21 09:26:30,111 - DEBUG - energy_system - Attributes restored from: data/outputs/20191021072609/oemof/hoevelaken.oemof
2019-10-21 09:26:30,119 - DEBUG - G3_oemof_evaluate - Evaluate flow: demand
2019-10-21 09:26:30,126 - DEBUG - G3_oemof_evaluate - Evaluate flow: shortage
2019-10-21 09:26:30,134 - DEBUG - G3_oemof_evaluate - Evaluate excess: 
2019-10-21 09:26:30,142 - DEBUG - G3_oemof_evaluate - Evaluate flow: fuel
2019-10-21 09:26:30,144 - DEBUG - G3_oemof_evaluate - Evaluate flow: genset
2019-10-21 09:26:30,149 - DEBUG - G3_oemof_evaluate - Evaluate flow: main grid
2019-10-21 09:26:30,154 - DEBUG - G3_oemof_evaluate - Evaluate flow: wind
2019-10-21 09:26:30,157 - DEBUG - G3_oemof_evaluate - Evaluate flow: pv
2019-10-21 09:26:30,162 - DEBUG - G3_oemof_evaluate - Evaluate flow: storage
2019-10-21 09:26:30,178 - DEBUG - G3_oemof_evaluate - Evaluate flow: rectifier
2019-10-21 09:26:30,183 - DEBUG - G3_oemof_evaluate - Evaluate flow: rectifier
2019-10-21 09:26:30,189 - DEBUG - G3_oemof_evaluate - Evaluate: res share
2019-10-21 09:26:30,189 - DEBUG - G3b_plausability_tests - Plausibility test: Charge/Discharge
2019-10-21 09:26:30,194 - DEBUG - G3b_plausability_tests - Plausibility test: Demand/Supply/Shortage
2019-10-21 09:26:30,200 - DEBUG - G3b_plausability_tests - Plausibility test: Feedin/Consumption
2019-10-21 09:26:30,200 - DEBUG - G3b_plausability_tests - Plausibility test: Grid availability consumption
2019-10-21 09:26:30,200 - DEBUG - G3b_plausability_tests - Plausibility test: Grid availability/Feedin
2019-10-21 09:26:30,200 - DEBUG - G3b_plausability_tests - Plausibility test: Excess/shortage
2019-10-21 09:26:30,200 - DEBUG - G3b_plausability_tests - Plausibility test: Excess/Feedin
2019-10-21 09:26:30,234 - WARNING - G2b_constraints_custom - Stability criterion is strictly not fullfilled, but deviation is less then e6.
2019-10-21 09:26:30,234 - DEBUG - G4_output_functions - Saving flows MG.
2019-10-21 09:26:30,567 - DEBUG - _base - update_title_pos
2019-10-21 09:26:30,624 - DEBUG - font_manager - findfont: Matching :family=sans-serif:style=normal:variant=normal:weight=normal:stretch=normal:size=12.0 to DejaVu Sans ('/home/cabbage/anaconda3/envs/logic-fork/lib/python3.6/site-packages/matplotlib/mpl-data/fonts/ttf/DejaVuSans.ttf') with score of 0.050000.
2019-10-21 09:26:30,668 - DEBUG - _base - update_title_pos
2019-10-21 09:26:30,751 - DEBUG - _base - update_title_pos
2019-10-21 09:26:30,787 - DEBUG - _base - update_title_pos
2019-10-21 09:26:30,838 - DEBUG - _base - update_title_pos
2019-10-21 09:26:30,865 - DEBUG - _base - update_title_pos
2019-10-21 09:26:30,887 - DEBUG - _base - update_title_pos
2019-10-21 09:26:30,968 - DEBUG - _base - update_title_pos
2019-10-21 09:26:31,339 - DEBUG - _base - update_title_pos
2019-10-21 09:26:31,421 - DEBUG - _base - update_title_pos
2019-10-21 09:26:31,536 - DEBUG - _base - update_title_pos
2019-10-21 09:26:31,562 - DEBUG - _base - update_title_pos
2019-10-21 09:26:31,607 - DEBUG - _base - update_title_pos
2019-10-21 09:26:31,631 - DEBUG - _base - update_title_pos
2019-10-21 09:26:31,652 - DEBUG - _base - update_title_pos
2019-10-21 09:26:31,700 - DEBUG - _base - update_title_pos
2019-10-21 09:26:31,888 - DEBUG - G4_output_functions - Saving flows storage.
2019-10-21 09:26:31,980 - DEBUG - _base - update_title_pos
2019-10-21 09:26:32,129 - DEBUG - _base - update_title_pos
2019-10-21 09:26:32,171 - DEBUG - _base - update_title_pos
2019-10-21 09:26:32,196 - DEBUG - _base - update_title_pos
2019-10-21 09:26:32,478 - DEBUG - _base - update_title_pos
2019-10-21 09:26:32,614 - DEBUG - _base - update_title_pos
2019-10-21 09:26:32,657 - DEBUG - _base - update_title_pos
2019-10-21 09:26:32,682 - DEBUG - _base - update_title_pos
2019-10-21 09:26:32,913 - DEBUG - G3a_economic_evaluation - Economic evaluation. Calculating investment costs over analysed timeframe.
2019-10-21 09:26:32,913 - DEBUG - G3a_economic_evaluation - Economic evaluation. Calculating O&M costs over analysed timeframe.
2019-10-21 09:26:32,913 - DEBUG - G3a_economic_evaluation - Economic evaluation. Scaling investment costs and O&M to year.
2019-10-21 09:26:32,913 - DEBUG - G3a_economic_evaluation - Economic evaluation. Calculating present costs.
2019-10-21 09:26:32,914 - DEBUG - G3a_economic_evaluation - Economic evaluation. Calculating fuel consumption and expenditures.
2019-10-21 09:26:32,914 - DEBUG - G3a_economic_evaluation - Economic evaluation. Calculating shortage and expenditures.
2019-10-21 09:26:32,914 - INFO - G0_oemof_simulate - Simulation of case "hoevelaken" resulted in : 
                  0.251 currency/kWh, at a renewable share of 97.5 percent with a reliability of 100.0 percent
2019-10-21 09:26:32,914 - INFO - G0_oemof_simulate -     Initial simulation time (s): 0.09 / Actual evaluation time (s): 4.63
2019-10-21 09:26:32,914 - DEBUG - G0_oemof_simulate -     Exact OEM results of case "hoevelaken" : 
                  14.987 kWh battery, 0.0 kWp PV, 18.467 kW wind, 0.407 kW genset at a renewable share of 97.5 percent with a reliability of 100.0 percent
2019-10-21 09:26:32,914 - DEBUG - G0_oemof_simulate -     Simulation of case hoevelaken complete.
2019-10-21 09:26:32,914 - DEBUG - G0_oemof_simulate - 

2019-10-21 09:26:32,990 - INFO - A_offgridders_wrapper -     Estimated simulation time left: 0.0 minutes.
2019-10-21 09:26:32,990 - INFO - A_offgridders_wrapper - 
 Simulation complete. Resulting parameters saved in "results.csv". 
 Overview over results:
2019-10-21 09:26:32,992 - INFO - _internal - 127.0.0.1 - - [21/Oct/2019 09:26:32] "GET /offgrid_simulator/ HTTP/1.1" 200 -
2019-10-21 09:26:41,207 - INFO - _internal - 127.0.0.1 - - [21/Oct/2019 09:26:41] "GET /offgrid_simulator/get_result/20191021072609 HTTP/1.1" 200 -
